<Event xmlns='http://schemas.microsoft.com/win/2004/08/events/event'><System><Provider Name='Microsoft-Windows-Security-Auditing' Guid='{54849625-5478-4994-a5ba-3e3b0328c30d}'/><EventID>4672</EventID><Version>0</Version><Level>0</Level><Task>12548</Task><Opcode>0</Opcode><Keywords>0x8020000000000000</Keywords><TimeCreated SystemTime='2023-06-04T05:47:47.5098208Z'/><EventRecordID>506456</EventRecordID><Correlation/><Execution ProcessID='860' ThreadID='7856'/><Channel>Security</Channel><Computer>DESKTOP-1LIHC4I</Computer><Security/></System><EventData><Data Name='SubjectUserSid'>S-1-5-21-2384755564-1941788603-3002086374-1001</Data><Data Name='SubjectUserName'>hieubilam20@gmail.com</Data><Data Name='SubjectDomainName'>MicrosoftAccount</Data><Data Name='SubjectLogonId'>0xe0f258</Data><Data Name='PrivilegeList'>SeSecurityPrivilege</Data></EventData></Event>
<Event xmlns='http://schemas.microsoft.com/win/2004/08/events/event'><System><Provider Name='Microsoft-Windows-Security-Auditing' Guid='{54849625-5478-4994-a5ba-3e3b0328c30d}'/><EventID>4634</EventID><Version>0</Version><Level>0</Level><Task>12545</Task><Opcode>0</Opcode><Keywords>0x8020000000000000</Keywords><TimeCreated SystemTime='2023-06-04T05:47:47.5102067Z'/><EventRecordID>506457</EventRecordID><Correlation/><Execution ProcessID='860' ThreadID='18100'/><Channel>Security</Channel><Computer>DESKTOP-1LIHC4I</Computer><Security/></System><EventData><Data Name='TargetUserSid'>S-1-5-21-2384755564-1941788603-3002086374-1001</Data><Data Name='TargetUserName'>Louki</Data><Data Name='TargetDomainName'>DESKTOP-1LIHC4I</Data><Data Name='TargetLogonId'>0xe0f258</Data><Data Name='LogonType'>7</Data></EventData></Event>
<Event xmlns='http://schemas.microsoft.com/win/2004/08/events/event'><System><Provider Name='Microsoft-Windows-Security-Auditing' Guid='{54849625-5478-4994-a5ba-3e3b0328c30d}'/><EventID>4634</EventID><Version>0</Version><Level>0</Level><Task>12545</Task><Opcode>0</Opcode><Keywords>0x8020000000000000</Keywords><TimeCreated SystemTime='2023-06-04T05:47:47.5104072Z'/><EventRecordID>506458</EventRecordID><Correlation/><Execution ProcessID='860' ThreadID='18100'/><Channel>Security</Channel><Computer>DESKTOP-1LIHC4I</Computer><Security/></System><EventData><Data Name='TargetUserSid'>S-1-5-21-2384755564-1941788603-3002086374-1001</Data><Data Name='TargetUserName'>Louki</Data><Data Name='TargetDomainName'>DESKTOP-1LIHC4I</Data><Data Name='TargetLogonId'>0xe0d966</Data><Data Name='LogonType'>2</Data></EventData></Event>
<Event xmlns='http://schemas.microsoft.com/win/2004/08/events/event'><System><Provider Name='Microsoft-Windows-Security-Auditing' Guid='{54849625-5478-4994-a5ba-3e3b0328c30d}'/><EventID>4634</EventID><Version>0</Version><Level>0</Level><Task>12545</Task><Opcode>0</Opcode><Keywords>0x8020000000000000</Keywords><TimeCreated SystemTime='2023-06-04T05:47:47.5105179Z'/><EventRecordID>506459</EventRecordID><Correlation/><Execution ProcessID='860' ThreadID='18100'/><Channel>Security</Channel><Computer>DESKTOP-1LIHC4I</Computer><Security/></System><EventData><Data Name='TargetUserSid'>S-1-5-21-2384755564-1941788603-3002086374-1001</Data><Data Name='TargetUserName'>Louki</Data><Data Name='TargetDomainName'>DESKTOP-1LIHC4I</Data><Data Name='TargetLogonId'>0xe0f17e</Data><Data Name='LogonType'>7</Data></EventData></Event>
<Event xmlns='http://schemas.microsoft.com/win/2004/08/events/event'><System><Provider Name='Microsoft-Windows-Security-Auditing' Guid='{54849625-5478-4994-a5ba-3e3b0328c30d}'/><EventID>4634</EventID><Version>0</Version><Level>0</Level><Task>12545</Task><Opcode>0</Opcode><Keywords>0x8020000000000000</Keywords><TimeCreated SystemTime='2023-06-04T05:47:47.5106618Z'/><EventRecordID>506460</EventRecordID><Correlation/><Execution ProcessID='860' ThreadID='18100'/><Channel>Security</Channel><Computer>DESKTOP-1LIHC4I</Computer><Security/></System><EventData><Data Name='TargetUserSid'>S-1-5-21-2384755564-1941788603-3002086374-1001</Data><Data Name='TargetUserName'>Louki</Data><Data Name='TargetDomainName'>DESKTOP-1LIHC4I</Data><Data Name='TargetLogonId'>0xe0d920</Data><Data Name='LogonType'>2</Data></EventData></Event>
<Event xmlns='http://schemas.microsoft.com/win/2004/08/events/event'><System><Provider Name='Microsoft-Windows-Security-Auditing' Guid='{54849625-5478-4994-a5ba-3e3b0328c30d}'/><EventID>4798</EventID><Version>0</Version><Level>0</Level><Task>13824</Task><Opcode>0</Opcode><Keywords>0x8020000000000000</Keywords><TimeCreated SystemTime='2023-06-04T05:47:51.4773716Z'/><EventRecordID>506461</EventRecordID><Correlation ActivityID='{0a4ce6a1-9699-0002-39e7-4c0a9996d901}'/><Execution ProcessID='860' ThreadID='11524'/><Channel>Security</Channel><Computer>DESKTOP-1LIHC4I</Computer><Security/></System><EventData><Data Name='TargetUserName'>Louki</Data><Data Name='TargetDomainName'>DESKTOP-1LIHC4I</Data><Data Name='TargetSid'>S-1-5-21-2384755564-1941788603-3002086374-1001</Data><Data Name='SubjectUserSid'>S-1-5-21-2384755564-1941788603-3002086374-1001</Data><Data Name='SubjectUserName'>Louki</Data><Data Name='SubjectDomainName'>DESKTOP-1LIHC4I</Data><Data Name='SubjectLogonId'>0x2d243</Data><Data Name='CallerProcessId'>0x1f8c</Data><Data Name='CallerProcessName'>C:\Program Files\Git\usr\bin\sh.exe</Data></EventData></Event>
<Event xmlns='http://schemas.microsoft.com/win/2004/08/events/event'><System><Provider Name='Microsoft-Windows-Security-Auditing' Guid='{54849625-5478-4994-a5ba-3e3b0328c30d}'/><EventID>5379</EventID><Version>0</Version><Level>0</Level><Task>13824</Task><Opcode>0</Opcode><Keywords>0x8020000000000000</Keywords><TimeCreated SystemTime='2023-06-04T05:47:51.9702794Z'/><EventRecordID>506462</EventRecordID><Correlation ActivityID='{0a4ce6a1-9699-0002-39e7-4c0a9996d901}'/><Execution ProcessID='860' ThreadID='11524'/><Channel>Security</Channel><Computer>DESKTOP-1LIHC4I</Computer><Security/></System><EventData><Data Name='SubjectUserSid'>S-1-5-21-2384755564-1941788603-3002086374-1001</Data><Data Name='SubjectUserName'>Louki</Data><Data Name='SubjectDomainName'>DESKTOP-1LIHC4I</Data><Data Name='SubjectLogonId'>0x2d243</Data><Data Name='TargetName'></Data><Data Name='Type'>0</Data><Data Name='CountOfCredentialsReturned'>23</Data><Data Name='ReadOperation'>%%8100</Data><Data Name='ReturnCode'>0</Data><Data Name='ProcessCreationTime'>2023-06-04T05:47:51.5075822Z</Data><Data Name='ClientProcessId'>11600</Data></EventData></Event>
<Event xmlns='http://schemas.microsoft.com/win/2004/08/events/event'><System><Provider Name='Microsoft-Windows-Security-Auditing' Guid='{54849625-5478-4994-a5ba-3e3b0328c30d}'/><EventID>4798</EventID><Version>0</Version><Level>0</Level><Task>13824</Task><Opcode>0</Opcode><Keywords>0x8020000000000000</Keywords><TimeCreated SystemTime='2023-06-04T05:47:52.4892469Z'/><EventRecordID>506463</EventRecordID><Correlation ActivityID='{0a4ce6a1-9699-0002-39e7-4c0a9996d901}'/><Execution ProcessID='860' ThreadID='2368'/><Channel>Security</Channel><Computer>DESKTOP-1LIHC4I</Computer><Security/></System><EventData><Data Name='TargetUserName'>Louki</Data><Data Name='TargetDomainName'>DESKTOP-1LIHC4I</Data><Data Name='TargetSid'>S-1-5-21-2384755564-1941788603-3002086374-1001</Data><Data Name='SubjectUserSid'>S-1-5-21-2384755564-1941788603-3002086374-1001</Data><Data Name='SubjectUserName'>Louki</Data><Data Name='SubjectDomainName'>DESKTOP-1LIHC4I</Data><Data Name='SubjectLogonId'>0x2d243</Data><Data Name='CallerProcessId'>0x3dd4</Data><Data Name='CallerProcessName'>C:\Program Files\Git\usr\bin\sh.exe</Data></EventData></Event>
<Event xmlns='http://schemas.microsoft.com/win/2004/08/events/event'><System><Provider Name='Microsoft-Windows-Security-Auditing' Guid='{54849625-5478-4994-a5ba-3e3b0328c30d}'/><EventID>5379</EventID><Version>0</Version><Level>0</Level><Task>13824</Task><Opcode>0</Opcode><Keywords>0x8020000000000000</Keywords><TimeCreated SystemTime='2023-06-04T05:47:53.0735198Z'/><EventRecordID>506464</EventRecordID><Correlation ActivityID='{0a4ce6a1-9699-0002-39e7-4c0a9996d901}'/><Execution ProcessID='860' ThreadID='11524'/><Channel>Security</Channel><Computer>DESKTOP-1LIHC4I</Computer><Security/></System><EventData><Data Name='SubjectUserSid'>S-1-5-21-2384755564-1941788603-3002086374-1001</Data><Data Name='SubjectUserName'>Louki</Data><Data Name='SubjectDomainName'>DESKTOP-1LIHC4I</Data><Data Name='SubjectLogonId'>0x2d243</Data><Data Name='TargetName'>git:https://github.com</Data><Data Name='Type'>1</Data><Data Name='CountOfCredentialsReturned'>1</Data><Data Name='ReadOperation'>%%8099</Data><Data Name='ReturnCode'>0</Data><Data Name='ProcessCreationTime'>2023-06-04T05:47:52.5282141Z</Data><Data Name='ClientProcessId'>7928</Data></EventData></Event>
<Event xmlns='http://schemas.microsoft.com/win/2004/08/events/event'><System><Provider Name='MSSQLSERVER'/><EventID Qualifiers='16384'>17890</EventID><Version>0</Version><Level>4</Level><Task>2</Task><Opcode>0</Opcode><Keywords>0x80000000000000</Keywords><TimeCreated SystemTime='2023-06-04T05:48:30.3691632Z'/><EventRecordID>127563</EventRecordID><Correlation/><Execution ProcessID='0' ThreadID='0'/><Channel>Application</Channel><Computer>DESKTOP-1LIHC4I</Computer><Security/></System><EventData><Data>329</Data><Data>163948</Data><Data>342784</Data><Data>47</Data><Binary>E24500000A000000100000004400450053004B0054004F0050002D0031004C0049004800430034004900000000000000</Binary></EventData></Event>
<Event xmlns='http://schemas.microsoft.com/win/2004/08/events/event'><System><Provider Name='MSSQLSERVER'/><EventID Qualifiers='16384'>17890</EventID><Version>0</Version><Level>4</Level><Task>2</Task><Opcode>0</Opcode><Keywords>0x80000000000000</Keywords><TimeCreated SystemTime='2023-06-04T05:54:00.3358593Z'/><EventRecordID>127564</EventRecordID><Correlation/><Execution ProcessID='0' ThreadID='0'/><Channel>Application</Channel><Computer>DESKTOP-1LIHC4I</Computer><Security/></System><EventData><Data>659</Data><Data>160036</Data><Data>338704</Data><Data>47</Data><Binary>E24500000A000000100000004400450053004B0054004F0050002D0031004C0049004800430034004900000000000000</Binary></EventData></Event>
<Event xmlns='http://schemas.microsoft.com/win/2004/08/events/event'><System><Provider Name='MSSQLSERVER'/><EventID Qualifiers='16384'>17890</EventID><Version>0</Version><Level>4</Level><Task>2</Task><Opcode>0</Opcode><Keywords>0x80000000000000</Keywords><TimeCreated SystemTime='2023-06-04T05:58:23.4932493Z'/><EventRecordID>127565</EventRecordID><Correlation/><Execution ProcessID='0' ThreadID='0'/><Channel>Application</Channel><Computer>DESKTOP-1LIHC4I</Computer><Security/></System><EventData><Data>922</Data><Data>163852</Data><Data>342368</Data><Data>47</Data><Binary>E24500000A000000100000004400450053004B0054004F0050002D0031004C0049004800430034004900000000000000</Binary></EventData></Event>
<Event xmlns='http://schemas.microsoft.com/win/2004/08/events/event'><System><Provider Name='Microsoft-Windows-Security-Auditing' Guid='{54849625-5478-4994-a5ba-3e3b0328c30d}'/><EventID>4624</EventID><Version>2</Version><Level>0</Level><Task>12544</Task><Opcode>0</Opcode><Keywords>0x8020000000000000</Keywords><TimeCreated SystemTime='2023-06-04T06:00:01.5515883Z'/><EventRecordID>506465</EventRecordID><Correlation ActivityID='{0a4ce6a1-9699-0002-39e7-4c0a9996d901}'/><Execution ProcessID='860' ThreadID='10340'/><Channel>Security</Channel><Computer>DESKTOP-1LIHC4I</Computer><Security/></System><EventData><Data Name='SubjectUserSid'>S-1-5-18</Data><Data Name='SubjectUserName'>DESKTOP-1LIHC4I$</Data><Data Name='SubjectDomainName'>WORKGROUP</Data><Data Name='SubjectLogonId'>0x3e7</Data><Data Name='TargetUserSid'>S-1-5-18</Data><Data Name='TargetUserName'>SYSTEM</Data><Data Name='TargetDomainName'>NT AUTHORITY</Data><Data Name='TargetLogonId'>0x3e7</Data><Data Name='LogonType'>5</Data><Data Name='LogonProcessName'>Advapi  </Data><Data Name='AuthenticationPackageName'>Negotiate</Data><Data Name='WorkstationName'>-</Data><Data Name='LogonGuid'>{00000000-0000-0000-0000-000000000000}</Data><Data Name='TransmittedServices'>-</Data><Data Name='LmPackageName'>-</Data><Data Name='KeyLength'>0</Data><Data Name='ProcessId'>0x350</Data><Data Name='ProcessName'>C:\Windows\System32\services.exe</Data><Data Name='IpAddress'>-</Data><Data Name='IpPort'>-</Data><Data Name='ImpersonationLevel'>%%1833</Data><Data Name='RestrictedAdminMode'>-</Data><Data Name='TargetOutboundUserName'>-</Data><Data Name='TargetOutboundDomainName'>-</Data><Data Name='VirtualAccount'>%%1843</Data><Data Name='TargetLinkedLogonId'>0x0</Data><Data Name='ElevatedToken'>%%1842</Data></EventData></Event>
<Event xmlns='http://schemas.microsoft.com/win/2004/08/events/event'><System><Provider Name='Microsoft-Windows-Security-Auditing' Guid='{54849625-5478-4994-a5ba-3e3b0328c30d}'/><EventID>4672</EventID><Version>0</Version><Level>0</Level><Task>12548</Task><Opcode>0</Opcode><Keywords>0x8020000000000000</Keywords><TimeCreated SystemTime='2023-06-04T06:00:01.5516058Z'/><EventRecordID>506466</EventRecordID><Correlation ActivityID='{0a4ce6a1-9699-0002-39e7-4c0a9996d901}'/><Execution ProcessID='860' ThreadID='10340'/><Channel>Security</Channel><Computer>DESKTOP-1LIHC4I</Computer><Security/></System><EventData><Data Name='SubjectUserSid'>S-1-5-18</Data><Data Name='SubjectUserName'>SYSTEM</Data><Data Name='SubjectDomainName'>NT AUTHORITY</Data><Data Name='SubjectLogonId'>0x3e7</Data><Data Name='PrivilegeList'>SeAssignPrimaryTokenPrivilege SeTcbPrivilege SeSecurityPrivilege SeTakeOwnershipPrivilege SeLoadDriverPrivilege SeBackupPrivilege SeRestorePrivilege SeDebugPrivilege SeAuditPrivilege SeSystemEnvironmentPrivilege SeImpersonatePrivilege SeDelegateSessionUserImpersonatePrivilege</Data></EventData></Event>
<Event xmlns='http://schemas.microsoft.com/win/2004/08/events/event'><System><Provider Name='Microsoft-Windows-Security-Auditing' Guid='{54849625-5478-4994-a5ba-3e3b0328c30d}'/><EventID>4624</EventID><Version>2</Version><Level>0</Level><Task>12544</Task><Opcode>0</Opcode><Keywords>0x8020000000000000</Keywords><TimeCreated SystemTime='2023-06-04T06:00:22.4253175Z'/><EventRecordID>506467</EventRecordID><Correlation ActivityID='{0a4ce6a1-9699-0002-39e7-4c0a9996d901}'/><Execution ProcessID='860' ThreadID='10340'/><Channel>Security</Channel><Computer>DESKTOP-1LIHC4I</Computer><Security/></System><EventData><Data Name='SubjectUserSid'>S-1-5-18</Data><Data Name='SubjectUserName'>DESKTOP-1LIHC4I$</Data><Data Name='SubjectDomainName'>WORKGROUP</Data><Data Name='SubjectLogonId'>0x3e7</Data><Data Name='TargetUserSid'>S-1-5-18</Data><Data Name='TargetUserName'>SYSTEM</Data><Data Name='TargetDomainName'>NT AUTHORITY</Data><Data Name='TargetLogonId'>0x3e7</Data><Data Name='LogonType'>5</Data><Data Name='LogonProcessName'>Advapi  </Data><Data Name='AuthenticationPackageName'>Negotiate</Data><Data Name='WorkstationName'>-</Data><Data Name='LogonGuid'>{00000000-0000-0000-0000-000000000000}</Data><Data Name='TransmittedServices'>-</Data><Data Name='LmPackageName'>-</Data><Data Name='KeyLength'>0</Data><Data Name='ProcessId'>0x350</Data><Data Name='ProcessName'>C:\Windows\System32\services.exe</Data><Data Name='IpAddress'>-</Data><Data Name='IpPort'>-</Data><Data Name='ImpersonationLevel'>%%1833</Data><Data Name='RestrictedAdminMode'>-</Data><Data Name='TargetOutboundUserName'>-</Data><Data Name='TargetOutboundDomainName'>-</Data><Data Name='VirtualAccount'>%%1843</Data><Data Name='TargetLinkedLogonId'>0x0</Data><Data Name='ElevatedToken'>%%1842</Data></EventData></Event>
<Event xmlns='http://schemas.microsoft.com/win/2004/08/events/event'><System><Provider Name='Microsoft-Windows-Security-Auditing' Guid='{54849625-5478-4994-a5ba-3e3b0328c30d}'/><EventID>4672</EventID><Version>0</Version><Level>0</Level><Task>12548</Task><Opcode>0</Opcode><Keywords>0x8020000000000000</Keywords><TimeCreated SystemTime='2023-06-04T06:00:22.4253222Z'/><EventRecordID>506468</EventRecordID><Correlation ActivityID='{0a4ce6a1-9699-0002-39e7-4c0a9996d901}'/><Execution ProcessID='860' ThreadID='10340'/><Channel>Security</Channel><Computer>DESKTOP-1LIHC4I</Computer><Security/></System><EventData><Data Name='SubjectUserSid'>S-1-5-18</Data><Data Name='SubjectUserName'>SYSTEM</Data><Data Name='SubjectDomainName'>NT AUTHORITY</Data><Data Name='SubjectLogonId'>0x3e7</Data><Data Name='PrivilegeList'>SeAssignPrimaryTokenPrivilege SeTcbPrivilege SeSecurityPrivilege SeTakeOwnershipPrivilege SeLoadDriverPrivilege SeBackupPrivilege SeRestorePrivilege SeDebugPrivilege SeAuditPrivilege SeSystemEnvironmentPrivilege SeImpersonatePrivilege SeDelegateSessionUserImpersonatePrivilege</Data></EventData></Event>
<Event xmlns='http://schemas.microsoft.com/win/2004/08/events/event'><System><Provider Name='Microsoft-Windows-Security-Auditing' Guid='{54849625-5478-4994-a5ba-3e3b0328c30d}'/><EventID>4624</EventID><Version>2</Version><Level>0</Level><Task>12544</Task><Opcode>0</Opcode><Keywords>0x8020000000000000</Keywords><TimeCreated SystemTime='2023-06-04T06:00:22.4663055Z'/><EventRecordID>506469</EventRecordID><Correlation ActivityID='{0a4ce6a1-9699-0002-39e7-4c0a9996d901}'/><Execution ProcessID='860' ThreadID='10340'/><Channel>Security</Channel><Computer>DESKTOP-1LIHC4I</Computer><Security/></System><EventData><Data Name='SubjectUserSid'>S-1-5-18</Data><Data Name='SubjectUserName'>DESKTOP-1LIHC4I$</Data><Data Name='SubjectDomainName'>WORKGROUP</Data><Data Name='SubjectLogonId'>0x3e7</Data><Data Name='TargetUserSid'>S-1-5-18</Data><Data Name='TargetUserName'>SYSTEM</Data><Data Name='TargetDomainName'>NT AUTHORITY</Data><Data Name='TargetLogonId'>0x3e7</Data><Data Name='LogonType'>5</Data><Data Name='LogonProcessName'>Advapi  </Data><Data Name='AuthenticationPackageName'>Negotiate</Data><Data Name='WorkstationName'>-</Data><Data Name='LogonGuid'>{00000000-0000-0000-0000-000000000000}</Data><Data Name='TransmittedServices'>-</Data><Data Name='LmPackageName'>-</Data><Data Name='KeyLength'>0</Data><Data Name='ProcessId'>0x350</Data><Data Name='ProcessName'>C:\Windows\System32\services.exe</Data><Data Name='IpAddress'>-</Data><Data Name='IpPort'>-</Data><Data Name='ImpersonationLevel'>%%1833</Data><Data Name='RestrictedAdminMode'>-</Data><Data Name='TargetOutboundUserName'>-</Data><Data Name='TargetOutboundDomainName'>-</Data><Data Name='VirtualAccount'>%%1843</Data><Data Name='TargetLinkedLogonId'>0x0</Data><Data Name='ElevatedToken'>%%1842</Data></EventData></Event>
<Event xmlns='http://schemas.microsoft.com/win/2004/08/events/event'><System><Provider Name='Microsoft-Windows-Security-Auditing' Guid='{54849625-5478-4994-a5ba-3e3b0328c30d}'/><EventID>4672</EventID><Version>0</Version><Level>0</Level><Task>12548</Task><Opcode>0</Opcode><Keywords>0x8020000000000000</Keywords><TimeCreated SystemTime='2023-06-04T06:00:22.4663103Z'/><EventRecordID>506470</EventRecordID><Correlation ActivityID='{0a4ce6a1-9699-0002-39e7-4c0a9996d901}'/><Execution ProcessID='860' ThreadID='10340'/><Channel>Security</Channel><Computer>DESKTOP-1LIHC4I</Computer><Security/></System><EventData><Data Name='SubjectUserSid'>S-1-5-18</Data><Data Name='SubjectUserName'>SYSTEM</Data><Data Name='SubjectDomainName'>NT AUTHORITY</Data><Data Name='SubjectLogonId'>0x3e7</Data><Data Name='PrivilegeList'>SeAssignPrimaryTokenPrivilege SeTcbPrivilege SeSecurityPrivilege SeTakeOwnershipPrivilege SeLoadDriverPrivilege SeBackupPrivilege SeRestorePrivilege SeDebugPrivilege SeAuditPrivilege SeSystemEnvironmentPrivilege SeImpersonatePrivilege SeDelegateSessionUserImpersonatePrivilege</Data></EventData></Event>
<Event xmlns='http://schemas.microsoft.com/win/2004/08/events/event'><System><Provider Name='Microsoft-Windows-Security-Auditing' Guid='{54849625-5478-4994-a5ba-3e3b0328c30d}'/><EventID>4624</EventID><Version>2</Version><Level>0</Level><Task>12544</Task><Opcode>0</Opcode><Keywords>0x8020000000000000</Keywords><TimeCreated SystemTime='2023-06-04T06:02:29.9943390Z'/><EventRecordID>506471</EventRecordID><Correlation ActivityID='{0a4ce6a1-9699-0002-39e7-4c0a9996d901}'/><Execution ProcessID='860' ThreadID='10340'/><Channel>Security</Channel><Computer>DESKTOP-1LIHC4I</Computer><Security/></System><EventData><Data Name='SubjectUserSid'>S-1-5-18</Data><Data Name='SubjectUserName'>DESKTOP-1LIHC4I$</Data><Data Name='SubjectDomainName'>WORKGROUP</Data><Data Name='SubjectLogonId'>0x3e7</Data><Data Name='TargetUserSid'>S-1-5-18</Data><Data Name='TargetUserName'>SYSTEM</Data><Data Name='TargetDomainName'>NT AUTHORITY</Data><Data Name='TargetLogonId'>0x3e7</Data><Data Name='LogonType'>5</Data><Data Name='LogonProcessName'>Advapi  </Data><Data Name='AuthenticationPackageName'>Negotiate</Data><Data Name='WorkstationName'>-</Data><Data Name='LogonGuid'>{00000000-0000-0000-0000-000000000000}</Data><Data Name='TransmittedServices'>-</Data><Data Name='LmPackageName'>-</Data><Data Name='KeyLength'>0</Data><Data Name='ProcessId'>0x350</Data><Data Name='ProcessName'>C:\Windows\System32\services.exe</Data><Data Name='IpAddress'>-</Data><Data Name='IpPort'>-</Data><Data Name='ImpersonationLevel'>%%1833</Data><Data Name='RestrictedAdminMode'>-</Data><Data Name='TargetOutboundUserName'>-</Data><Data Name='TargetOutboundDomainName'>-</Data><Data Name='VirtualAccount'>%%1843</Data><Data Name='TargetLinkedLogonId'>0x0</Data><Data Name='ElevatedToken'>%%1842</Data></EventData></Event>
<Event xmlns='http://schemas.microsoft.com/win/2004/08/events/event'><System><Provider Name='Microsoft-Windows-Security-Auditing' Guid='{54849625-5478-4994-a5ba-3e3b0328c30d}'/><EventID>4672</EventID><Version>0</Version><Level>0</Level><Task>12548</Task><Opcode>0</Opcode><Keywords>0x8020000000000000</Keywords><TimeCreated SystemTime='2023-06-04T06:02:29.9943451Z'/><EventRecordID>506472</EventRecordID><Correlation ActivityID='{0a4ce6a1-9699-0002-39e7-4c0a9996d901}'/><Execution ProcessID='860' ThreadID='10340'/><Channel>Security</Channel><Computer>DESKTOP-1LIHC4I</Computer><Security/></System><EventData><Data Name='SubjectUserSid'>S-1-5-18</Data><Data Name='SubjectUserName'>SYSTEM</Data><Data Name='SubjectDomainName'>NT AUTHORITY</Data><Data Name='SubjectLogonId'>0x3e7</Data><Data Name='PrivilegeList'>SeAssignPrimaryTokenPrivilege SeTcbPrivilege SeSecurityPrivilege SeTakeOwnershipPrivilege SeLoadDriverPrivilege SeBackupPrivilege SeRestorePrivilege SeDebugPrivilege SeAuditPrivilege SeSystemEnvironmentPrivilege SeImpersonatePrivilege SeDelegateSessionUserImpersonatePrivilege</Data></EventData></Event>
<Event xmlns='http://schemas.microsoft.com/win/2004/08/events/event'><System><Provider Name='Microsoft-Windows-Security-Auditing' Guid='{54849625-5478-4994-a5ba-3e3b0328c30d}'/><EventID>4624</EventID><Version>2</Version><Level>0</Level><Task>12544</Task><Opcode>0</Opcode><Keywords>0x8020000000000000</Keywords><TimeCreated SystemTime='2023-06-04T06:02:30.0350380Z'/><EventRecordID>506473</EventRecordID><Correlation ActivityID='{0a4ce6a1-9699-0002-39e7-4c0a9996d901}'/><Execution ProcessID='860' ThreadID='10340'/><Channel>Security</Channel><Computer>DESKTOP-1LIHC4I</Computer><Security/></System><EventData><Data Name='SubjectUserSid'>S-1-5-18</Data><Data Name='SubjectUserName'>DESKTOP-1LIHC4I$</Data><Data Name='SubjectDomainName'>WORKGROUP</Data><Data Name='SubjectLogonId'>0x3e7</Data><Data Name='TargetUserSid'>S-1-5-18</Data><Data Name='TargetUserName'>SYSTEM</Data><Data Name='TargetDomainName'>NT AUTHORITY</Data><Data Name='TargetLogonId'>0x3e7</Data><Data Name='LogonType'>5</Data><Data Name='LogonProcessName'>Advapi  </Data><Data Name='AuthenticationPackageName'>Negotiate</Data><Data Name='WorkstationName'>-</Data><Data Name='LogonGuid'>{00000000-0000-0000-0000-000000000000}</Data><Data Name='TransmittedServices'>-</Data><Data Name='LmPackageName'>-</Data><Data Name='KeyLength'>0</Data><Data Name='ProcessId'>0x350</Data><Data Name='ProcessName'>C:\Windows\System32\services.exe</Data><Data Name='IpAddress'>-</Data><Data Name='IpPort'>-</Data><Data Name='ImpersonationLevel'>%%1833</Data><Data Name='RestrictedAdminMode'>-</Data><Data Name='TargetOutboundUserName'>-</Data><Data Name='TargetOutboundDomainName'>-</Data><Data Name='VirtualAccount'>%%1843</Data><Data Name='TargetLinkedLogonId'>0x0</Data><Data Name='ElevatedToken'>%%1842</Data></EventData></Event>
<Event xmlns='http://schemas.microsoft.com/win/2004/08/events/event'><System><Provider Name='Microsoft-Windows-Security-Auditing' Guid='{54849625-5478-4994-a5ba-3e3b0328c30d}'/><EventID>4672</EventID><Version>0</Version><Level>0</Level><Task>12548</Task><Opcode>0</Opcode><Keywords>0x8020000000000000</Keywords><TimeCreated SystemTime='2023-06-04T06:02:30.0350440Z'/><EventRecordID>506474</EventRecordID><Correlation ActivityID='{0a4ce6a1-9699-0002-39e7-4c0a9996d901}'/><Execution ProcessID='860' ThreadID='10340'/><Channel>Security</Channel><Computer>DESKTOP-1LIHC4I</Computer><Security/></System><EventData><Data Name='SubjectUserSid'>S-1-5-18</Data><Data Name='SubjectUserName'>SYSTEM</Data><Data Name='SubjectDomainName'>NT AUTHORITY</Data><Data Name='SubjectLogonId'>0x3e7</Data><Data Name='PrivilegeList'>SeAssignPrimaryTokenPrivilege SeTcbPrivilege SeSecurityPrivilege SeTakeOwnershipPrivilege SeLoadDriverPrivilege SeBackupPrivilege SeRestorePrivilege SeDebugPrivilege SeAuditPrivilege SeSystemEnvironmentPrivilege SeImpersonatePrivilege SeDelegateSessionUserImpersonatePrivilege</Data></EventData></Event>
<Event xmlns='http://schemas.microsoft.com/win/2004/08/events/event'><System><Provider Name='Microsoft-Windows-Security-Auditing' Guid='{54849625-5478-4994-a5ba-3e3b0328c30d}'/><EventID>4624</EventID><Version>2</Version><Level>0</Level><Task>12544</Task><Opcode>0</Opcode><Keywords>0x8020000000000000</Keywords><TimeCreated SystemTime='2023-06-04T06:02:31.9980593Z'/><EventRecordID>506475</EventRecordID><Correlation ActivityID='{0a4ce6a1-9699-0002-39e7-4c0a9996d901}'/><Execution ProcessID='860' ThreadID='17072'/><Channel>Security</Channel><Computer>DESKTOP-1LIHC4I</Computer><Security/></System><EventData><Data Name='SubjectUserSid'>S-1-5-18</Data><Data Name='SubjectUserName'>DESKTOP-1LIHC4I$</Data><Data Name='SubjectDomainName'>WORKGROUP</Data><Data Name='SubjectLogonId'>0x3e7</Data><Data Name='TargetUserSid'>S-1-5-18</Data><Data Name='TargetUserName'>SYSTEM</Data><Data Name='TargetDomainName'>NT AUTHORITY</Data><Data Name='TargetLogonId'>0x3e7</Data><Data Name='LogonType'>5</Data><Data Name='LogonProcessName'>Advapi  </Data><Data Name='AuthenticationPackageName'>Negotiate</Data><Data Name='WorkstationName'>-</Data><Data Name='LogonGuid'>{00000000-0000-0000-0000-000000000000}</Data><Data Name='TransmittedServices'>-</Data><Data Name='LmPackageName'>-</Data><Data Name='KeyLength'>0</Data><Data Name='ProcessId'>0x350</Data><Data Name='ProcessName'>C:\Windows\System32\services.exe</Data><Data Name='IpAddress'>-</Data><Data Name='IpPort'>-</Data><Data Name='ImpersonationLevel'>%%1833</Data><Data Name='RestrictedAdminMode'>-</Data><Data Name='TargetOutboundUserName'>-</Data><Data Name='TargetOutboundDomainName'>-</Data><Data Name='VirtualAccount'>%%1843</Data><Data Name='TargetLinkedLogonId'>0x0</Data><Data Name='ElevatedToken'>%%1842</Data></EventData></Event>
<Event xmlns='http://schemas.microsoft.com/win/2004/08/events/event'><System><Provider Name='Microsoft-Windows-Security-Auditing' Guid='{54849625-5478-4994-a5ba-3e3b0328c30d}'/><EventID>4672</EventID><Version>0</Version><Level>0</Level><Task>12548</Task><Opcode>0</Opcode><Keywords>0x8020000000000000</Keywords><TimeCreated SystemTime='2023-06-04T06:02:31.9980705Z'/><EventRecordID>506476</EventRecordID><Correlation ActivityID='{0a4ce6a1-9699-0002-39e7-4c0a9996d901}'/><Execution ProcessID='860' ThreadID='17072'/><Channel>Security</Channel><Computer>DESKTOP-1LIHC4I</Computer><Security/></System><EventData><Data Name='SubjectUserSid'>S-1-5-18</Data><Data Name='SubjectUserName'>SYSTEM</Data><Data Name='SubjectDomainName'>NT AUTHORITY</Data><Data Name='SubjectLogonId'>0x3e7</Data><Data Name='PrivilegeList'>SeAssignPrimaryTokenPrivilege SeTcbPrivilege SeSecurityPrivilege SeTakeOwnershipPrivilege SeLoadDriverPrivilege SeBackupPrivilege SeRestorePrivilege SeDebugPrivilege SeAuditPrivilege SeSystemEnvironmentPrivilege SeImpersonatePrivilege SeDelegateSessionUserImpersonatePrivilege</Data></EventData></Event>
<Event xmlns='http://schemas.microsoft.com/win/2004/08/events/event'><System><Provider Name='MSSQLSERVER'/><EventID Qualifiers='16384'>17890</EventID><Version>0</Version><Level>4</Level><Task>2</Task><Opcode>0</Opcode><Keywords>0x80000000000000</Keywords><TimeCreated SystemTime='2023-06-04T06:03:52.6870325Z'/><EventRecordID>127566</EventRecordID><Correlation/><Execution ProcessID='0' ThreadID='0'/><Channel>Application</Channel><Computer>DESKTOP-1LIHC4I</Computer><Security/></System><EventData><Data>1252</Data><Data>178196</Data><Data>355032</Data><Data>50</Data><Binary>E24500000A000000100000004400450053004B0054004F0050002D0031004C0049004800430034004900000000000000</Binary></EventData></Event>
<Event xmlns='http://schemas.microsoft.com/win/2004/08/events/event'><System><Provider Name='Microsoft-Windows-Security-SPP' Guid='{E23B33B0-C8C9-472C-A5F9-F2BDFEA0F156}' EventSourceName='Software Protection Platform Service'/><EventID Qualifiers='49152'>16394</EventID><Version>0</Version><Level>4</Level><Task>0</Task><Opcode>0</Opcode><Keywords>0x80000000000000</Keywords><TimeCreated SystemTime='2023-06-04T06:05:21.9171713Z'/><EventRecordID>127567</EventRecordID><Correlation/><Execution ProcessID='0' ThreadID='0'/><Channel>Application</Channel><Computer>DESKTOP-1LIHC4I</Computer><Security/></System><EventData></EventData></Event>
<Event xmlns='http://schemas.microsoft.com/win/2004/08/events/event'><System><Provider Name='Microsoft-Windows-Security-Auditing' Guid='{54849625-5478-4994-a5ba-3e3b0328c30d}'/><EventID>4624</EventID><Version>2</Version><Level>0</Level><Task>12544</Task><Opcode>0</Opcode><Keywords>0x8020000000000000</Keywords><TimeCreated SystemTime='2023-06-04T06:05:21.4684377Z'/><EventRecordID>506477</EventRecordID><Correlation ActivityID='{0a4ce6a1-9699-0002-39e7-4c0a9996d901}'/><Execution ProcessID='860' ThreadID='1136'/><Channel>Security</Channel><Computer>DESKTOP-1LIHC4I</Computer><Security/></System><EventData><Data Name='SubjectUserSid'>S-1-5-18</Data><Data Name='SubjectUserName'>DESKTOP-1LIHC4I$</Data><Data Name='SubjectDomainName'>WORKGROUP</Data><Data Name='SubjectLogonId'>0x3e7</Data><Data Name='TargetUserSid'>S-1-5-18</Data><Data Name='TargetUserName'>SYSTEM</Data><Data Name='TargetDomainName'>NT AUTHORITY</Data><Data Name='TargetLogonId'>0x3e7</Data><Data Name='LogonType'>5</Data><Data Name='LogonProcessName'>Advapi  </Data><Data Name='AuthenticationPackageName'>Negotiate</Data><Data Name='WorkstationName'>-</Data><Data Name='LogonGuid'>{00000000-0000-0000-0000-000000000000}</Data><Data Name='TransmittedServices'>-</Data><Data Name='LmPackageName'>-</Data><Data Name='KeyLength'>0</Data><Data Name='ProcessId'>0x350</Data><Data Name='ProcessName'>C:\Windows\System32\services.exe</Data><Data Name='IpAddress'>-</Data><Data Name='IpPort'>-</Data><Data Name='ImpersonationLevel'>%%1833</Data><Data Name='RestrictedAdminMode'>-</Data><Data Name='TargetOutboundUserName'>-</Data><Data Name='TargetOutboundDomainName'>-</Data><Data Name='VirtualAccount'>%%1843</Data><Data Name='TargetLinkedLogonId'>0x0</Data><Data Name='ElevatedToken'>%%1842</Data></EventData></Event>
<Event xmlns='http://schemas.microsoft.com/win/2004/08/events/event'><System><Provider Name='Microsoft-Windows-Security-Auditing' Guid='{54849625-5478-4994-a5ba-3e3b0328c30d}'/><EventID>4672</EventID><Version>0</Version><Level>0</Level><Task>12548</Task><Opcode>0</Opcode><Keywords>0x8020000000000000</Keywords><TimeCreated SystemTime='2023-06-04T06:05:21.4684428Z'/><EventRecordID>506478</EventRecordID><Correlation ActivityID='{0a4ce6a1-9699-0002-39e7-4c0a9996d901}'/><Execution ProcessID='860' ThreadID='1136'/><Channel>Security</Channel><Computer>DESKTOP-1LIHC4I</Computer><Security/></System><EventData><Data Name='SubjectUserSid'>S-1-5-18</Data><Data Name='SubjectUserName'>SYSTEM</Data><Data Name='SubjectDomainName'>NT AUTHORITY</Data><Data Name='SubjectLogonId'>0x3e7</Data><Data Name='PrivilegeList'>SeAssignPrimaryTokenPrivilege SeTcbPrivilege SeSecurityPrivilege SeTakeOwnershipPrivilege SeLoadDriverPrivilege SeBackupPrivilege SeRestorePrivilege SeDebugPrivilege SeAuditPrivilege SeSystemEnvironmentPrivilege SeImpersonatePrivilege SeDelegateSessionUserImpersonatePrivilege</Data></EventData></Event>
<Event xmlns='http://schemas.microsoft.com/win/2004/08/events/event'><System><Provider Name='Microsoft-Windows-Security-SPP' Guid='{E23B33B0-C8C9-472C-A5F9-F2BDFEA0F156}' EventSourceName='Software Protection Platform Service'/><EventID Qualifiers='16384'>16384</EventID><Version>0</Version><Level>4</Level><Task>0</Task><Opcode>0</Opcode><Keywords>0x80000000000000</Keywords><TimeCreated SystemTime='2023-06-04T06:05:52.2563146Z'/><EventRecordID>127568</EventRecordID><Correlation/><Execution ProcessID='0' ThreadID='0'/><Channel>Application</Channel><Computer>DESKTOP-1LIHC4I</Computer><Security/></System><EventData><Data>2023-06-05T03:59:52Z</Data><Data>RulesEngine</Data></EventData></Event>
<Event xmlns='http://schemas.microsoft.com/win/2004/08/events/event'><System><Provider Name='Microsoft-Windows-Security-Auditing' Guid='{54849625-5478-4994-a5ba-3e3b0328c30d}'/><EventID>4624</EventID><Version>2</Version><Level>0</Level><Task>12544</Task><Opcode>0</Opcode><Keywords>0x8020000000000000</Keywords><TimeCreated SystemTime='2023-06-04T06:07:44.1451945Z'/><EventRecordID>506479</EventRecordID><Correlation ActivityID='{0a4ce6a1-9699-0002-39e7-4c0a9996d901}'/><Execution ProcessID='860' ThreadID='10340'/><Channel>Security</Channel><Computer>DESKTOP-1LIHC4I</Computer><Security/></System><EventData><Data Name='SubjectUserSid'>S-1-5-18</Data><Data Name='SubjectUserName'>DESKTOP-1LIHC4I$</Data><Data Name='SubjectDomainName'>WORKGROUP</Data><Data Name='SubjectLogonId'>0x3e7</Data><Data Name='TargetUserSid'>S-1-5-18</Data><Data Name='TargetUserName'>SYSTEM</Data><Data Name='TargetDomainName'>NT AUTHORITY</Data><Data Name='TargetLogonId'>0x3e7</Data><Data Name='LogonType'>5</Data><Data Name='LogonProcessName'>Advapi  </Data><Data Name='AuthenticationPackageName'>Negotiate</Data><Data Name='WorkstationName'>-</Data><Data Name='LogonGuid'>{00000000-0000-0000-0000-000000000000}</Data><Data Name='TransmittedServices'>-</Data><Data Name='LmPackageName'>-</Data><Data Name='KeyLength'>0</Data><Data Name='ProcessId'>0x350</Data><Data Name='ProcessName'>C:\Windows\System32\services.exe</Data><Data Name='IpAddress'>-</Data><Data Name='IpPort'>-</Data><Data Name='ImpersonationLevel'>%%1833</Data><Data Name='RestrictedAdminMode'>-</Data><Data Name='TargetOutboundUserName'>-</Data><Data Name='TargetOutboundDomainName'>-</Data><Data Name='VirtualAccount'>%%1843</Data><Data Name='TargetLinkedLogonId'>0x0</Data><Data Name='ElevatedToken'>%%1842</Data></EventData></Event>
<Event xmlns='http://schemas.microsoft.com/win/2004/08/events/event'><System><Provider Name='Microsoft-Windows-Security-Auditing' Guid='{54849625-5478-4994-a5ba-3e3b0328c30d}'/><EventID>4672</EventID><Version>0</Version><Level>0</Level><Task>12548</Task><Opcode>0</Opcode><Keywords>0x8020000000000000</Keywords><TimeCreated SystemTime='2023-06-04T06:07:44.1452138Z'/><EventRecordID>506480</EventRecordID><Correlation ActivityID='{0a4ce6a1-9699-0002-39e7-4c0a9996d901}'/><Execution ProcessID='860' ThreadID='10340'/><Channel>Security</Channel><Computer>DESKTOP-1LIHC4I</Computer><Security/></System><EventData><Data Name='SubjectUserSid'>S-1-5-18</Data><Data Name='SubjectUserName'>SYSTEM</Data><Data Name='SubjectDomainName'>NT AUTHORITY</Data><Data Name='SubjectLogonId'>0x3e7</Data><Data Name='PrivilegeList'>SeAssignPrimaryTokenPrivilege SeTcbPrivilege SeSecurityPrivilege SeTakeOwnershipPrivilege SeLoadDriverPrivilege SeBackupPrivilege SeRestorePrivilege SeDebugPrivilege SeAuditPrivilege SeSystemEnvironmentPrivilege SeImpersonatePrivilege SeDelegateSessionUserImpersonatePrivilege</Data></EventData></Event>
<Event xmlns='http://schemas.microsoft.com/win/2004/08/events/event'><System><Provider Name='Microsoft-Windows-Security-Auditing' Guid='{54849625-5478-4994-a5ba-3e3b0328c30d}'/><EventID>4624</EventID><Version>2</Version><Level>0</Level><Task>12544</Task><Opcode>0</Opcode><Keywords>0x8020000000000000</Keywords><TimeCreated SystemTime='2023-06-04T06:07:44.8840301Z'/><EventRecordID>506481</EventRecordID><Correlation ActivityID='{0a4ce6a1-9699-0002-39e7-4c0a9996d901}'/><Execution ProcessID='860' ThreadID='10340'/><Channel>Security</Channel><Computer>DESKTOP-1LIHC4I</Computer><Security/></System><EventData><Data Name='SubjectUserSid'>S-1-5-18</Data><Data Name='SubjectUserName'>DESKTOP-1LIHC4I$</Data><Data Name='SubjectDomainName'>WORKGROUP</Data><Data Name='SubjectLogonId'>0x3e7</Data><Data Name='TargetUserSid'>S-1-5-18</Data><Data Name='TargetUserName'>SYSTEM</Data><Data Name='TargetDomainName'>NT AUTHORITY</Data><Data Name='TargetLogonId'>0x3e7</Data><Data Name='LogonType'>5</Data><Data Name='LogonProcessName'>Advapi  </Data><Data Name='AuthenticationPackageName'>Negotiate</Data><Data Name='WorkstationName'>-</Data><Data Name='LogonGuid'>{00000000-0000-0000-0000-000000000000}</Data><Data Name='TransmittedServices'>-</Data><Data Name='LmPackageName'>-</Data><Data Name='KeyLength'>0</Data><Data Name='ProcessId'>0x350</Data><Data Name='ProcessName'>C:\Windows\System32\services.exe</Data><Data Name='IpAddress'>-</Data><Data Name='IpPort'>-</Data><Data Name='ImpersonationLevel'>%%1833</Data><Data Name='RestrictedAdminMode'>-</Data><Data Name='TargetOutboundUserName'>-</Data><Data Name='TargetOutboundDomainName'>-</Data><Data Name='VirtualAccount'>%%1843</Data><Data Name='TargetLinkedLogonId'>0x0</Data><Data Name='ElevatedToken'>%%1842</Data></EventData></Event>
<Event xmlns='http://schemas.microsoft.com/win/2004/08/events/event'><System><Provider Name='Microsoft-Windows-Security-Auditing' Guid='{54849625-5478-4994-a5ba-3e3b0328c30d}'/><EventID>4672</EventID><Version>0</Version><Level>0</Level><Task>12548</Task><Opcode>0</Opcode><Keywords>0x8020000000000000</Keywords><TimeCreated SystemTime='2023-06-04T06:07:44.8840348Z'/><EventRecordID>506482</EventRecordID><Correlation ActivityID='{0a4ce6a1-9699-0002-39e7-4c0a9996d901}'/><Execution ProcessID='860' ThreadID='10340'/><Channel>Security</Channel><Computer>DESKTOP-1LIHC4I</Computer><Security/></System><EventData><Data Name='SubjectUserSid'>S-1-5-18</Data><Data Name='SubjectUserName'>SYSTEM</Data><Data Name='SubjectDomainName'>NT AUTHORITY</Data><Data Name='SubjectLogonId'>0x3e7</Data><Data Name='PrivilegeList'>SeAssignPrimaryTokenPrivilege SeTcbPrivilege SeSecurityPrivilege SeTakeOwnershipPrivilege SeLoadDriverPrivilege SeBackupPrivilege SeRestorePrivilege SeDebugPrivilege SeAuditPrivilege SeSystemEnvironmentPrivilege SeImpersonatePrivilege SeDelegateSessionUserImpersonatePrivilege</Data></EventData></Event>
<Event xmlns='http://schemas.microsoft.com/win/2004/08/events/event'><System><Provider Name='MSSQLSERVER'/><EventID Qualifiers='16384'>17890</EventID><Version>0</Version><Level>4</Level><Task>2</Task><Opcode>0</Opcode><Keywords>0x80000000000000</Keywords><TimeCreated SystemTime='2023-06-04T06:08:16.5964443Z'/><EventRecordID>127569</EventRecordID><Correlation/><Execution ProcessID='0' ThreadID='0'/><Channel>Application</Channel><Computer>DESKTOP-1LIHC4I</Computer><Security/></System><EventData><Data>0</Data><Data>171472</Data><Data>338400</Data><Data>50</Data><Binary>E24500000A000000100000004400450053004B0054004F0050002D0031004C0049004800430034004900000000000000</Binary></EventData></Event>
<Event xmlns='http://schemas.microsoft.com/win/2004/08/events/event'><System><Provider Name='Microsoft-Windows-Security-Auditing' Guid='{54849625-5478-4994-a5ba-3e3b0328c30d}'/><EventID>4624</EventID><Version>2</Version><Level>0</Level><Task>12544</Task><Opcode>0</Opcode><Keywords>0x8020000000000000</Keywords><TimeCreated SystemTime='2023-06-04T06:12:45.1699657Z'/><EventRecordID>506483</EventRecordID><Correlation ActivityID='{0a4ce6a1-9699-0002-39e7-4c0a9996d901}'/><Execution ProcessID='860' ThreadID='10340'/><Channel>Security</Channel><Computer>DESKTOP-1LIHC4I</Computer><Security/></System><EventData><Data Name='SubjectUserSid'>S-1-5-18</Data><Data Name='SubjectUserName'>DESKTOP-1LIHC4I$</Data><Data Name='SubjectDomainName'>WORKGROUP</Data><Data Name='SubjectLogonId'>0x3e7</Data><Data Name='TargetUserSid'>S-1-5-18</Data><Data Name='TargetUserName'>SYSTEM</Data><Data Name='TargetDomainName'>NT AUTHORITY</Data><Data Name='TargetLogonId'>0x3e7</Data><Data Name='LogonType'>5</Data><Data Name='LogonProcessName'>Advapi  </Data><Data Name='AuthenticationPackageName'>Negotiate</Data><Data Name='WorkstationName'>-</Data><Data Name='LogonGuid'>{00000000-0000-0000-0000-000000000000}</Data><Data Name='TransmittedServices'>-</Data><Data Name='LmPackageName'>-</Data><Data Name='KeyLength'>0</Data><Data Name='ProcessId'>0x350</Data><Data Name='ProcessName'>C:\Windows\System32\services.exe</Data><Data Name='IpAddress'>-</Data><Data Name='IpPort'>-</Data><Data Name='ImpersonationLevel'>%%1833</Data><Data Name='RestrictedAdminMode'>-</Data><Data Name='TargetOutboundUserName'>-</Data><Data Name='TargetOutboundDomainName'>-</Data><Data Name='VirtualAccount'>%%1843</Data><Data Name='TargetLinkedLogonId'>0x0</Data><Data Name='ElevatedToken'>%%1842</Data></EventData></Event>
<Event xmlns='http://schemas.microsoft.com/win/2004/08/events/event'><System><Provider Name='Microsoft-Windows-Security-Auditing' Guid='{54849625-5478-4994-a5ba-3e3b0328c30d}'/><EventID>4672</EventID><Version>0</Version><Level>0</Level><Task>12548</Task><Opcode>0</Opcode><Keywords>0x8020000000000000</Keywords><TimeCreated SystemTime='2023-06-04T06:12:45.1699705Z'/><EventRecordID>506484</EventRecordID><Correlation ActivityID='{0a4ce6a1-9699-0002-39e7-4c0a9996d901}'/><Execution ProcessID='860' ThreadID='10340'/><Channel>Security</Channel><Computer>DESKTOP-1LIHC4I</Computer><Security/></System><EventData><Data Name='SubjectUserSid'>S-1-5-18</Data><Data Name='SubjectUserName'>SYSTEM</Data><Data Name='SubjectDomainName'>NT AUTHORITY</Data><Data Name='SubjectLogonId'>0x3e7</Data><Data Name='PrivilegeList'>SeAssignPrimaryTokenPrivilege SeTcbPrivilege SeSecurityPrivilege SeTakeOwnershipPrivilege SeLoadDriverPrivilege SeBackupPrivilege SeRestorePrivilege SeDebugPrivilege SeAuditPrivilege SeSystemEnvironmentPrivilege SeImpersonatePrivilege SeDelegateSessionUserImpersonatePrivilege</Data></EventData></Event>
<Event xmlns='http://schemas.microsoft.com/win/2004/08/events/event'><System><Provider Name='MSSQLSERVER'/><EventID Qualifiers='16384'>25754</EventID><Version>0</Version><Level>4</Level><Task>2</Task><Opcode>0</Opcode><Keywords>0x80000000000000</Keywords><TimeCreated SystemTime='2023-06-04T06:12:48.3818659Z'/><EventRecordID>127570</EventRecordID><Correlation/><Execution ProcessID='0' ThreadID='0'/><Channel>Application</Channel><Computer>DESKTOP-1LIHC4I</Computer><Security UserID='S-1-5-80-2652535364-2169709536-2857650723-2622804123-1107741775'/></System><EventData><Data>telemetry_xevents</Data><Binary>9A6400000A000000100000004400450053004B0054004F0050002D0031004C00490048004300340049000000070000006D00610073007400650072000000</Binary></EventData></Event>
<Event xmlns='http://schemas.microsoft.com/win/2004/08/events/event'><System><Provider Name='MSSQLSERVER'/><EventID Qualifiers='16384'>25753</EventID><Version>0</Version><Level>4</Level><Task>2</Task><Opcode>0</Opcode><Keywords>0x80000000000000</Keywords><TimeCreated SystemTime='2023-06-04T06:12:48.3933396Z'/><EventRecordID>127571</EventRecordID><Correlation/><Execution ProcessID='0' ThreadID='0'/><Channel>Application</Channel><Computer>DESKTOP-1LIHC4I</Computer><Security UserID='S-1-5-80-2652535364-2169709536-2857650723-2622804123-1107741775'/></System><EventData><Data>telemetry_xevents</Data><Binary>996400000A000000100000004400450053004B0054004F0050002D0031004C00490048004300340049000000070000006D00610073007400650072000000</Binary></EventData></Event>
<Event xmlns='http://schemas.microsoft.com/win/2004/08/events/event'><System><Provider Name='Microsoft-Windows-Security-SPP' Guid='{E23B33B0-C8C9-472C-A5F9-F2BDFEA0F156}' EventSourceName='Software Protection Platform Service'/><EventID Qualifiers='49152'>16394</EventID><Version>0</Version><Level>4</Level><Task>0</Task><Opcode>0</Opcode><Keywords>0x80000000000000</Keywords><TimeCreated SystemTime='2023-06-04T06:22:05.1199225Z'/><EventRecordID>127572</EventRecordID><Correlation/><Execution ProcessID='0' ThreadID='0'/><Channel>Application</Channel><Computer>DESKTOP-1LIHC4I</Computer><Security/></System><EventData></EventData></Event>
<Event xmlns='http://schemas.microsoft.com/win/2004/08/events/event'><System><Provider Name='Microsoft-Windows-Security-SPP' Guid='{E23B33B0-C8C9-472C-A5F9-F2BDFEA0F156}' EventSourceName='Software Protection Platform Service'/><EventID Qualifiers='16384'>16384</EventID><Version>0</Version><Level>4</Level><Task>0</Task><Opcode>0</Opcode><Keywords>0x80000000000000</Keywords><TimeCreated SystemTime='2023-06-04T06:22:35.4857544Z'/><EventRecordID>127573</EventRecordID><Correlation/><Execution ProcessID='0' ThreadID='0'/><Channel>Application</Channel><Computer>DESKTOP-1LIHC4I</Computer><Security/></System><EventData><Data>2023-06-05T04:00:35Z</Data><Data>RulesEngine</Data></EventData></Event>
<Event xmlns='http://schemas.microsoft.com/win/2004/08/events/event'><System><Provider Name='Microsoft-Windows-Security-Auditing' Guid='{54849625-5478-4994-a5ba-3e3b0328c30d}'/><EventID>4798</EventID><Version>0</Version><Level>0</Level><Task>13824</Task><Opcode>0</Opcode><Keywords>0x8020000000000000</Keywords><TimeCreated SystemTime='2023-06-04T06:23:58.6523204Z'/><EventRecordID>506485</EventRecordID><Correlation ActivityID='{0a4ce6a1-9699-0002-39e7-4c0a9996d901}'/><Execution ProcessID='860' ThreadID='10340'/><Channel>Security</Channel><Computer>DESKTOP-1LIHC4I</Computer><Security/></System><EventData><Data Name='TargetUserName'>Louki</Data><Data Name='TargetDomainName'>DESKTOP-1LIHC4I</Data><Data Name='TargetSid'>S-1-5-21-2384755564-1941788603-3002086374-1001</Data><Data Name='SubjectUserSid'>S-1-5-21-2384755564-1941788603-3002086374-1001</Data><Data Name='SubjectUserName'>Louki</Data><Data Name='SubjectDomainName'>DESKTOP-1LIHC4I</Data><Data Name='SubjectLogonId'>0x2d243</Data><Data Name='CallerProcessId'>0x1f3c</Data><Data Name='CallerProcessName'>C:\Program Files\Git\usr\bin\sh.exe</Data></EventData></Event>
<Event xmlns='http://schemas.microsoft.com/win/2004/08/events/event'><System><Provider Name='Microsoft-Windows-Security-Auditing' Guid='{54849625-5478-4994-a5ba-3e3b0328c30d}'/><EventID>5379</EventID><Version>0</Version><Level>0</Level><Task>13824</Task><Opcode>0</Opcode><Keywords>0x8020000000000000</Keywords><TimeCreated SystemTime='2023-06-04T06:23:59.3099126Z'/><EventRecordID>506486</EventRecordID><Correlation ActivityID='{0a4ce6a1-9699-0002-39e7-4c0a9996d901}'/><Execution ProcessID='860' ThreadID='10340'/><Channel>Security</Channel><Computer>DESKTOP-1LIHC4I</Computer><Security/></System><EventData><Data Name='SubjectUserSid'>S-1-5-21-2384755564-1941788603-3002086374-1001</Data><Data Name='SubjectUserName'>Louki</Data><Data Name='SubjectDomainName'>DESKTOP-1LIHC4I</Data><Data Name='SubjectLogonId'>0x2d243</Data><Data Name='TargetName'></Data><Data Name='Type'>0</Data><Data Name='CountOfCredentialsReturned'>23</Data><Data Name='ReadOperation'>%%8100</Data><Data Name='ReturnCode'>0</Data><Data Name='ProcessCreationTime'>2023-06-04T06:23:58.6875241Z</Data><Data Name='ClientProcessId'>14836</Data></EventData></Event>
<Event xmlns='http://schemas.microsoft.com/win/2004/08/events/event'><System><Provider Name='Microsoft-Windows-Security-Auditing' Guid='{54849625-5478-4994-a5ba-3e3b0328c30d}'/><EventID>4798</EventID><Version>0</Version><Level>0</Level><Task>13824</Task><Opcode>0</Opcode><Keywords>0x8020000000000000</Keywords><TimeCreated SystemTime='2023-06-04T06:23:59.8476120Z'/><EventRecordID>506487</EventRecordID><Correlation ActivityID='{0a4ce6a1-9699-0002-39e7-4c0a9996d901}'/><Execution ProcessID='860' ThreadID='608'/><Channel>Security</Channel><Computer>DESKTOP-1LIHC4I</Computer><Security/></System><EventData><Data Name='TargetUserName'>Louki</Data><Data Name='TargetDomainName'>DESKTOP-1LIHC4I</Data><Data Name='TargetSid'>S-1-5-21-2384755564-1941788603-3002086374-1001</Data><Data Name='SubjectUserSid'>S-1-5-21-2384755564-1941788603-3002086374-1001</Data><Data Name='SubjectUserName'>Louki</Data><Data Name='SubjectDomainName'>DESKTOP-1LIHC4I</Data><Data Name='SubjectLogonId'>0x2d243</Data><Data Name='CallerProcessId'>0x421c</Data><Data Name='CallerProcessName'>C:\Program Files\Git\usr\bin\sh.exe</Data></EventData></Event>
<Event xmlns='http://schemas.microsoft.com/win/2004/08/events/event'><System><Provider Name='Microsoft-Windows-Security-Auditing' Guid='{54849625-5478-4994-a5ba-3e3b0328c30d}'/><EventID>5379</EventID><Version>0</Version><Level>0</Level><Task>13824</Task><Opcode>0</Opcode><Keywords>0x8020000000000000</Keywords><TimeCreated SystemTime='2023-06-04T06:24:00.5392803Z'/><EventRecordID>506488</EventRecordID><Correlation ActivityID='{0a4ce6a1-9699-0002-39e7-4c0a9996d901}'/><Execution ProcessID='860' ThreadID='608'/><Channel>Security</Channel><Computer>DESKTOP-1LIHC4I</Computer><Security/></System><EventData><Data Name='SubjectUserSid'>S-1-5-21-2384755564-1941788603-3002086374-1001</Data><Data Name='SubjectUserName'>Louki</Data><Data Name='SubjectDomainName'>DESKTOP-1LIHC4I</Data><Data Name='SubjectLogonId'>0x2d243</Data><Data Name='TargetName'>git:https://github.com</Data><Data Name='Type'>1</Data><Data Name='CountOfCredentialsReturned'>1</Data><Data Name='ReadOperation'>%%8099</Data><Data Name='ReturnCode'>0</Data><Data Name='ProcessCreationTime'>2023-06-04T06:23:59.8867192Z</Data><Data Name='ClientProcessId'>17888</Data></EventData></Event>
