<Event xmlns='http://schemas.microsoft.com/win/2004/08/events/event'><System><Provider Name='Microsoft-Windows-Security-Auditing' Guid='{54849625-5478-4994-a5ba-3e3b0328c30d}'/><EventID>4798</EventID><Version>0</Version><Level>0</Level><Task>13824</Task><Opcode>0</Opcode><Keywords>0x8020000000000000</Keywords><TimeCreated SystemTime='2023-06-04T08:06:19.4832685Z'/><EventRecordID>506789</EventRecordID><Correlation ActivityID='{0a4ce6a1-9699-0002-39e7-4c0a9996d901}'/><Execution ProcessID='860' ThreadID='18664'/><Channel>Security</Channel><Computer>DESKTOP-1LIHC4I</Computer><Security/></System><EventData><Data Name='TargetUserName'>Louki</Data><Data Name='TargetDomainName'>DESKTOP-1LIHC4I</Data><Data Name='TargetSid'>S-1-5-21-2384755564-1941788603-3002086374-1001</Data><Data Name='SubjectUserSid'>S-1-5-21-2384755564-1941788603-3002086374-1001</Data><Data Name='SubjectUserName'>Louki</Data><Data Name='SubjectDomainName'>DESKTOP-1LIHC4I</Data><Data Name='SubjectLogonId'>0x2d243</Data><Data Name='CallerProcessId'>0x46ec</Data><Data Name='CallerProcessName'>C:\Program Files\Git\usr\bin\sh.exe</Data></EventData></Event>
<Event xmlns='http://schemas.microsoft.com/win/2004/08/events/event'><System><Provider Name='Microsoft-Windows-Security-Auditing' Guid='{54849625-5478-4994-a5ba-3e3b0328c30d}'/><EventID>5379</EventID><Version>0</Version><Level>0</Level><Task>13824</Task><Opcode>0</Opcode><Keywords>0x8020000000000000</Keywords><TimeCreated SystemTime='2023-06-04T08:06:20.0597814Z'/><EventRecordID>506790</EventRecordID><Correlation ActivityID='{0a4ce6a1-9699-0002-39e7-4c0a9996d901}'/><Execution ProcessID='860' ThreadID='18664'/><Channel>Security</Channel><Computer>DESKTOP-1LIHC4I</Computer><Security/></System><EventData><Data Name='SubjectUserSid'>S-1-5-21-2384755564-1941788603-3002086374-1001</Data><Data Name='SubjectUserName'>Louki</Data><Data Name='SubjectDomainName'>DESKTOP-1LIHC4I</Data><Data Name='SubjectLogonId'>0x2d243</Data><Data Name='TargetName'>git:https://github.com</Data><Data Name='Type'>1</Data><Data Name='CountOfCredentialsReturned'>1</Data><Data Name='ReadOperation'>%%8099</Data><Data Name='ReturnCode'>0</Data><Data Name='ProcessCreationTime'>2023-06-04T08:06:19.5180044Z</Data><Data Name='ClientProcessId'>6492</Data></EventData></Event>
<Event xmlns='http://schemas.microsoft.com/win/2004/08/events/event'><System><Provider Name='Microsoft-Windows-Security-Auditing' Guid='{54849625-5478-4994-a5ba-3e3b0328c30d}'/><EventID>4798</EventID><Version>0</Version><Level>0</Level><Task>13824</Task><Opcode>0</Opcode><Keywords>0x8020000000000000</Keywords><TimeCreated SystemTime='2023-06-04T08:09:22.9007839Z'/><EventRecordID>506791</EventRecordID><Correlation ActivityID='{0a4ce6a1-9699-0002-39e7-4c0a9996d901}'/><Execution ProcessID='860' ThreadID='608'/><Channel>Security</Channel><Computer>DESKTOP-1LIHC4I</Computer><Security/></System><EventData><Data Name='TargetUserName'>Louki</Data><Data Name='TargetDomainName'>DESKTOP-1LIHC4I</Data><Data Name='TargetSid'>S-1-5-21-2384755564-1941788603-3002086374-1001</Data><Data Name='SubjectUserSid'>S-1-5-21-2384755564-1941788603-3002086374-1001</Data><Data Name='SubjectUserName'>Louki</Data><Data Name='SubjectDomainName'>DESKTOP-1LIHC4I</Data><Data Name='SubjectLogonId'>0x2d243</Data><Data Name='CallerProcessId'>0x1fe4</Data><Data Name='CallerProcessName'>C:\Program Files\Git\usr\bin\sh.exe</Data></EventData></Event>
<Event xmlns='http://schemas.microsoft.com/win/2004/08/events/event'><System><Provider Name='Microsoft-Windows-Security-Auditing' Guid='{54849625-5478-4994-a5ba-3e3b0328c30d}'/><EventID>5379</EventID><Version>0</Version><Level>0</Level><Task>13824</Task><Opcode>0</Opcode><Keywords>0x8020000000000000</Keywords><TimeCreated SystemTime='2023-06-04T08:09:23.4959010Z'/><EventRecordID>506792</EventRecordID><Correlation ActivityID='{0a4ce6a1-9699-0002-39e7-4c0a9996d901}'/><Execution ProcessID='860' ThreadID='608'/><Channel>Security</Channel><Computer>DESKTOP-1LIHC4I</Computer><Security/></System><EventData><Data Name='SubjectUserSid'>S-1-5-21-2384755564-1941788603-3002086374-1001</Data><Data Name='SubjectUserName'>Louki</Data><Data Name='SubjectDomainName'>DESKTOP-1LIHC4I</Data><Data Name='SubjectLogonId'>0x2d243</Data><Data Name='TargetName'></Data><Data Name='Type'>0</Data><Data Name='CountOfCredentialsReturned'>24</Data><Data Name='ReadOperation'>%%8100</Data><Data Name='ReturnCode'>0</Data><Data Name='ProcessCreationTime'>2023-06-04T08:09:22.9363367Z</Data><Data Name='ClientProcessId'>15276</Data></EventData></Event>
<Event xmlns='http://schemas.microsoft.com/win/2004/08/events/event'><System><Provider Name='Microsoft-Windows-Security-Auditing' Guid='{54849625-5478-4994-a5ba-3e3b0328c30d}'/><EventID>4798</EventID><Version>0</Version><Level>0</Level><Task>13824</Task><Opcode>0</Opcode><Keywords>0x8020000000000000</Keywords><TimeCreated SystemTime='2023-06-04T08:09:24.0351477Z'/><EventRecordID>506793</EventRecordID><Correlation ActivityID='{0a4ce6a1-9699-0002-39e7-4c0a9996d901}'/><Execution ProcessID='860' ThreadID='7264'/><Channel>Security</Channel><Computer>DESKTOP-1LIHC4I</Computer><Security/></System><EventData><Data Name='TargetUserName'>Louki</Data><Data Name='TargetDomainName'>DESKTOP-1LIHC4I</Data><Data Name='TargetSid'>S-1-5-21-2384755564-1941788603-3002086374-1001</Data><Data Name='SubjectUserSid'>S-1-5-21-2384755564-1941788603-3002086374-1001</Data><Data Name='SubjectUserName'>Louki</Data><Data Name='SubjectDomainName'>DESKTOP-1LIHC4I</Data><Data Name='SubjectLogonId'>0x2d243</Data><Data Name='CallerProcessId'>0x3a58</Data><Data Name='CallerProcessName'>C:\Program Files\Git\usr\bin\sh.exe</Data></EventData></Event>
<Event xmlns='http://schemas.microsoft.com/win/2004/08/events/event'><System><Provider Name='Microsoft-Windows-Security-Auditing' Guid='{54849625-5478-4994-a5ba-3e3b0328c30d}'/><EventID>5379</EventID><Version>0</Version><Level>0</Level><Task>13824</Task><Opcode>0</Opcode><Keywords>0x8020000000000000</Keywords><TimeCreated SystemTime='2023-06-04T08:09:25.1820967Z'/><EventRecordID>506794</EventRecordID><Correlation ActivityID='{0a4ce6a1-9699-0002-39e7-4c0a9996d901}'/><Execution ProcessID='860' ThreadID='7264'/><Channel>Security</Channel><Computer>DESKTOP-1LIHC4I</Computer><Security/></System><EventData><Data Name='SubjectUserSid'>S-1-5-21-2384755564-1941788603-3002086374-1001</Data><Data Name='SubjectUserName'>Louki</Data><Data Name='SubjectDomainName'>DESKTOP-1LIHC4I</Data><Data Name='SubjectLogonId'>0x2d243</Data><Data Name='TargetName'>git:https://github.com</Data><Data Name='Type'>1</Data><Data Name='CountOfCredentialsReturned'>1</Data><Data Name='ReadOperation'>%%8099</Data><Data Name='ReturnCode'>0</Data><Data Name='ProcessCreationTime'>2023-06-04T08:09:24.1679386Z</Data><Data Name='ClientProcessId'>11836</Data></EventData></Event>
<Event xmlns='http://schemas.microsoft.com/win/2004/08/events/event'><System><Provider Name='Microsoft-Windows-Security-Auditing' Guid='{54849625-5478-4994-a5ba-3e3b0328c30d}'/><EventID>4798</EventID><Version>0</Version><Level>0</Level><Task>13824</Task><Opcode>0</Opcode><Keywords>0x8020000000000000</Keywords><TimeCreated SystemTime='2023-06-04T08:12:29.5457483Z'/><EventRecordID>506795</EventRecordID><Correlation ActivityID='{0a4ce6a1-9699-0002-39e7-4c0a9996d901}'/><Execution ProcessID='860' ThreadID='608'/><Channel>Security</Channel><Computer>DESKTOP-1LIHC4I</Computer><Security/></System><EventData><Data Name='TargetUserName'>Louki</Data><Data Name='TargetDomainName'>DESKTOP-1LIHC4I</Data><Data Name='TargetSid'>S-1-5-21-2384755564-1941788603-3002086374-1001</Data><Data Name='SubjectUserSid'>S-1-5-21-2384755564-1941788603-3002086374-1001</Data><Data Name='SubjectUserName'>Louki</Data><Data Name='SubjectDomainName'>DESKTOP-1LIHC4I</Data><Data Name='SubjectLogonId'>0x2d243</Data><Data Name='CallerProcessId'>0x3ff4</Data><Data Name='CallerProcessName'>C:\Program Files\Git\usr\bin\sh.exe</Data></EventData></Event>
<Event xmlns='http://schemas.microsoft.com/win/2004/08/events/event'><System><Provider Name='Microsoft-Windows-Security-Auditing' Guid='{54849625-5478-4994-a5ba-3e3b0328c30d}'/><EventID>5379</EventID><Version>0</Version><Level>0</Level><Task>13824</Task><Opcode>0</Opcode><Keywords>0x8020000000000000</Keywords><TimeCreated SystemTime='2023-06-04T08:12:30.0908754Z'/><EventRecordID>506796</EventRecordID><Correlation ActivityID='{0a4ce6a1-9699-0002-39e7-4c0a9996d901}'/><Execution ProcessID='860' ThreadID='608'/><Channel>Security</Channel><Computer>DESKTOP-1LIHC4I</Computer><Security/></System><EventData><Data Name='SubjectUserSid'>S-1-5-21-2384755564-1941788603-3002086374-1001</Data><Data Name='SubjectUserName'>Louki</Data><Data Name='SubjectDomainName'>DESKTOP-1LIHC4I</Data><Data Name='SubjectLogonId'>0x2d243</Data><Data Name='TargetName'></Data><Data Name='Type'>0</Data><Data Name='CountOfCredentialsReturned'>24</Data><Data Name='ReadOperation'>%%8100</Data><Data Name='ReturnCode'>0</Data><Data Name='ProcessCreationTime'>2023-06-04T08:12:29.5785066Z</Data><Data Name='ClientProcessId'>18236</Data></EventData></Event>
<Event xmlns='http://schemas.microsoft.com/win/2004/08/events/event'><System><Provider Name='Microsoft-Windows-Security-Auditing' Guid='{54849625-5478-4994-a5ba-3e3b0328c30d}'/><EventID>4798</EventID><Version>0</Version><Level>0</Level><Task>13824</Task><Opcode>0</Opcode><Keywords>0x8020000000000000</Keywords><TimeCreated SystemTime='2023-06-04T08:12:30.6177643Z'/><EventRecordID>506797</EventRecordID><Correlation ActivityID='{0a4ce6a1-9699-0002-39e7-4c0a9996d901}'/><Execution ProcessID='860' ThreadID='17452'/><Channel>Security</Channel><Computer>DESKTOP-1LIHC4I</Computer><Security/></System><EventData><Data Name='TargetUserName'>Louki</Data><Data Name='TargetDomainName'>DESKTOP-1LIHC4I</Data><Data Name='TargetSid'>S-1-5-21-2384755564-1941788603-3002086374-1001</Data><Data Name='SubjectUserSid'>S-1-5-21-2384755564-1941788603-3002086374-1001</Data><Data Name='SubjectUserName'>Louki</Data><Data Name='SubjectDomainName'>DESKTOP-1LIHC4I</Data><Data Name='SubjectLogonId'>0x2d243</Data><Data Name='CallerProcessId'>0x48dc</Data><Data Name='CallerProcessName'>C:\Program Files\Git\usr\bin\sh.exe</Data></EventData></Event>
<Event xmlns='http://schemas.microsoft.com/win/2004/08/events/event'><System><Provider Name='Microsoft-Windows-Security-Auditing' Guid='{54849625-5478-4994-a5ba-3e3b0328c30d}'/><EventID>5379</EventID><Version>0</Version><Level>0</Level><Task>13824</Task><Opcode>0</Opcode><Keywords>0x8020000000000000</Keywords><TimeCreated SystemTime='2023-06-04T08:12:31.1743895Z'/><EventRecordID>506798</EventRecordID><Correlation ActivityID='{0a4ce6a1-9699-0002-39e7-4c0a9996d901}'/><Execution ProcessID='860' ThreadID='17452'/><Channel>Security</Channel><Computer>DESKTOP-1LIHC4I</Computer><Security/></System><EventData><Data Name='SubjectUserSid'>S-1-5-21-2384755564-1941788603-3002086374-1001</Data><Data Name='SubjectUserName'>Louki</Data><Data Name='SubjectDomainName'>DESKTOP-1LIHC4I</Data><Data Name='SubjectLogonId'>0x2d243</Data><Data Name='TargetName'>git:https://github.com</Data><Data Name='Type'>1</Data><Data Name='CountOfCredentialsReturned'>1</Data><Data Name='ReadOperation'>%%8099</Data><Data Name='ReturnCode'>0</Data><Data Name='ProcessCreationTime'>2023-06-04T08:12:30.6510784Z</Data><Data Name='ClientProcessId'>18528</Data></EventData></Event>
<Event xmlns='http://schemas.microsoft.com/win/2004/08/events/event'><System><Provider Name='MSSQLSERVER'/><EventID Qualifiers='16384'>25754</EventID><Version>0</Version><Level>4</Level><Task>2</Task><Opcode>0</Opcode><Keywords>0x80000000000000</Keywords><TimeCreated SystemTime='2023-06-04T08:12:51.8136884Z'/><EventRecordID>127606</EventRecordID><Correlation/><Execution ProcessID='0' ThreadID='0'/><Channel>Application</Channel><Computer>DESKTOP-1LIHC4I</Computer><Security UserID='S-1-5-80-2652535364-2169709536-2857650723-2622804123-1107741775'/></System><EventData><Data>telemetry_xevents</Data><Binary>9A6400000A000000100000004400450053004B0054004F0050002D0031004C00490048004300340049000000070000006D00610073007400650072000000</Binary></EventData></Event>
<Event xmlns='http://schemas.microsoft.com/win/2004/08/events/event'><System><Provider Name='MSSQLSERVER'/><EventID Qualifiers='16384'>25753</EventID><Version>0</Version><Level>4</Level><Task>2</Task><Opcode>0</Opcode><Keywords>0x80000000000000</Keywords><TimeCreated SystemTime='2023-06-04T08:12:51.8256296Z'/><EventRecordID>127607</EventRecordID><Correlation/><Execution ProcessID='0' ThreadID='0'/><Channel>Application</Channel><Computer>DESKTOP-1LIHC4I</Computer><Security UserID='S-1-5-80-2652535364-2169709536-2857650723-2622804123-1107741775'/></System><EventData><Data>telemetry_xevents</Data><Binary>996400000A000000100000004400450053004B0054004F0050002D0031004C00490048004300340049000000070000006D00610073007400650072000000</Binary></EventData></Event>
<Event xmlns='http://schemas.microsoft.com/win/2004/08/events/event'><System><Provider Name='MSSQLSERVER'/><EventID Qualifiers='16384'>17890</EventID><Version>0</Version><Level>4</Level><Task>2</Task><Opcode>0</Opcode><Keywords>0x80000000000000</Keywords><TimeCreated SystemTime='2023-06-04T08:13:25.2161931Z'/><EventRecordID>127608</EventRecordID><Correlation/><Execution ProcessID='0' ThreadID='0'/><Channel>Application</Channel><Computer>DESKTOP-1LIHC4I</Computer><Security/></System><EventData><Data>3619</Data><Data>151804</Data><Data>344496</Data><Data>44</Data><Binary>E24500000A000000100000004400450053004B0054004F0050002D0031004C0049004800430034004900000000000000</Binary></EventData></Event>
<Event xmlns='http://schemas.microsoft.com/win/2004/08/events/event'><System><Provider Name='Microsoft-Windows-Security-Auditing' Guid='{54849625-5478-4994-a5ba-3e3b0328c30d}'/><EventID>4624</EventID><Version>2</Version><Level>0</Level><Task>12544</Task><Opcode>0</Opcode><Keywords>0x8020000000000000</Keywords><TimeCreated SystemTime='2023-06-04T08:15:13.3917654Z'/><EventRecordID>506799</EventRecordID><Correlation ActivityID='{0a4ce6a1-9699-0002-39e7-4c0a9996d901}'/><Execution ProcessID='860' ThreadID='10340'/><Channel>Security</Channel><Computer>DESKTOP-1LIHC4I</Computer><Security/></System><EventData><Data Name='SubjectUserSid'>S-1-5-18</Data><Data Name='SubjectUserName'>DESKTOP-1LIHC4I$</Data><Data Name='SubjectDomainName'>WORKGROUP</Data><Data Name='SubjectLogonId'>0x3e7</Data><Data Name='TargetUserSid'>S-1-5-18</Data><Data Name='TargetUserName'>SYSTEM</Data><Data Name='TargetDomainName'>NT AUTHORITY</Data><Data Name='TargetLogonId'>0x3e7</Data><Data Name='LogonType'>5</Data><Data Name='LogonProcessName'>Advapi  </Data><Data Name='AuthenticationPackageName'>Negotiate</Data><Data Name='WorkstationName'>-</Data><Data Name='LogonGuid'>{00000000-0000-0000-0000-000000000000}</Data><Data Name='TransmittedServices'>-</Data><Data Name='LmPackageName'>-</Data><Data Name='KeyLength'>0</Data><Data Name='ProcessId'>0x350</Data><Data Name='ProcessName'>C:\Windows\System32\services.exe</Data><Data Name='IpAddress'>-</Data><Data Name='IpPort'>-</Data><Data Name='ImpersonationLevel'>%%1833</Data><Data Name='RestrictedAdminMode'>-</Data><Data Name='TargetOutboundUserName'>-</Data><Data Name='TargetOutboundDomainName'>-</Data><Data Name='VirtualAccount'>%%1843</Data><Data Name='TargetLinkedLogonId'>0x0</Data><Data Name='ElevatedToken'>%%1842</Data></EventData></Event>
<Event xmlns='http://schemas.microsoft.com/win/2004/08/events/event'><System><Provider Name='Microsoft-Windows-Security-Auditing' Guid='{54849625-5478-4994-a5ba-3e3b0328c30d}'/><EventID>4672</EventID><Version>0</Version><Level>0</Level><Task>12548</Task><Opcode>0</Opcode><Keywords>0x8020000000000000</Keywords><TimeCreated SystemTime='2023-06-04T08:15:13.3917718Z'/><EventRecordID>506800</EventRecordID><Correlation ActivityID='{0a4ce6a1-9699-0002-39e7-4c0a9996d901}'/><Execution ProcessID='860' ThreadID='10340'/><Channel>Security</Channel><Computer>DESKTOP-1LIHC4I</Computer><Security/></System><EventData><Data Name='SubjectUserSid'>S-1-5-18</Data><Data Name='SubjectUserName'>SYSTEM</Data><Data Name='SubjectDomainName'>NT AUTHORITY</Data><Data Name='SubjectLogonId'>0x3e7</Data><Data Name='PrivilegeList'>SeAssignPrimaryTokenPrivilege SeTcbPrivilege SeSecurityPrivilege SeTakeOwnershipPrivilege SeLoadDriverPrivilege SeBackupPrivilege SeRestorePrivilege SeDebugPrivilege SeAuditPrivilege SeSystemEnvironmentPrivilege SeImpersonatePrivilege SeDelegateSessionUserImpersonatePrivilege</Data></EventData></Event>
<Event xmlns='http://schemas.microsoft.com/win/2004/08/events/event'><System><Provider Name='Microsoft-Windows-Security-Auditing' Guid='{54849625-5478-4994-a5ba-3e3b0328c30d}'/><EventID>4798</EventID><Version>0</Version><Level>0</Level><Task>13824</Task><Opcode>0</Opcode><Keywords>0x8020000000000000</Keywords><TimeCreated SystemTime='2023-06-04T08:15:36.4252345Z'/><EventRecordID>506801</EventRecordID><Correlation ActivityID='{0a4ce6a1-9699-0002-39e7-4c0a9996d901}'/><Execution ProcessID='860' ThreadID='608'/><Channel>Security</Channel><Computer>DESKTOP-1LIHC4I</Computer><Security/></System><EventData><Data Name='TargetUserName'>Louki</Data><Data Name='TargetDomainName'>DESKTOP-1LIHC4I</Data><Data Name='TargetSid'>S-1-5-21-2384755564-1941788603-3002086374-1001</Data><Data Name='SubjectUserSid'>S-1-5-21-2384755564-1941788603-3002086374-1001</Data><Data Name='SubjectUserName'>Louki</Data><Data Name='SubjectDomainName'>DESKTOP-1LIHC4I</Data><Data Name='SubjectLogonId'>0x2d243</Data><Data Name='CallerProcessId'>0x2d8c</Data><Data Name='CallerProcessName'>C:\Program Files\Git\usr\bin\sh.exe</Data></EventData></Event>
<Event xmlns='http://schemas.microsoft.com/win/2004/08/events/event'><System><Provider Name='Microsoft-Windows-Security-Auditing' Guid='{54849625-5478-4994-a5ba-3e3b0328c30d}'/><EventID>5379</EventID><Version>0</Version><Level>0</Level><Task>13824</Task><Opcode>0</Opcode><Keywords>0x8020000000000000</Keywords><TimeCreated SystemTime='2023-06-04T08:15:36.9802510Z'/><EventRecordID>506802</EventRecordID><Correlation ActivityID='{0a4ce6a1-9699-0002-39e7-4c0a9996d901}'/><Execution ProcessID='860' ThreadID='608'/><Channel>Security</Channel><Computer>DESKTOP-1LIHC4I</Computer><Security/></System><EventData><Data Name='SubjectUserSid'>S-1-5-21-2384755564-1941788603-3002086374-1001</Data><Data Name='SubjectUserName'>Louki</Data><Data Name='SubjectDomainName'>DESKTOP-1LIHC4I</Data><Data Name='SubjectLogonId'>0x2d243</Data><Data Name='TargetName'></Data><Data Name='Type'>0</Data><Data Name='CountOfCredentialsReturned'>24</Data><Data Name='ReadOperation'>%%8100</Data><Data Name='ReturnCode'>0</Data><Data Name='ProcessCreationTime'>2023-06-04T08:15:36.4580877Z</Data><Data Name='ClientProcessId'>3196</Data></EventData></Event>
<Event xmlns='http://schemas.microsoft.com/win/2004/08/events/event'><System><Provider Name='Microsoft-Windows-Security-Auditing' Guid='{54849625-5478-4994-a5ba-3e3b0328c30d}'/><EventID>4798</EventID><Version>0</Version><Level>0</Level><Task>13824</Task><Opcode>0</Opcode><Keywords>0x8020000000000000</Keywords><TimeCreated SystemTime='2023-06-04T08:15:37.4856997Z'/><EventRecordID>506803</EventRecordID><Correlation ActivityID='{0a4ce6a1-9699-0002-39e7-4c0a9996d901}'/><Execution ProcessID='860' ThreadID='18148'/><Channel>Security</Channel><Computer>DESKTOP-1LIHC4I</Computer><Security/></System><EventData><Data Name='TargetUserName'>Louki</Data><Data Name='TargetDomainName'>DESKTOP-1LIHC4I</Data><Data Name='TargetSid'>S-1-5-21-2384755564-1941788603-3002086374-1001</Data><Data Name='SubjectUserSid'>S-1-5-21-2384755564-1941788603-3002086374-1001</Data><Data Name='SubjectUserName'>Louki</Data><Data Name='SubjectDomainName'>DESKTOP-1LIHC4I</Data><Data Name='SubjectLogonId'>0x2d243</Data><Data Name='CallerProcessId'>0x21e4</Data><Data Name='CallerProcessName'>C:\Program Files\Git\usr\bin\sh.exe</Data></EventData></Event>
<Event xmlns='http://schemas.microsoft.com/win/2004/08/events/event'><System><Provider Name='Microsoft-Windows-Security-Auditing' Guid='{54849625-5478-4994-a5ba-3e3b0328c30d}'/><EventID>5379</EventID><Version>0</Version><Level>0</Level><Task>13824</Task><Opcode>0</Opcode><Keywords>0x8020000000000000</Keywords><TimeCreated SystemTime='2023-06-04T08:15:38.1354696Z'/><EventRecordID>506804</EventRecordID><Correlation ActivityID='{0a4ce6a1-9699-0002-39e7-4c0a9996d901}'/><Execution ProcessID='860' ThreadID='18148'/><Channel>Security</Channel><Computer>DESKTOP-1LIHC4I</Computer><Security/></System><EventData><Data Name='SubjectUserSid'>S-1-5-21-2384755564-1941788603-3002086374-1001</Data><Data Name='SubjectUserName'>Louki</Data><Data Name='SubjectDomainName'>DESKTOP-1LIHC4I</Data><Data Name='SubjectLogonId'>0x2d243</Data><Data Name='TargetName'>git:https://github.com</Data><Data Name='Type'>1</Data><Data Name='CountOfCredentialsReturned'>1</Data><Data Name='ReadOperation'>%%8099</Data><Data Name='ReturnCode'>0</Data><Data Name='ProcessCreationTime'>2023-06-04T08:15:37.5278736Z</Data><Data Name='ClientProcessId'>19344</Data></EventData></Event>
<Event xmlns='http://schemas.microsoft.com/win/2004/08/events/event'><System><Provider Name='Microsoft-Windows-Security-Auditing' Guid='{54849625-5478-4994-a5ba-3e3b0328c30d}'/><EventID>4798</EventID><Version>0</Version><Level>0</Level><Task>13824</Task><Opcode>0</Opcode><Keywords>0x8020000000000000</Keywords><TimeCreated SystemTime='2023-06-04T08:18:42.9305481Z'/><EventRecordID>506805</EventRecordID><Correlation ActivityID='{0a4ce6a1-9699-0002-39e7-4c0a9996d901}'/><Execution ProcessID='860' ThreadID='608'/><Channel>Security</Channel><Computer>DESKTOP-1LIHC4I</Computer><Security/></System><EventData><Data Name='TargetUserName'>Louki</Data><Data Name='TargetDomainName'>DESKTOP-1LIHC4I</Data><Data Name='TargetSid'>S-1-5-21-2384755564-1941788603-3002086374-1001</Data><Data Name='SubjectUserSid'>S-1-5-21-2384755564-1941788603-3002086374-1001</Data><Data Name='SubjectUserName'>Louki</Data><Data Name='SubjectDomainName'>DESKTOP-1LIHC4I</Data><Data Name='SubjectLogonId'>0x2d243</Data><Data Name='CallerProcessId'>0x120</Data><Data Name='CallerProcessName'>C:\Program Files\Git\usr\bin\sh.exe</Data></EventData></Event>
<Event xmlns='http://schemas.microsoft.com/win/2004/08/events/event'><System><Provider Name='Microsoft-Windows-Security-Auditing' Guid='{54849625-5478-4994-a5ba-3e3b0328c30d}'/><EventID>5379</EventID><Version>0</Version><Level>0</Level><Task>13824</Task><Opcode>0</Opcode><Keywords>0x8020000000000000</Keywords><TimeCreated SystemTime='2023-06-04T08:18:43.5025158Z'/><EventRecordID>506806</EventRecordID><Correlation ActivityID='{0a4ce6a1-9699-0002-39e7-4c0a9996d901}'/><Execution ProcessID='860' ThreadID='608'/><Channel>Security</Channel><Computer>DESKTOP-1LIHC4I</Computer><Security/></System><EventData><Data Name='SubjectUserSid'>S-1-5-21-2384755564-1941788603-3002086374-1001</Data><Data Name='SubjectUserName'>Louki</Data><Data Name='SubjectDomainName'>DESKTOP-1LIHC4I</Data><Data Name='SubjectLogonId'>0x2d243</Data><Data Name='TargetName'></Data><Data Name='Type'>0</Data><Data Name='CountOfCredentialsReturned'>24</Data><Data Name='ReadOperation'>%%8100</Data><Data Name='ReturnCode'>0</Data><Data Name='ProcessCreationTime'>2023-06-04T08:18:42.9642679Z</Data><Data Name='ClientProcessId'>18268</Data></EventData></Event>
<Event xmlns='http://schemas.microsoft.com/win/2004/08/events/event'><System><Provider Name='Microsoft-Windows-Security-Auditing' Guid='{54849625-5478-4994-a5ba-3e3b0328c30d}'/><EventID>4798</EventID><Version>0</Version><Level>0</Level><Task>13824</Task><Opcode>0</Opcode><Keywords>0x8020000000000000</Keywords><TimeCreated SystemTime='2023-06-04T08:18:44.0200317Z'/><EventRecordID>506807</EventRecordID><Correlation ActivityID='{0a4ce6a1-9699-0002-39e7-4c0a9996d901}'/><Execution ProcessID='860' ThreadID='11432'/><Channel>Security</Channel><Computer>DESKTOP-1LIHC4I</Computer><Security/></System><EventData><Data Name='TargetUserName'>Louki</Data><Data Name='TargetDomainName'>DESKTOP-1LIHC4I</Data><Data Name='TargetSid'>S-1-5-21-2384755564-1941788603-3002086374-1001</Data><Data Name='SubjectUserSid'>S-1-5-21-2384755564-1941788603-3002086374-1001</Data><Data Name='SubjectUserName'>Louki</Data><Data Name='SubjectDomainName'>DESKTOP-1LIHC4I</Data><Data Name='SubjectLogonId'>0x2d243</Data><Data Name='CallerProcessId'>0x4270</Data><Data Name='CallerProcessName'>C:\Program Files\Git\usr\bin\sh.exe</Data></EventData></Event>
<Event xmlns='http://schemas.microsoft.com/win/2004/08/events/event'><System><Provider Name='Microsoft-Windows-Security-Auditing' Guid='{54849625-5478-4994-a5ba-3e3b0328c30d}'/><EventID>5379</EventID><Version>0</Version><Level>0</Level><Task>13824</Task><Opcode>0</Opcode><Keywords>0x8020000000000000</Keywords><TimeCreated SystemTime='2023-06-04T08:18:44.6166096Z'/><EventRecordID>506808</EventRecordID><Correlation ActivityID='{0a4ce6a1-9699-0002-39e7-4c0a9996d901}'/><Execution ProcessID='860' ThreadID='11432'/><Channel>Security</Channel><Computer>DESKTOP-1LIHC4I</Computer><Security/></System><EventData><Data Name='SubjectUserSid'>S-1-5-21-2384755564-1941788603-3002086374-1001</Data><Data Name='SubjectUserName'>Louki</Data><Data Name='SubjectDomainName'>DESKTOP-1LIHC4I</Data><Data Name='SubjectLogonId'>0x2d243</Data><Data Name='TargetName'>git:https://github.com</Data><Data Name='Type'>1</Data><Data Name='CountOfCredentialsReturned'>1</Data><Data Name='ReadOperation'>%%8099</Data><Data Name='ReturnCode'>0</Data><Data Name='ProcessCreationTime'>2023-06-04T08:18:44.0558419Z</Data><Data Name='ClientProcessId'>13940</Data></EventData></Event>
<Event xmlns='http://schemas.microsoft.com/win/2004/08/events/event'><System><Provider Name='Microsoft-Windows-Security-Auditing' Guid='{54849625-5478-4994-a5ba-3e3b0328c30d}'/><EventID>4798</EventID><Version>0</Version><Level>0</Level><Task>13824</Task><Opcode>0</Opcode><Keywords>0x8020000000000000</Keywords><TimeCreated SystemTime='2023-06-04T08:21:47.4113675Z'/><EventRecordID>506809</EventRecordID><Correlation ActivityID='{0a4ce6a1-9699-0002-39e7-4c0a9996d901}'/><Execution ProcessID='860' ThreadID='10340'/><Channel>Security</Channel><Computer>DESKTOP-1LIHC4I</Computer><Security/></System><EventData><Data Name='TargetUserName'>Louki</Data><Data Name='TargetDomainName'>DESKTOP-1LIHC4I</Data><Data Name='TargetSid'>S-1-5-21-2384755564-1941788603-3002086374-1001</Data><Data Name='SubjectUserSid'>S-1-5-21-2384755564-1941788603-3002086374-1001</Data><Data Name='SubjectUserName'>Louki</Data><Data Name='SubjectDomainName'>DESKTOP-1LIHC4I</Data><Data Name='SubjectLogonId'>0x2d243</Data><Data Name='CallerProcessId'>0x458c</Data><Data Name='CallerProcessName'>C:\Program Files\Git\usr\bin\sh.exe</Data></EventData></Event>
<Event xmlns='http://schemas.microsoft.com/win/2004/08/events/event'><System><Provider Name='Microsoft-Windows-Security-Auditing' Guid='{54849625-5478-4994-a5ba-3e3b0328c30d}'/><EventID>5379</EventID><Version>0</Version><Level>0</Level><Task>13824</Task><Opcode>0</Opcode><Keywords>0x8020000000000000</Keywords><TimeCreated SystemTime='2023-06-04T08:21:47.9626605Z'/><EventRecordID>506810</EventRecordID><Correlation ActivityID='{0a4ce6a1-9699-0002-39e7-4c0a9996d901}'/><Execution ProcessID='860' ThreadID='10340'/><Channel>Security</Channel><Computer>DESKTOP-1LIHC4I</Computer><Security/></System><EventData><Data Name='SubjectUserSid'>S-1-5-21-2384755564-1941788603-3002086374-1001</Data><Data Name='SubjectUserName'>Louki</Data><Data Name='SubjectDomainName'>DESKTOP-1LIHC4I</Data><Data Name='SubjectLogonId'>0x2d243</Data><Data Name='TargetName'></Data><Data Name='Type'>0</Data><Data Name='CountOfCredentialsReturned'>24</Data><Data Name='ReadOperation'>%%8100</Data><Data Name='ReturnCode'>0</Data><Data Name='ProcessCreationTime'>2023-06-04T08:21:47.4444339Z</Data><Data Name='ClientProcessId'>664</Data></EventData></Event>
<Event xmlns='http://schemas.microsoft.com/win/2004/08/events/event'><System><Provider Name='Microsoft-Windows-Security-Auditing' Guid='{54849625-5478-4994-a5ba-3e3b0328c30d}'/><EventID>4798</EventID><Version>0</Version><Level>0</Level><Task>13824</Task><Opcode>0</Opcode><Keywords>0x8020000000000000</Keywords><TimeCreated SystemTime='2023-06-04T08:21:48.4867410Z'/><EventRecordID>506811</EventRecordID><Correlation ActivityID='{0a4ce6a1-9699-0002-39e7-4c0a9996d901}'/><Execution ProcessID='860' ThreadID='2396'/><Channel>Security</Channel><Computer>DESKTOP-1LIHC4I</Computer><Security/></System><EventData><Data Name='TargetUserName'>Louki</Data><Data Name='TargetDomainName'>DESKTOP-1LIHC4I</Data><Data Name='TargetSid'>S-1-5-21-2384755564-1941788603-3002086374-1001</Data><Data Name='SubjectUserSid'>S-1-5-21-2384755564-1941788603-3002086374-1001</Data><Data Name='SubjectUserName'>Louki</Data><Data Name='SubjectDomainName'>DESKTOP-1LIHC4I</Data><Data Name='SubjectLogonId'>0x2d243</Data><Data Name='CallerProcessId'>0xfc0</Data><Data Name='CallerProcessName'>C:\Program Files\Git\usr\bin\sh.exe</Data></EventData></Event>
<Event xmlns='http://schemas.microsoft.com/win/2004/08/events/event'><System><Provider Name='Microsoft-Windows-Security-Auditing' Guid='{54849625-5478-4994-a5ba-3e3b0328c30d}'/><EventID>5379</EventID><Version>0</Version><Level>0</Level><Task>13824</Task><Opcode>0</Opcode><Keywords>0x8020000000000000</Keywords><TimeCreated SystemTime='2023-06-04T08:21:49.7384546Z'/><EventRecordID>506812</EventRecordID><Correlation ActivityID='{0a4ce6a1-9699-0002-39e7-4c0a9996d901}'/><Execution ProcessID='860' ThreadID='2396'/><Channel>Security</Channel><Computer>DESKTOP-1LIHC4I</Computer><Security/></System><EventData><Data Name='SubjectUserSid'>S-1-5-21-2384755564-1941788603-3002086374-1001</Data><Data Name='SubjectUserName'>Louki</Data><Data Name='SubjectDomainName'>DESKTOP-1LIHC4I</Data><Data Name='SubjectLogonId'>0x2d243</Data><Data Name='TargetName'>git:https://github.com</Data><Data Name='Type'>1</Data><Data Name='CountOfCredentialsReturned'>1</Data><Data Name='ReadOperation'>%%8099</Data><Data Name='ReturnCode'>0</Data><Data Name='ProcessCreationTime'>2023-06-04T08:21:48.6203005Z</Data><Data Name='ClientProcessId'>7308</Data></EventData></Event>
<Event xmlns='http://schemas.microsoft.com/win/2004/08/events/event'><System><Provider Name='Microsoft-Windows-Security-Auditing' Guid='{54849625-5478-4994-a5ba-3e3b0328c30d}'/><EventID>4798</EventID><Version>0</Version><Level>0</Level><Task>13824</Task><Opcode>0</Opcode><Keywords>0x8020000000000000</Keywords><TimeCreated SystemTime='2023-06-04T08:24:53.2496766Z'/><EventRecordID>506813</EventRecordID><Correlation ActivityID='{0a4ce6a1-9699-0002-39e7-4c0a9996d901}'/><Execution ProcessID='860' ThreadID='10340'/><Channel>Security</Channel><Computer>DESKTOP-1LIHC4I</Computer><Security/></System><EventData><Data Name='TargetUserName'>Louki</Data><Data Name='TargetDomainName'>DESKTOP-1LIHC4I</Data><Data Name='TargetSid'>S-1-5-21-2384755564-1941788603-3002086374-1001</Data><Data Name='SubjectUserSid'>S-1-5-21-2384755564-1941788603-3002086374-1001</Data><Data Name='SubjectUserName'>Louki</Data><Data Name='SubjectDomainName'>DESKTOP-1LIHC4I</Data><Data Name='SubjectLogonId'>0x2d243</Data><Data Name='CallerProcessId'>0x4b60</Data><Data Name='CallerProcessName'>C:\Program Files\Git\usr\bin\sh.exe</Data></EventData></Event>
<Event xmlns='http://schemas.microsoft.com/win/2004/08/events/event'><System><Provider Name='Microsoft-Windows-Security-Auditing' Guid='{54849625-5478-4994-a5ba-3e3b0328c30d}'/><EventID>5379</EventID><Version>0</Version><Level>0</Level><Task>13824</Task><Opcode>0</Opcode><Keywords>0x8020000000000000</Keywords><TimeCreated SystemTime='2023-06-04T08:24:53.8777825Z'/><EventRecordID>506814</EventRecordID><Correlation ActivityID='{0a4ce6a1-9699-0002-39e7-4c0a9996d901}'/><Execution ProcessID='860' ThreadID='10340'/><Channel>Security</Channel><Computer>DESKTOP-1LIHC4I</Computer><Security/></System><EventData><Data Name='SubjectUserSid'>S-1-5-21-2384755564-1941788603-3002086374-1001</Data><Data Name='SubjectUserName'>Louki</Data><Data Name='SubjectDomainName'>DESKTOP-1LIHC4I</Data><Data Name='SubjectLogonId'>0x2d243</Data><Data Name='TargetName'></Data><Data Name='Type'>0</Data><Data Name='CountOfCredentialsReturned'>24</Data><Data Name='ReadOperation'>%%8100</Data><Data Name='ReturnCode'>0</Data><Data Name='ProcessCreationTime'>2023-06-04T08:24:53.2832815Z</Data><Data Name='ClientProcessId'>17596</Data></EventData></Event>
<Event xmlns='http://schemas.microsoft.com/win/2004/08/events/event'><System><Provider Name='Microsoft-Windows-Security-Auditing' Guid='{54849625-5478-4994-a5ba-3e3b0328c30d}'/><EventID>4798</EventID><Version>0</Version><Level>0</Level><Task>13824</Task><Opcode>0</Opcode><Keywords>0x8020000000000000</Keywords><TimeCreated SystemTime='2023-06-04T08:24:54.3767510Z'/><EventRecordID>506815</EventRecordID><Correlation ActivityID='{0a4ce6a1-9699-0002-39e7-4c0a9996d901}'/><Execution ProcessID='860' ThreadID='14684'/><Channel>Security</Channel><Computer>DESKTOP-1LIHC4I</Computer><Security/></System><EventData><Data Name='TargetUserName'>Louki</Data><Data Name='TargetDomainName'>DESKTOP-1LIHC4I</Data><Data Name='TargetSid'>S-1-5-21-2384755564-1941788603-3002086374-1001</Data><Data Name='SubjectUserSid'>S-1-5-21-2384755564-1941788603-3002086374-1001</Data><Data Name='SubjectUserName'>Louki</Data><Data Name='SubjectDomainName'>DESKTOP-1LIHC4I</Data><Data Name='SubjectLogonId'>0x2d243</Data><Data Name='CallerProcessId'>0x47f4</Data><Data Name='CallerProcessName'>C:\Program Files\Git\usr\bin\sh.exe</Data></EventData></Event>
<Event xmlns='http://schemas.microsoft.com/win/2004/08/events/event'><System><Provider Name='Microsoft-Windows-Security-Auditing' Guid='{54849625-5478-4994-a5ba-3e3b0328c30d}'/><EventID>5379</EventID><Version>0</Version><Level>0</Level><Task>13824</Task><Opcode>0</Opcode><Keywords>0x8020000000000000</Keywords><TimeCreated SystemTime='2023-06-04T08:24:55.7012648Z'/><EventRecordID>506816</EventRecordID><Correlation ActivityID='{0a4ce6a1-9699-0002-39e7-4c0a9996d901}'/><Execution ProcessID='860' ThreadID='14684'/><Channel>Security</Channel><Computer>DESKTOP-1LIHC4I</Computer><Security/></System><EventData><Data Name='SubjectUserSid'>S-1-5-21-2384755564-1941788603-3002086374-1001</Data><Data Name='SubjectUserName'>Louki</Data><Data Name='SubjectDomainName'>DESKTOP-1LIHC4I</Data><Data Name='SubjectLogonId'>0x2d243</Data><Data Name='TargetName'>git:https://github.com</Data><Data Name='Type'>1</Data><Data Name='CountOfCredentialsReturned'>1</Data><Data Name='ReadOperation'>%%8099</Data><Data Name='ReturnCode'>0</Data><Data Name='ProcessCreationTime'>2023-06-04T08:24:54.5357076Z</Data><Data Name='ClientProcessId'>14744</Data></EventData></Event>
<Event xmlns='http://schemas.microsoft.com/win/2004/08/events/event'><System><Provider Name='Microsoft-Windows-Security-Auditing' Guid='{54849625-5478-4994-a5ba-3e3b0328c30d}'/><EventID>4798</EventID><Version>0</Version><Level>0</Level><Task>13824</Task><Opcode>0</Opcode><Keywords>0x8020000000000000</Keywords><TimeCreated SystemTime='2023-06-04T08:28:44.2799513Z'/><EventRecordID>506817</EventRecordID><Correlation ActivityID='{0a4ce6a1-9699-0002-39e7-4c0a9996d901}'/><Execution ProcessID='860' ThreadID='10340'/><Channel>Security</Channel><Computer>DESKTOP-1LIHC4I</Computer><Security/></System><EventData><Data Name='TargetUserName'>Louki</Data><Data Name='TargetDomainName'>DESKTOP-1LIHC4I</Data><Data Name='TargetSid'>S-1-5-21-2384755564-1941788603-3002086374-1001</Data><Data Name='SubjectUserSid'>S-1-5-21-2384755564-1941788603-3002086374-1001</Data><Data Name='SubjectUserName'>Louki</Data><Data Name='SubjectDomainName'>DESKTOP-1LIHC4I</Data><Data Name='SubjectLogonId'>0x2d243</Data><Data Name='CallerProcessId'>0x4358</Data><Data Name='CallerProcessName'>C:\Program Files\Git\usr\bin\sh.exe</Data></EventData></Event>
<Event xmlns='http://schemas.microsoft.com/win/2004/08/events/event'><System><Provider Name='Microsoft-Windows-Security-Auditing' Guid='{54849625-5478-4994-a5ba-3e3b0328c30d}'/><EventID>5379</EventID><Version>0</Version><Level>0</Level><Task>13824</Task><Opcode>0</Opcode><Keywords>0x8020000000000000</Keywords><TimeCreated SystemTime='2023-06-04T08:28:45.5612040Z'/><EventRecordID>506818</EventRecordID><Correlation ActivityID='{0a4ce6a1-9699-0002-39e7-4c0a9996d901}'/><Execution ProcessID='860' ThreadID='10340'/><Channel>Security</Channel><Computer>DESKTOP-1LIHC4I</Computer><Security/></System><EventData><Data Name='SubjectUserSid'>S-1-5-21-2384755564-1941788603-3002086374-1001</Data><Data Name='SubjectUserName'>Louki</Data><Data Name='SubjectDomainName'>DESKTOP-1LIHC4I</Data><Data Name='SubjectLogonId'>0x2d243</Data><Data Name='TargetName'></Data><Data Name='Type'>0</Data><Data Name='CountOfCredentialsReturned'>24</Data><Data Name='ReadOperation'>%%8100</Data><Data Name='ReturnCode'>0</Data><Data Name='ProcessCreationTime'>2023-06-04T08:28:44.3628442Z</Data><Data Name='ClientProcessId'>3772</Data></EventData></Event>
<Event xmlns='http://schemas.microsoft.com/win/2004/08/events/event'><System><Provider Name='Microsoft-Windows-Security-Auditing' Guid='{54849625-5478-4994-a5ba-3e3b0328c30d}'/><EventID>4798</EventID><Version>0</Version><Level>0</Level><Task>13824</Task><Opcode>0</Opcode><Keywords>0x8020000000000000</Keywords><TimeCreated SystemTime='2023-06-04T08:28:46.0349975Z'/><EventRecordID>506819</EventRecordID><Correlation ActivityID='{0a4ce6a1-9699-0002-39e7-4c0a9996d901}'/><Execution ProcessID='860' ThreadID='10340'/><Channel>Security</Channel><Computer>DESKTOP-1LIHC4I</Computer><Security/></System><EventData><Data Name='TargetUserName'>Louki</Data><Data Name='TargetDomainName'>DESKTOP-1LIHC4I</Data><Data Name='TargetSid'>S-1-5-21-2384755564-1941788603-3002086374-1001</Data><Data Name='SubjectUserSid'>S-1-5-21-2384755564-1941788603-3002086374-1001</Data><Data Name='SubjectUserName'>Louki</Data><Data Name='SubjectDomainName'>DESKTOP-1LIHC4I</Data><Data Name='SubjectLogonId'>0x2d243</Data><Data Name='CallerProcessId'>0x748</Data><Data Name='CallerProcessName'>C:\Program Files\Git\usr\bin\sh.exe</Data></EventData></Event>
<Event xmlns='http://schemas.microsoft.com/win/2004/08/events/event'><System><Provider Name='Microsoft-Windows-Security-Auditing' Guid='{54849625-5478-4994-a5ba-3e3b0328c30d}'/><EventID>5379</EventID><Version>0</Version><Level>0</Level><Task>13824</Task><Opcode>0</Opcode><Keywords>0x8020000000000000</Keywords><TimeCreated SystemTime='2023-06-04T08:28:46.6658368Z'/><EventRecordID>506820</EventRecordID><Correlation ActivityID='{0a4ce6a1-9699-0002-39e7-4c0a9996d901}'/><Execution ProcessID='860' ThreadID='10340'/><Channel>Security</Channel><Computer>DESKTOP-1LIHC4I</Computer><Security/></System><EventData><Data Name='SubjectUserSid'>S-1-5-21-2384755564-1941788603-3002086374-1001</Data><Data Name='SubjectUserName'>Louki</Data><Data Name='SubjectDomainName'>DESKTOP-1LIHC4I</Data><Data Name='SubjectLogonId'>0x2d243</Data><Data Name='TargetName'>git:https://github.com</Data><Data Name='Type'>1</Data><Data Name='CountOfCredentialsReturned'>1</Data><Data Name='ReadOperation'>%%8099</Data><Data Name='ReturnCode'>0</Data><Data Name='ProcessCreationTime'>2023-06-04T08:28:46.0702088Z</Data><Data Name='ClientProcessId'>4400</Data></EventData></Event>
<Event xmlns='http://schemas.microsoft.com/win/2004/08/events/event'><System><Provider Name='Microsoft-Windows-Security-Auditing' Guid='{54849625-5478-4994-a5ba-3e3b0328c30d}'/><EventID>4624</EventID><Version>2</Version><Level>0</Level><Task>12544</Task><Opcode>0</Opcode><Keywords>0x8020000000000000</Keywords><TimeCreated SystemTime='2023-06-04T08:30:13.4062505Z'/><EventRecordID>506821</EventRecordID><Correlation ActivityID='{0a4ce6a1-9699-0002-39e7-4c0a9996d901}'/><Execution ProcessID='860' ThreadID='15032'/><Channel>Security</Channel><Computer>DESKTOP-1LIHC4I</Computer><Security/></System><EventData><Data Name='SubjectUserSid'>S-1-5-18</Data><Data Name='SubjectUserName'>DESKTOP-1LIHC4I$</Data><Data Name='SubjectDomainName'>WORKGROUP</Data><Data Name='SubjectLogonId'>0x3e7</Data><Data Name='TargetUserSid'>S-1-5-18</Data><Data Name='TargetUserName'>SYSTEM</Data><Data Name='TargetDomainName'>NT AUTHORITY</Data><Data Name='TargetLogonId'>0x3e7</Data><Data Name='LogonType'>5</Data><Data Name='LogonProcessName'>Advapi  </Data><Data Name='AuthenticationPackageName'>Negotiate</Data><Data Name='WorkstationName'>-</Data><Data Name='LogonGuid'>{00000000-0000-0000-0000-000000000000}</Data><Data Name='TransmittedServices'>-</Data><Data Name='LmPackageName'>-</Data><Data Name='KeyLength'>0</Data><Data Name='ProcessId'>0x350</Data><Data Name='ProcessName'>C:\Windows\System32\services.exe</Data><Data Name='IpAddress'>-</Data><Data Name='IpPort'>-</Data><Data Name='ImpersonationLevel'>%%1833</Data><Data Name='RestrictedAdminMode'>-</Data><Data Name='TargetOutboundUserName'>-</Data><Data Name='TargetOutboundDomainName'>-</Data><Data Name='VirtualAccount'>%%1843</Data><Data Name='TargetLinkedLogonId'>0x0</Data><Data Name='ElevatedToken'>%%1842</Data></EventData></Event>
<Event xmlns='http://schemas.microsoft.com/win/2004/08/events/event'><System><Provider Name='Microsoft-Windows-Security-Auditing' Guid='{54849625-5478-4994-a5ba-3e3b0328c30d}'/><EventID>4672</EventID><Version>0</Version><Level>0</Level><Task>12548</Task><Opcode>0</Opcode><Keywords>0x8020000000000000</Keywords><TimeCreated SystemTime='2023-06-04T08:30:13.4062553Z'/><EventRecordID>506822</EventRecordID><Correlation ActivityID='{0a4ce6a1-9699-0002-39e7-4c0a9996d901}'/><Execution ProcessID='860' ThreadID='15032'/><Channel>Security</Channel><Computer>DESKTOP-1LIHC4I</Computer><Security/></System><EventData><Data Name='SubjectUserSid'>S-1-5-18</Data><Data Name='SubjectUserName'>SYSTEM</Data><Data Name='SubjectDomainName'>NT AUTHORITY</Data><Data Name='SubjectLogonId'>0x3e7</Data><Data Name='PrivilegeList'>SeAssignPrimaryTokenPrivilege SeTcbPrivilege SeSecurityPrivilege SeTakeOwnershipPrivilege SeLoadDriverPrivilege SeBackupPrivilege SeRestorePrivilege SeDebugPrivilege SeAuditPrivilege SeSystemEnvironmentPrivilege SeImpersonatePrivilege SeDelegateSessionUserImpersonatePrivilege</Data></EventData></Event>
<Event xmlns='http://schemas.microsoft.com/win/2004/08/events/event'><System><Provider Name='Microsoft-Windows-Security-Auditing' Guid='{54849625-5478-4994-a5ba-3e3b0328c30d}'/><EventID>4798</EventID><Version>0</Version><Level>0</Level><Task>13824</Task><Opcode>0</Opcode><Keywords>0x8020000000000000</Keywords><TimeCreated SystemTime='2023-06-04T08:32:39.9794027Z'/><EventRecordID>506823</EventRecordID><Correlation ActivityID='{0a4ce6a1-9699-0002-39e7-4c0a9996d901}'/><Execution ProcessID='860' ThreadID='608'/><Channel>Security</Channel><Computer>DESKTOP-1LIHC4I</Computer><Security/></System><EventData><Data Name='TargetUserName'>Louki</Data><Data Name='TargetDomainName'>DESKTOP-1LIHC4I</Data><Data Name='TargetSid'>S-1-5-21-2384755564-1941788603-3002086374-1001</Data><Data Name='SubjectUserSid'>S-1-5-21-2384755564-1941788603-3002086374-1001</Data><Data Name='SubjectUserName'>Louki</Data><Data Name='SubjectDomainName'>DESKTOP-1LIHC4I</Data><Data Name='SubjectLogonId'>0x2d243</Data><Data Name='CallerProcessId'>0x3ad4</Data><Data Name='CallerProcessName'>C:\Program Files\Git\usr\bin\sh.exe</Data></EventData></Event>
<Event xmlns='http://schemas.microsoft.com/win/2004/08/events/event'><System><Provider Name='Microsoft-Windows-Security-Auditing' Guid='{54849625-5478-4994-a5ba-3e3b0328c30d}'/><EventID>5379</EventID><Version>0</Version><Level>0</Level><Task>13824</Task><Opcode>0</Opcode><Keywords>0x8020000000000000</Keywords><TimeCreated SystemTime='2023-06-04T08:32:40.9608170Z'/><EventRecordID>506824</EventRecordID><Correlation ActivityID='{0a4ce6a1-9699-0002-39e7-4c0a9996d901}'/><Execution ProcessID='860' ThreadID='608'/><Channel>Security</Channel><Computer>DESKTOP-1LIHC4I</Computer><Security/></System><EventData><Data Name='SubjectUserSid'>S-1-5-21-2384755564-1941788603-3002086374-1001</Data><Data Name='SubjectUserName'>Louki</Data><Data Name='SubjectDomainName'>DESKTOP-1LIHC4I</Data><Data Name='SubjectLogonId'>0x2d243</Data><Data Name='TargetName'></Data><Data Name='Type'>0</Data><Data Name='CountOfCredentialsReturned'>24</Data><Data Name='ReadOperation'>%%8100</Data><Data Name='ReturnCode'>0</Data><Data Name='ProcessCreationTime'>2023-06-04T08:32:40.0129970Z</Data><Data Name='ClientProcessId'>11288</Data></EventData></Event>
<Event xmlns='http://schemas.microsoft.com/win/2004/08/events/event'><System><Provider Name='Microsoft-Windows-Security-Auditing' Guid='{54849625-5478-4994-a5ba-3e3b0328c30d}'/><EventID>4798</EventID><Version>0</Version><Level>0</Level><Task>13824</Task><Opcode>0</Opcode><Keywords>0x8020000000000000</Keywords><TimeCreated SystemTime='2023-06-04T08:32:41.4722172Z'/><EventRecordID>506825</EventRecordID><Correlation ActivityID='{0a4ce6a1-9699-0002-39e7-4c0a9996d901}'/><Execution ProcessID='860' ThreadID='15824'/><Channel>Security</Channel><Computer>DESKTOP-1LIHC4I</Computer><Security/></System><EventData><Data Name='TargetUserName'>Louki</Data><Data Name='TargetDomainName'>DESKTOP-1LIHC4I</Data><Data Name='TargetSid'>S-1-5-21-2384755564-1941788603-3002086374-1001</Data><Data Name='SubjectUserSid'>S-1-5-21-2384755564-1941788603-3002086374-1001</Data><Data Name='SubjectUserName'>Louki</Data><Data Name='SubjectDomainName'>DESKTOP-1LIHC4I</Data><Data Name='SubjectLogonId'>0x2d243</Data><Data Name='CallerProcessId'>0x3f80</Data><Data Name='CallerProcessName'>C:\Program Files\Git\usr\bin\sh.exe</Data></EventData></Event>
<Event xmlns='http://schemas.microsoft.com/win/2004/08/events/event'><System><Provider Name='Microsoft-Windows-Security-Auditing' Guid='{54849625-5478-4994-a5ba-3e3b0328c30d}'/><EventID>5379</EventID><Version>0</Version><Level>0</Level><Task>13824</Task><Opcode>0</Opcode><Keywords>0x8020000000000000</Keywords><TimeCreated SystemTime='2023-06-04T08:32:42.2325556Z'/><EventRecordID>506826</EventRecordID><Correlation ActivityID='{0a4ce6a1-9699-0002-39e7-4c0a9996d901}'/><Execution ProcessID='860' ThreadID='15824'/><Channel>Security</Channel><Computer>DESKTOP-1LIHC4I</Computer><Security/></System><EventData><Data Name='SubjectUserSid'>S-1-5-21-2384755564-1941788603-3002086374-1001</Data><Data Name='SubjectUserName'>Louki</Data><Data Name='SubjectDomainName'>DESKTOP-1LIHC4I</Data><Data Name='SubjectLogonId'>0x2d243</Data><Data Name='TargetName'>git:https://github.com</Data><Data Name='Type'>1</Data><Data Name='CountOfCredentialsReturned'>1</Data><Data Name='ReadOperation'>%%8099</Data><Data Name='ReturnCode'>0</Data><Data Name='ProcessCreationTime'>2023-06-04T08:32:41.5479609Z</Data><Data Name='ClientProcessId'>3620</Data></EventData></Event>
<Event xmlns='http://schemas.microsoft.com/win/2004/08/events/event'><System><Provider Name='Microsoft-Windows-Security-Auditing' Guid='{54849625-5478-4994-a5ba-3e3b0328c30d}'/><EventID>4798</EventID><Version>0</Version><Level>0</Level><Task>13824</Task><Opcode>0</Opcode><Keywords>0x8020000000000000</Keywords><TimeCreated SystemTime='2023-06-04T08:35:46.6082574Z'/><EventRecordID>506827</EventRecordID><Correlation ActivityID='{0a4ce6a1-9699-0002-39e7-4c0a9996d901}'/><Execution ProcessID='860' ThreadID='608'/><Channel>Security</Channel><Computer>DESKTOP-1LIHC4I</Computer><Security/></System><EventData><Data Name='TargetUserName'>Louki</Data><Data Name='TargetDomainName'>DESKTOP-1LIHC4I</Data><Data Name='TargetSid'>S-1-5-21-2384755564-1941788603-3002086374-1001</Data><Data Name='SubjectUserSid'>S-1-5-21-2384755564-1941788603-3002086374-1001</Data><Data Name='SubjectUserName'>Louki</Data><Data Name='SubjectDomainName'>DESKTOP-1LIHC4I</Data><Data Name='SubjectLogonId'>0x2d243</Data><Data Name='CallerProcessId'>0x4418</Data><Data Name='CallerProcessName'>C:\Program Files\Git\usr\bin\sh.exe</Data></EventData></Event>
<Event xmlns='http://schemas.microsoft.com/win/2004/08/events/event'><System><Provider Name='Microsoft-Windows-Security-Auditing' Guid='{54849625-5478-4994-a5ba-3e3b0328c30d}'/><EventID>5379</EventID><Version>0</Version><Level>0</Level><Task>13824</Task><Opcode>0</Opcode><Keywords>0x8020000000000000</Keywords><TimeCreated SystemTime='2023-06-04T08:35:47.1528450Z'/><EventRecordID>506828</EventRecordID><Correlation ActivityID='{0a4ce6a1-9699-0002-39e7-4c0a9996d901}'/><Execution ProcessID='860' ThreadID='608'/><Channel>Security</Channel><Computer>DESKTOP-1LIHC4I</Computer><Security/></System><EventData><Data Name='SubjectUserSid'>S-1-5-21-2384755564-1941788603-3002086374-1001</Data><Data Name='SubjectUserName'>Louki</Data><Data Name='SubjectDomainName'>DESKTOP-1LIHC4I</Data><Data Name='SubjectLogonId'>0x2d243</Data><Data Name='TargetName'></Data><Data Name='Type'>0</Data><Data Name='CountOfCredentialsReturned'>24</Data><Data Name='ReadOperation'>%%8100</Data><Data Name='ReturnCode'>0</Data><Data Name='ProcessCreationTime'>2023-06-04T08:35:46.6421572Z</Data><Data Name='ClientProcessId'>18408</Data></EventData></Event>
