<Event xmlns='http://schemas.microsoft.com/win/2004/08/events/event'><System><Provider Name='Microsoft-Windows-Security-Auditing' Guid='{54849625-5478-4994-a5ba-3e3b0328c30d}'/><EventID>5379</EventID><Version>0</Version><Level>0</Level><Task>13824</Task><Opcode>0</Opcode><Keywords>0x8020000000000000</Keywords><TimeCreated SystemTime='2023-06-04T06:49:59.1430072Z'/><EventRecordID>506611</EventRecordID><Correlation ActivityID='{0a4ce6a1-9699-0002-39e7-4c0a9996d901}'/><Execution ProcessID='860' ThreadID='608'/><Channel>Security</Channel><Computer>DESKTOP-1LIHC4I</Computer><Security/></System><EventData><Data Name='SubjectUserSid'>S-1-5-21-2384755564-1941788603-3002086374-1001</Data><Data Name='SubjectUserName'>Louki</Data><Data Name='SubjectDomainName'>DESKTOP-1LIHC4I</Data><Data Name='SubjectLogonId'>0x2d243</Data><Data Name='TargetName'>MicrosoftAccount:user=hieubilam20@gmail.com</Data><Data Name='Type'>0</Data><Data Name='CountOfCredentialsReturned'>1</Data><Data Name='ReadOperation'>%%8100</Data><Data Name='ReturnCode'>0</Data><Data Name='ProcessCreationTime'>2023-06-04T06:49:50.2839656Z</Data><Data Name='ClientProcessId'>2996</Data></EventData></Event>
<Event xmlns='http://schemas.microsoft.com/win/2004/08/events/event'><System><Provider Name='Microsoft-Windows-Security-Auditing' Guid='{54849625-5478-4994-a5ba-3e3b0328c30d}'/><EventID>5379</EventID><Version>0</Version><Level>0</Level><Task>13824</Task><Opcode>0</Opcode><Keywords>0x8020000000000000</Keywords><TimeCreated SystemTime='2023-06-04T06:49:59.1442126Z'/><EventRecordID>506612</EventRecordID><Correlation ActivityID='{0a4ce6a1-9699-0002-39e7-4c0a9996d901}'/><Execution ProcessID='860' ThreadID='608'/><Channel>Security</Channel><Computer>DESKTOP-1LIHC4I</Computer><Security/></System><EventData><Data Name='SubjectUserSid'>S-1-5-21-2384755564-1941788603-3002086374-1001</Data><Data Name='SubjectUserName'>Louki</Data><Data Name='SubjectDomainName'>DESKTOP-1LIHC4I</Data><Data Name='SubjectLogonId'>0x2d243</Data><Data Name='TargetName'>MicrosoftAccount:user=hieubilam20@gmail.com</Data><Data Name='Type'>1</Data><Data Name='CountOfCredentialsReturned'>1</Data><Data Name='ReadOperation'>%%8099</Data><Data Name='ReturnCode'>0</Data><Data Name='ProcessCreationTime'>2023-06-04T06:49:50.2839656Z</Data><Data Name='ClientProcessId'>2996</Data></EventData></Event>
<Event xmlns='http://schemas.microsoft.com/win/2004/08/events/event'><System><Provider Name='Microsoft-Windows-Security-Auditing' Guid='{54849625-5478-4994-a5ba-3e3b0328c30d}'/><EventID>5379</EventID><Version>0</Version><Level>0</Level><Task>13824</Task><Opcode>0</Opcode><Keywords>0x8020000000000000</Keywords><TimeCreated SystemTime='2023-06-04T06:49:59.1615419Z'/><EventRecordID>506613</EventRecordID><Correlation ActivityID='{0a4ce6a1-9699-0002-39e7-4c0a9996d901}'/><Execution ProcessID='860' ThreadID='608'/><Channel>Security</Channel><Computer>DESKTOP-1LIHC4I</Computer><Security/></System><EventData><Data Name='SubjectUserSid'>S-1-5-21-2384755564-1941788603-3002086374-1001</Data><Data Name='SubjectUserName'>Louki</Data><Data Name='SubjectDomainName'>DESKTOP-1LIHC4I</Data><Data Name='SubjectLogonId'>0x2d243</Data><Data Name='TargetName'>MicrosoftAccount:user=hieubilam20@gmail.com</Data><Data Name='Type'>0</Data><Data Name='CountOfCredentialsReturned'>1</Data><Data Name='ReadOperation'>%%8100</Data><Data Name='ReturnCode'>0</Data><Data Name='ProcessCreationTime'>2023-06-04T06:49:50.2839656Z</Data><Data Name='ClientProcessId'>2996</Data></EventData></Event>
<Event xmlns='http://schemas.microsoft.com/win/2004/08/events/event'><System><Provider Name='Microsoft-Windows-Security-Auditing' Guid='{54849625-5478-4994-a5ba-3e3b0328c30d}'/><EventID>5379</EventID><Version>0</Version><Level>0</Level><Task>13824</Task><Opcode>0</Opcode><Keywords>0x8020000000000000</Keywords><TimeCreated SystemTime='2023-06-04T06:49:59.1620753Z'/><EventRecordID>506614</EventRecordID><Correlation ActivityID='{0a4ce6a1-9699-0002-39e7-4c0a9996d901}'/><Execution ProcessID='860' ThreadID='608'/><Channel>Security</Channel><Computer>DESKTOP-1LIHC4I</Computer><Security/></System><EventData><Data Name='SubjectUserSid'>S-1-5-21-2384755564-1941788603-3002086374-1001</Data><Data Name='SubjectUserName'>Louki</Data><Data Name='SubjectDomainName'>DESKTOP-1LIHC4I</Data><Data Name='SubjectLogonId'>0x2d243</Data><Data Name='TargetName'>MicrosoftAccount:user=hieubilam20@gmail.com</Data><Data Name='Type'>0</Data><Data Name='CountOfCredentialsReturned'>1</Data><Data Name='ReadOperation'>%%8100</Data><Data Name='ReturnCode'>0</Data><Data Name='ProcessCreationTime'>2023-06-04T06:49:50.2839656Z</Data><Data Name='ClientProcessId'>2996</Data></EventData></Event>
<Event xmlns='http://schemas.microsoft.com/win/2004/08/events/event'><System><Provider Name='Microsoft-Windows-Security-Auditing' Guid='{54849625-5478-4994-a5ba-3e3b0328c30d}'/><EventID>5379</EventID><Version>0</Version><Level>0</Level><Task>13824</Task><Opcode>0</Opcode><Keywords>0x8020000000000000</Keywords><TimeCreated SystemTime='2023-06-04T06:49:59.1626084Z'/><EventRecordID>506615</EventRecordID><Correlation ActivityID='{0a4ce6a1-9699-0002-39e7-4c0a9996d901}'/><Execution ProcessID='860' ThreadID='608'/><Channel>Security</Channel><Computer>DESKTOP-1LIHC4I</Computer><Security/></System><EventData><Data Name='SubjectUserSid'>S-1-5-21-2384755564-1941788603-3002086374-1001</Data><Data Name='SubjectUserName'>Louki</Data><Data Name='SubjectDomainName'>DESKTOP-1LIHC4I</Data><Data Name='SubjectLogonId'>0x2d243</Data><Data Name='TargetName'>MicrosoftAccount:user=hieubilam20@gmail.com</Data><Data Name='Type'>0</Data><Data Name='CountOfCredentialsReturned'>1</Data><Data Name='ReadOperation'>%%8100</Data><Data Name='ReturnCode'>0</Data><Data Name='ProcessCreationTime'>2023-06-04T06:49:50.2839656Z</Data><Data Name='ClientProcessId'>2996</Data></EventData></Event>
<Event xmlns='http://schemas.microsoft.com/win/2004/08/events/event'><System><Provider Name='Microsoft-Windows-Security-Auditing' Guid='{54849625-5478-4994-a5ba-3e3b0328c30d}'/><EventID>5379</EventID><Version>0</Version><Level>0</Level><Task>13824</Task><Opcode>0</Opcode><Keywords>0x8020000000000000</Keywords><TimeCreated SystemTime='2023-06-04T06:49:59.1630519Z'/><EventRecordID>506616</EventRecordID><Correlation ActivityID='{0a4ce6a1-9699-0002-39e7-4c0a9996d901}'/><Execution ProcessID='860' ThreadID='608'/><Channel>Security</Channel><Computer>DESKTOP-1LIHC4I</Computer><Security/></System><EventData><Data Name='SubjectUserSid'>S-1-5-21-2384755564-1941788603-3002086374-1001</Data><Data Name='SubjectUserName'>Louki</Data><Data Name='SubjectDomainName'>DESKTOP-1LIHC4I</Data><Data Name='SubjectLogonId'>0x2d243</Data><Data Name='TargetName'>MicrosoftAccount:user=hieubilam20@gmail.com</Data><Data Name='Type'>0</Data><Data Name='CountOfCredentialsReturned'>1</Data><Data Name='ReadOperation'>%%8100</Data><Data Name='ReturnCode'>0</Data><Data Name='ProcessCreationTime'>2023-06-04T06:49:50.2839656Z</Data><Data Name='ClientProcessId'>2996</Data></EventData></Event>
<Event xmlns='http://schemas.microsoft.com/win/2004/08/events/event'><System><Provider Name='Microsoft-Windows-Security-Auditing' Guid='{54849625-5478-4994-a5ba-3e3b0328c30d}'/><EventID>5379</EventID><Version>0</Version><Level>0</Level><Task>13824</Task><Opcode>0</Opcode><Keywords>0x8020000000000000</Keywords><TimeCreated SystemTime='2023-06-04T06:49:59.1635779Z'/><EventRecordID>506617</EventRecordID><Correlation ActivityID='{0a4ce6a1-9699-0002-39e7-4c0a9996d901}'/><Execution ProcessID='860' ThreadID='608'/><Channel>Security</Channel><Computer>DESKTOP-1LIHC4I</Computer><Security/></System><EventData><Data Name='SubjectUserSid'>S-1-5-21-2384755564-1941788603-3002086374-1001</Data><Data Name='SubjectUserName'>Louki</Data><Data Name='SubjectDomainName'>DESKTOP-1LIHC4I</Data><Data Name='SubjectLogonId'>0x2d243</Data><Data Name='TargetName'>MicrosoftAccount:user=hieubilam20@gmail.com</Data><Data Name='Type'>0</Data><Data Name='CountOfCredentialsReturned'>1</Data><Data Name='ReadOperation'>%%8100</Data><Data Name='ReturnCode'>0</Data><Data Name='ProcessCreationTime'>2023-06-04T06:49:50.2839656Z</Data><Data Name='ClientProcessId'>2996</Data></EventData></Event>
<Event xmlns='http://schemas.microsoft.com/win/2004/08/events/event'><System><Provider Name='Microsoft-Windows-Security-Auditing' Guid='{54849625-5478-4994-a5ba-3e3b0328c30d}'/><EventID>5379</EventID><Version>0</Version><Level>0</Level><Task>13824</Task><Opcode>0</Opcode><Keywords>0x8020000000000000</Keywords><TimeCreated SystemTime='2023-06-04T06:49:59.1640311Z'/><EventRecordID>506618</EventRecordID><Correlation ActivityID='{0a4ce6a1-9699-0002-39e7-4c0a9996d901}'/><Execution ProcessID='860' ThreadID='608'/><Channel>Security</Channel><Computer>DESKTOP-1LIHC4I</Computer><Security/></System><EventData><Data Name='SubjectUserSid'>S-1-5-21-2384755564-1941788603-3002086374-1001</Data><Data Name='SubjectUserName'>Louki</Data><Data Name='SubjectDomainName'>DESKTOP-1LIHC4I</Data><Data Name='SubjectLogonId'>0x2d243</Data><Data Name='TargetName'>MicrosoftAccount:user=hieubilam20@gmail.com</Data><Data Name='Type'>0</Data><Data Name='CountOfCredentialsReturned'>1</Data><Data Name='ReadOperation'>%%8100</Data><Data Name='ReturnCode'>0</Data><Data Name='ProcessCreationTime'>2023-06-04T06:49:50.2839656Z</Data><Data Name='ClientProcessId'>2996</Data></EventData></Event>
<Event xmlns='http://schemas.microsoft.com/win/2004/08/events/event'><System><Provider Name='Microsoft-Windows-Security-Auditing' Guid='{54849625-5478-4994-a5ba-3e3b0328c30d}'/><EventID>5379</EventID><Version>0</Version><Level>0</Level><Task>13824</Task><Opcode>0</Opcode><Keywords>0x8020000000000000</Keywords><TimeCreated SystemTime='2023-06-04T06:49:59.1647673Z'/><EventRecordID>506619</EventRecordID><Correlation ActivityID='{0a4ce6a1-9699-0002-39e7-4c0a9996d901}'/><Execution ProcessID='860' ThreadID='608'/><Channel>Security</Channel><Computer>DESKTOP-1LIHC4I</Computer><Security/></System><EventData><Data Name='SubjectUserSid'>S-1-5-21-2384755564-1941788603-3002086374-1001</Data><Data Name='SubjectUserName'>Louki</Data><Data Name='SubjectDomainName'>DESKTOP-1LIHC4I</Data><Data Name='SubjectLogonId'>0x2d243</Data><Data Name='TargetName'>MicrosoftAccount:user=hieubilam20@gmail.com</Data><Data Name='Type'>0</Data><Data Name='CountOfCredentialsReturned'>1</Data><Data Name='ReadOperation'>%%8100</Data><Data Name='ReturnCode'>0</Data><Data Name='ProcessCreationTime'>2023-06-04T06:49:50.2839656Z</Data><Data Name='ClientProcessId'>2996</Data></EventData></Event>
<Event xmlns='http://schemas.microsoft.com/win/2004/08/events/event'><System><Provider Name='Microsoft-Windows-Security-Auditing' Guid='{54849625-5478-4994-a5ba-3e3b0328c30d}'/><EventID>5379</EventID><Version>0</Version><Level>0</Level><Task>13824</Task><Opcode>0</Opcode><Keywords>0x8020000000000000</Keywords><TimeCreated SystemTime='2023-06-04T06:49:59.1652635Z'/><EventRecordID>506620</EventRecordID><Correlation ActivityID='{0a4ce6a1-9699-0002-39e7-4c0a9996d901}'/><Execution ProcessID='860' ThreadID='608'/><Channel>Security</Channel><Computer>DESKTOP-1LIHC4I</Computer><Security/></System><EventData><Data Name='SubjectUserSid'>S-1-5-21-2384755564-1941788603-3002086374-1001</Data><Data Name='SubjectUserName'>Louki</Data><Data Name='SubjectDomainName'>DESKTOP-1LIHC4I</Data><Data Name='SubjectLogonId'>0x2d243</Data><Data Name='TargetName'>MicrosoftAccount:user=hieubilam20@gmail.com</Data><Data Name='Type'>0</Data><Data Name='CountOfCredentialsReturned'>1</Data><Data Name='ReadOperation'>%%8100</Data><Data Name='ReturnCode'>0</Data><Data Name='ProcessCreationTime'>2023-06-04T06:49:50.2839656Z</Data><Data Name='ClientProcessId'>2996</Data></EventData></Event>
<Event xmlns='http://schemas.microsoft.com/win/2004/08/events/event'><System><Provider Name='Microsoft-Windows-Security-Auditing' Guid='{54849625-5478-4994-a5ba-3e3b0328c30d}'/><EventID>5379</EventID><Version>0</Version><Level>0</Level><Task>13824</Task><Opcode>0</Opcode><Keywords>0x8020000000000000</Keywords><TimeCreated SystemTime='2023-06-04T06:49:59.1657953Z'/><EventRecordID>506621</EventRecordID><Correlation ActivityID='{0a4ce6a1-9699-0002-39e7-4c0a9996d901}'/><Execution ProcessID='860' ThreadID='608'/><Channel>Security</Channel><Computer>DESKTOP-1LIHC4I</Computer><Security/></System><EventData><Data Name='SubjectUserSid'>S-1-5-21-2384755564-1941788603-3002086374-1001</Data><Data Name='SubjectUserName'>Louki</Data><Data Name='SubjectDomainName'>DESKTOP-1LIHC4I</Data><Data Name='SubjectLogonId'>0x2d243</Data><Data Name='TargetName'>MicrosoftAccount:user=hieubilam20@gmail.com</Data><Data Name='Type'>0</Data><Data Name='CountOfCredentialsReturned'>1</Data><Data Name='ReadOperation'>%%8100</Data><Data Name='ReturnCode'>0</Data><Data Name='ProcessCreationTime'>2023-06-04T06:49:50.2839656Z</Data><Data Name='ClientProcessId'>2996</Data></EventData></Event>
<Event xmlns='http://schemas.microsoft.com/win/2004/08/events/event'><System><Provider Name='Microsoft-Windows-Security-Auditing' Guid='{54849625-5478-4994-a5ba-3e3b0328c30d}'/><EventID>5379</EventID><Version>0</Version><Level>0</Level><Task>13824</Task><Opcode>0</Opcode><Keywords>0x8020000000000000</Keywords><TimeCreated SystemTime='2023-06-04T06:49:59.1662448Z'/><EventRecordID>506622</EventRecordID><Correlation ActivityID='{0a4ce6a1-9699-0002-39e7-4c0a9996d901}'/><Execution ProcessID='860' ThreadID='608'/><Channel>Security</Channel><Computer>DESKTOP-1LIHC4I</Computer><Security/></System><EventData><Data Name='SubjectUserSid'>S-1-5-21-2384755564-1941788603-3002086374-1001</Data><Data Name='SubjectUserName'>Louki</Data><Data Name='SubjectDomainName'>DESKTOP-1LIHC4I</Data><Data Name='SubjectLogonId'>0x2d243</Data><Data Name='TargetName'>MicrosoftAccount:user=hieubilam20@gmail.com</Data><Data Name='Type'>0</Data><Data Name='CountOfCredentialsReturned'>1</Data><Data Name='ReadOperation'>%%8100</Data><Data Name='ReturnCode'>0</Data><Data Name='ProcessCreationTime'>2023-06-04T06:49:50.2839656Z</Data><Data Name='ClientProcessId'>2996</Data></EventData></Event>
<Event xmlns='http://schemas.microsoft.com/win/2004/08/events/event'><System><Provider Name='Microsoft-Windows-Security-Auditing' Guid='{54849625-5478-4994-a5ba-3e3b0328c30d}'/><EventID>5379</EventID><Version>0</Version><Level>0</Level><Task>13824</Task><Opcode>0</Opcode><Keywords>0x8020000000000000</Keywords><TimeCreated SystemTime='2023-06-04T06:49:59.1668866Z'/><EventRecordID>506623</EventRecordID><Correlation ActivityID='{0a4ce6a1-9699-0002-39e7-4c0a9996d901}'/><Execution ProcessID='860' ThreadID='608'/><Channel>Security</Channel><Computer>DESKTOP-1LIHC4I</Computer><Security/></System><EventData><Data Name='SubjectUserSid'>S-1-5-21-2384755564-1941788603-3002086374-1001</Data><Data Name='SubjectUserName'>Louki</Data><Data Name='SubjectDomainName'>DESKTOP-1LIHC4I</Data><Data Name='SubjectLogonId'>0x2d243</Data><Data Name='TargetName'>MicrosoftAccount:user=hieubilam20@gmail.com</Data><Data Name='Type'>0</Data><Data Name='CountOfCredentialsReturned'>1</Data><Data Name='ReadOperation'>%%8100</Data><Data Name='ReturnCode'>0</Data><Data Name='ProcessCreationTime'>2023-06-04T06:49:50.2839656Z</Data><Data Name='ClientProcessId'>2996</Data></EventData></Event>
<Event xmlns='http://schemas.microsoft.com/win/2004/08/events/event'><System><Provider Name='Microsoft-Windows-Security-Auditing' Guid='{54849625-5478-4994-a5ba-3e3b0328c30d}'/><EventID>5379</EventID><Version>0</Version><Level>0</Level><Task>13824</Task><Opcode>0</Opcode><Keywords>0x8020000000000000</Keywords><TimeCreated SystemTime='2023-06-04T06:49:59.1690134Z'/><EventRecordID>506624</EventRecordID><Correlation ActivityID='{0a4ce6a1-9699-0002-39e7-4c0a9996d901}'/><Execution ProcessID='860' ThreadID='608'/><Channel>Security</Channel><Computer>DESKTOP-1LIHC4I</Computer><Security/></System><EventData><Data Name='SubjectUserSid'>S-1-5-21-2384755564-1941788603-3002086374-1001</Data><Data Name='SubjectUserName'>Louki</Data><Data Name='SubjectDomainName'>DESKTOP-1LIHC4I</Data><Data Name='SubjectLogonId'>0x2d243</Data><Data Name='TargetName'>MicrosoftAccount:user=hieubilam20@gmail.com</Data><Data Name='Type'>0</Data><Data Name='CountOfCredentialsReturned'>1</Data><Data Name='ReadOperation'>%%8100</Data><Data Name='ReturnCode'>0</Data><Data Name='ProcessCreationTime'>2023-06-04T06:49:50.2839656Z</Data><Data Name='ClientProcessId'>2996</Data></EventData></Event>
<Event xmlns='http://schemas.microsoft.com/win/2004/08/events/event'><System><Provider Name='Microsoft-Windows-Security-Auditing' Guid='{54849625-5478-4994-a5ba-3e3b0328c30d}'/><EventID>5379</EventID><Version>0</Version><Level>0</Level><Task>13824</Task><Opcode>0</Opcode><Keywords>0x8020000000000000</Keywords><TimeCreated SystemTime='2023-06-04T06:49:59.1695384Z'/><EventRecordID>506625</EventRecordID><Correlation ActivityID='{0a4ce6a1-9699-0002-39e7-4c0a9996d901}'/><Execution ProcessID='860' ThreadID='608'/><Channel>Security</Channel><Computer>DESKTOP-1LIHC4I</Computer><Security/></System><EventData><Data Name='SubjectUserSid'>S-1-5-21-2384755564-1941788603-3002086374-1001</Data><Data Name='SubjectUserName'>Louki</Data><Data Name='SubjectDomainName'>DESKTOP-1LIHC4I</Data><Data Name='SubjectLogonId'>0x2d243</Data><Data Name='TargetName'>MicrosoftAccount:user=hieubilam20@gmail.com</Data><Data Name='Type'>0</Data><Data Name='CountOfCredentialsReturned'>1</Data><Data Name='ReadOperation'>%%8100</Data><Data Name='ReturnCode'>0</Data><Data Name='ProcessCreationTime'>2023-06-04T06:49:50.2839656Z</Data><Data Name='ClientProcessId'>2996</Data></EventData></Event>
<Event xmlns='http://schemas.microsoft.com/win/2004/08/events/event'><System><Provider Name='Microsoft-Windows-Security-Auditing' Guid='{54849625-5478-4994-a5ba-3e3b0328c30d}'/><EventID>5379</EventID><Version>0</Version><Level>0</Level><Task>13824</Task><Opcode>0</Opcode><Keywords>0x8020000000000000</Keywords><TimeCreated SystemTime='2023-06-04T06:49:59.1701043Z'/><EventRecordID>506626</EventRecordID><Correlation ActivityID='{0a4ce6a1-9699-0002-39e7-4c0a9996d901}'/><Execution ProcessID='860' ThreadID='608'/><Channel>Security</Channel><Computer>DESKTOP-1LIHC4I</Computer><Security/></System><EventData><Data Name='SubjectUserSid'>S-1-5-21-2384755564-1941788603-3002086374-1001</Data><Data Name='SubjectUserName'>Louki</Data><Data Name='SubjectDomainName'>DESKTOP-1LIHC4I</Data><Data Name='SubjectLogonId'>0x2d243</Data><Data Name='TargetName'>MicrosoftAccount:user=hieubilam20@gmail.com</Data><Data Name='Type'>0</Data><Data Name='CountOfCredentialsReturned'>1</Data><Data Name='ReadOperation'>%%8100</Data><Data Name='ReturnCode'>0</Data><Data Name='ProcessCreationTime'>2023-06-04T06:49:50.2839656Z</Data><Data Name='ClientProcessId'>2996</Data></EventData></Event>
<Event xmlns='http://schemas.microsoft.com/win/2004/08/events/event'><System><Provider Name='Microsoft-Windows-Security-Auditing' Guid='{54849625-5478-4994-a5ba-3e3b0328c30d}'/><EventID>5379</EventID><Version>0</Version><Level>0</Level><Task>13824</Task><Opcode>0</Opcode><Keywords>0x8020000000000000</Keywords><TimeCreated SystemTime='2023-06-04T06:49:59.1705771Z'/><EventRecordID>506627</EventRecordID><Correlation ActivityID='{0a4ce6a1-9699-0002-39e7-4c0a9996d901}'/><Execution ProcessID='860' ThreadID='608'/><Channel>Security</Channel><Computer>DESKTOP-1LIHC4I</Computer><Security/></System><EventData><Data Name='SubjectUserSid'>S-1-5-21-2384755564-1941788603-3002086374-1001</Data><Data Name='SubjectUserName'>Louki</Data><Data Name='SubjectDomainName'>DESKTOP-1LIHC4I</Data><Data Name='SubjectLogonId'>0x2d243</Data><Data Name='TargetName'>MicrosoftAccount:user=hieubilam20@gmail.com</Data><Data Name='Type'>0</Data><Data Name='CountOfCredentialsReturned'>1</Data><Data Name='ReadOperation'>%%8100</Data><Data Name='ReturnCode'>0</Data><Data Name='ProcessCreationTime'>2023-06-04T06:49:50.2839656Z</Data><Data Name='ClientProcessId'>2996</Data></EventData></Event>
<Event xmlns='http://schemas.microsoft.com/win/2004/08/events/event'><System><Provider Name='Microsoft-Windows-Security-Auditing' Guid='{54849625-5478-4994-a5ba-3e3b0328c30d}'/><EventID>5379</EventID><Version>0</Version><Level>0</Level><Task>13824</Task><Opcode>0</Opcode><Keywords>0x8020000000000000</Keywords><TimeCreated SystemTime='2023-06-04T06:49:59.1711060Z'/><EventRecordID>506628</EventRecordID><Correlation ActivityID='{0a4ce6a1-9699-0002-39e7-4c0a9996d901}'/><Execution ProcessID='860' ThreadID='608'/><Channel>Security</Channel><Computer>DESKTOP-1LIHC4I</Computer><Security/></System><EventData><Data Name='SubjectUserSid'>S-1-5-21-2384755564-1941788603-3002086374-1001</Data><Data Name='SubjectUserName'>Louki</Data><Data Name='SubjectDomainName'>DESKTOP-1LIHC4I</Data><Data Name='SubjectLogonId'>0x2d243</Data><Data Name='TargetName'>MicrosoftAccount:user=hieubilam20@gmail.com</Data><Data Name='Type'>0</Data><Data Name='CountOfCredentialsReturned'>1</Data><Data Name='ReadOperation'>%%8100</Data><Data Name='ReturnCode'>0</Data><Data Name='ProcessCreationTime'>2023-06-04T06:49:50.2839656Z</Data><Data Name='ClientProcessId'>2996</Data></EventData></Event>
<Event xmlns='http://schemas.microsoft.com/win/2004/08/events/event'><System><Provider Name='Microsoft-Windows-Security-Auditing' Guid='{54849625-5478-4994-a5ba-3e3b0328c30d}'/><EventID>5379</EventID><Version>0</Version><Level>0</Level><Task>13824</Task><Opcode>0</Opcode><Keywords>0x8020000000000000</Keywords><TimeCreated SystemTime='2023-06-04T06:49:59.1715753Z'/><EventRecordID>506629</EventRecordID><Correlation ActivityID='{0a4ce6a1-9699-0002-39e7-4c0a9996d901}'/><Execution ProcessID='860' ThreadID='608'/><Channel>Security</Channel><Computer>DESKTOP-1LIHC4I</Computer><Security/></System><EventData><Data Name='SubjectUserSid'>S-1-5-21-2384755564-1941788603-3002086374-1001</Data><Data Name='SubjectUserName'>Louki</Data><Data Name='SubjectDomainName'>DESKTOP-1LIHC4I</Data><Data Name='SubjectLogonId'>0x2d243</Data><Data Name='TargetName'>MicrosoftAccount:user=hieubilam20@gmail.com</Data><Data Name='Type'>0</Data><Data Name='CountOfCredentialsReturned'>1</Data><Data Name='ReadOperation'>%%8100</Data><Data Name='ReturnCode'>0</Data><Data Name='ProcessCreationTime'>2023-06-04T06:49:50.2839656Z</Data><Data Name='ClientProcessId'>2996</Data></EventData></Event>
<Event xmlns='http://schemas.microsoft.com/win/2004/08/events/event'><System><Provider Name='Microsoft-Windows-Security-Auditing' Guid='{54849625-5478-4994-a5ba-3e3b0328c30d}'/><EventID>5379</EventID><Version>0</Version><Level>0</Level><Task>13824</Task><Opcode>0</Opcode><Keywords>0x8020000000000000</Keywords><TimeCreated SystemTime='2023-06-04T06:49:59.1720743Z'/><EventRecordID>506630</EventRecordID><Correlation ActivityID='{0a4ce6a1-9699-0002-39e7-4c0a9996d901}'/><Execution ProcessID='860' ThreadID='608'/><Channel>Security</Channel><Computer>DESKTOP-1LIHC4I</Computer><Security/></System><EventData><Data Name='SubjectUserSid'>S-1-5-21-2384755564-1941788603-3002086374-1001</Data><Data Name='SubjectUserName'>Louki</Data><Data Name='SubjectDomainName'>DESKTOP-1LIHC4I</Data><Data Name='SubjectLogonId'>0x2d243</Data><Data Name='TargetName'>MicrosoftAccount:user=hieubilam20@gmail.com</Data><Data Name='Type'>0</Data><Data Name='CountOfCredentialsReturned'>1</Data><Data Name='ReadOperation'>%%8100</Data><Data Name='ReturnCode'>0</Data><Data Name='ProcessCreationTime'>2023-06-04T06:49:50.2839656Z</Data><Data Name='ClientProcessId'>2996</Data></EventData></Event>
<Event xmlns='http://schemas.microsoft.com/win/2004/08/events/event'><System><Provider Name='Microsoft-Windows-Security-Auditing' Guid='{54849625-5478-4994-a5ba-3e3b0328c30d}'/><EventID>5379</EventID><Version>0</Version><Level>0</Level><Task>13824</Task><Opcode>0</Opcode><Keywords>0x8020000000000000</Keywords><TimeCreated SystemTime='2023-06-04T06:49:59.1725485Z'/><EventRecordID>506631</EventRecordID><Correlation ActivityID='{0a4ce6a1-9699-0002-39e7-4c0a9996d901}'/><Execution ProcessID='860' ThreadID='608'/><Channel>Security</Channel><Computer>DESKTOP-1LIHC4I</Computer><Security/></System><EventData><Data Name='SubjectUserSid'>S-1-5-21-2384755564-1941788603-3002086374-1001</Data><Data Name='SubjectUserName'>Louki</Data><Data Name='SubjectDomainName'>DESKTOP-1LIHC4I</Data><Data Name='SubjectLogonId'>0x2d243</Data><Data Name='TargetName'>MicrosoftAccount:user=hieubilam20@gmail.com</Data><Data Name='Type'>0</Data><Data Name='CountOfCredentialsReturned'>1</Data><Data Name='ReadOperation'>%%8100</Data><Data Name='ReturnCode'>0</Data><Data Name='ProcessCreationTime'>2023-06-04T06:49:50.2839656Z</Data><Data Name='ClientProcessId'>2996</Data></EventData></Event>
<Event xmlns='http://schemas.microsoft.com/win/2004/08/events/event'><System><Provider Name='Microsoft-Windows-Security-Auditing' Guid='{54849625-5478-4994-a5ba-3e3b0328c30d}'/><EventID>5379</EventID><Version>0</Version><Level>0</Level><Task>13824</Task><Opcode>0</Opcode><Keywords>0x8020000000000000</Keywords><TimeCreated SystemTime='2023-06-04T06:49:59.1729362Z'/><EventRecordID>506632</EventRecordID><Correlation ActivityID='{0a4ce6a1-9699-0002-39e7-4c0a9996d901}'/><Execution ProcessID='860' ThreadID='608'/><Channel>Security</Channel><Computer>DESKTOP-1LIHC4I</Computer><Security/></System><EventData><Data Name='SubjectUserSid'>S-1-5-21-2384755564-1941788603-3002086374-1001</Data><Data Name='SubjectUserName'>Louki</Data><Data Name='SubjectDomainName'>DESKTOP-1LIHC4I</Data><Data Name='SubjectLogonId'>0x2d243</Data><Data Name='TargetName'>MicrosoftAccount:user=hieubilam20@gmail.com</Data><Data Name='Type'>0</Data><Data Name='CountOfCredentialsReturned'>1</Data><Data Name='ReadOperation'>%%8100</Data><Data Name='ReturnCode'>0</Data><Data Name='ProcessCreationTime'>2023-06-04T06:49:50.2839656Z</Data><Data Name='ClientProcessId'>2996</Data></EventData></Event>
<Event xmlns='http://schemas.microsoft.com/win/2004/08/events/event'><System><Provider Name='Microsoft-Windows-Security-Auditing' Guid='{54849625-5478-4994-a5ba-3e3b0328c30d}'/><EventID>5379</EventID><Version>0</Version><Level>0</Level><Task>13824</Task><Opcode>0</Opcode><Keywords>0x8020000000000000</Keywords><TimeCreated SystemTime='2023-06-04T06:49:59.1732564Z'/><EventRecordID>506633</EventRecordID><Correlation ActivityID='{0a4ce6a1-9699-0002-39e7-4c0a9996d901}'/><Execution ProcessID='860' ThreadID='608'/><Channel>Security</Channel><Computer>DESKTOP-1LIHC4I</Computer><Security/></System><EventData><Data Name='SubjectUserSid'>S-1-5-21-2384755564-1941788603-3002086374-1001</Data><Data Name='SubjectUserName'>Louki</Data><Data Name='SubjectDomainName'>DESKTOP-1LIHC4I</Data><Data Name='SubjectLogonId'>0x2d243</Data><Data Name='TargetName'>MicrosoftAccount:user=hieubilam20@gmail.com</Data><Data Name='Type'>0</Data><Data Name='CountOfCredentialsReturned'>1</Data><Data Name='ReadOperation'>%%8100</Data><Data Name='ReturnCode'>0</Data><Data Name='ProcessCreationTime'>2023-06-04T06:49:50.2839656Z</Data><Data Name='ClientProcessId'>2996</Data></EventData></Event>
<Event xmlns='http://schemas.microsoft.com/win/2004/08/events/event'><System><Provider Name='Microsoft-Windows-Security-Auditing' Guid='{54849625-5478-4994-a5ba-3e3b0328c30d}'/><EventID>5379</EventID><Version>0</Version><Level>0</Level><Task>13824</Task><Opcode>0</Opcode><Keywords>0x8020000000000000</Keywords><TimeCreated SystemTime='2023-06-04T06:49:59.1738106Z'/><EventRecordID>506634</EventRecordID><Correlation ActivityID='{0a4ce6a1-9699-0002-39e7-4c0a9996d901}'/><Execution ProcessID='860' ThreadID='608'/><Channel>Security</Channel><Computer>DESKTOP-1LIHC4I</Computer><Security/></System><EventData><Data Name='SubjectUserSid'>S-1-5-21-2384755564-1941788603-3002086374-1001</Data><Data Name='SubjectUserName'>Louki</Data><Data Name='SubjectDomainName'>DESKTOP-1LIHC4I</Data><Data Name='SubjectLogonId'>0x2d243</Data><Data Name='TargetName'>MicrosoftAccount:user=hieubilam20@gmail.com</Data><Data Name='Type'>0</Data><Data Name='CountOfCredentialsReturned'>1</Data><Data Name='ReadOperation'>%%8100</Data><Data Name='ReturnCode'>0</Data><Data Name='ProcessCreationTime'>2023-06-04T06:49:50.2839656Z</Data><Data Name='ClientProcessId'>2996</Data></EventData></Event>
<Event xmlns='http://schemas.microsoft.com/win/2004/08/events/event'><System><Provider Name='Microsoft-Windows-Security-Auditing' Guid='{54849625-5478-4994-a5ba-3e3b0328c30d}'/><EventID>5379</EventID><Version>0</Version><Level>0</Level><Task>13824</Task><Opcode>0</Opcode><Keywords>0x8020000000000000</Keywords><TimeCreated SystemTime='2023-06-04T06:49:59.1742968Z'/><EventRecordID>506635</EventRecordID><Correlation ActivityID='{0a4ce6a1-9699-0002-39e7-4c0a9996d901}'/><Execution ProcessID='860' ThreadID='608'/><Channel>Security</Channel><Computer>DESKTOP-1LIHC4I</Computer><Security/></System><EventData><Data Name='SubjectUserSid'>S-1-5-21-2384755564-1941788603-3002086374-1001</Data><Data Name='SubjectUserName'>Louki</Data><Data Name='SubjectDomainName'>DESKTOP-1LIHC4I</Data><Data Name='SubjectLogonId'>0x2d243</Data><Data Name='TargetName'>MicrosoftAccount:user=hieubilam20@gmail.com</Data><Data Name='Type'>0</Data><Data Name='CountOfCredentialsReturned'>1</Data><Data Name='ReadOperation'>%%8100</Data><Data Name='ReturnCode'>0</Data><Data Name='ProcessCreationTime'>2023-06-04T06:49:50.2839656Z</Data><Data Name='ClientProcessId'>2996</Data></EventData></Event>
<Event xmlns='http://schemas.microsoft.com/win/2004/08/events/event'><System><Provider Name='MSSQLSERVER'/><EventID Qualifiers='16384'>17890</EventID><Version>0</Version><Level>4</Level><Task>2</Task><Opcode>0</Opcode><Keywords>0x80000000000000</Keywords><TimeCreated SystemTime='2023-06-04T06:50:16.6919940Z'/><EventRecordID>127577</EventRecordID><Correlation/><Execution ProcessID='0' ThreadID='0'/><Channel>Application</Channel><Computer>DESKTOP-1LIHC4I</Computer><Security/></System><EventData><Data>660</Data><Data>158476</Data><Data>337776</Data><Data>46</Data><Binary>E24500000A000000100000004400450053004B0054004F0050002D0031004C0049004800430034004900000000000000</Binary></EventData></Event>
<Event xmlns='http://schemas.microsoft.com/win/2004/08/events/event'><System><Provider Name='Microsoft-Windows-Security-SPP' Guid='{E23B33B0-C8C9-472C-A5F9-F2BDFEA0F156}' EventSourceName='Software Protection Platform Service'/><EventID Qualifiers='16384'>16384</EventID><Version>0</Version><Level>4</Level><Task>0</Task><Opcode>0</Opcode><Keywords>0x80000000000000</Keywords><TimeCreated SystemTime='2023-06-04T06:50:22.0135663Z'/><EventRecordID>127578</EventRecordID><Correlation/><Execution ProcessID='0' ThreadID='0'/><Channel>Application</Channel><Computer>DESKTOP-1LIHC4I</Computer><Security/></System><EventData><Data>2023-06-05T04:00:21Z</Data><Data>RulesEngine</Data></EventData></Event>
<Event xmlns='http://schemas.microsoft.com/win/2004/08/events/event'><System><Provider Name='Microsoft-Windows-Security-Auditing' Guid='{54849625-5478-4994-a5ba-3e3b0328c30d}'/><EventID>4798</EventID><Version>0</Version><Level>0</Level><Task>13824</Task><Opcode>0</Opcode><Keywords>0x8020000000000000</Keywords><TimeCreated SystemTime='2023-06-04T06:50:30.5358256Z'/><EventRecordID>506636</EventRecordID><Correlation ActivityID='{0a4ce6a1-9699-0002-39e7-4c0a9996d901}'/><Execution ProcessID='860' ThreadID='608'/><Channel>Security</Channel><Computer>DESKTOP-1LIHC4I</Computer><Security/></System><EventData><Data Name='TargetUserName'>Louki</Data><Data Name='TargetDomainName'>DESKTOP-1LIHC4I</Data><Data Name='TargetSid'>S-1-5-21-2384755564-1941788603-3002086374-1001</Data><Data Name='SubjectUserSid'>S-1-5-21-2384755564-1941788603-3002086374-1001</Data><Data Name='SubjectUserName'>Louki</Data><Data Name='SubjectDomainName'>DESKTOP-1LIHC4I</Data><Data Name='SubjectLogonId'>0x2d243</Data><Data Name='CallerProcessId'>0x4880</Data><Data Name='CallerProcessName'>C:\Program Files\Git\usr\bin\sh.exe</Data></EventData></Event>
<Event xmlns='http://schemas.microsoft.com/win/2004/08/events/event'><System><Provider Name='Microsoft-Windows-Security-Auditing' Guid='{54849625-5478-4994-a5ba-3e3b0328c30d}'/><EventID>5379</EventID><Version>0</Version><Level>0</Level><Task>13824</Task><Opcode>0</Opcode><Keywords>0x8020000000000000</Keywords><TimeCreated SystemTime='2023-06-04T06:50:31.8306386Z'/><EventRecordID>506637</EventRecordID><Correlation ActivityID='{0a4ce6a1-9699-0002-39e7-4c0a9996d901}'/><Execution ProcessID='860' ThreadID='10340'/><Channel>Security</Channel><Computer>DESKTOP-1LIHC4I</Computer><Security/></System><EventData><Data Name='SubjectUserSid'>S-1-5-21-2384755564-1941788603-3002086374-1001</Data><Data Name='SubjectUserName'>Louki</Data><Data Name='SubjectDomainName'>DESKTOP-1LIHC4I</Data><Data Name='SubjectLogonId'>0x2d243</Data><Data Name='TargetName'></Data><Data Name='Type'>0</Data><Data Name='CountOfCredentialsReturned'>23</Data><Data Name='ReadOperation'>%%8100</Data><Data Name='ReturnCode'>0</Data><Data Name='ProcessCreationTime'>2023-06-04T06:50:30.6479764Z</Data><Data Name='ClientProcessId'>16808</Data></EventData></Event>
<Event xmlns='http://schemas.microsoft.com/win/2004/08/events/event'><System><Provider Name='Microsoft-Windows-Security-Auditing' Guid='{54849625-5478-4994-a5ba-3e3b0328c30d}'/><EventID>4798</EventID><Version>0</Version><Level>0</Level><Task>13824</Task><Opcode>0</Opcode><Keywords>0x8020000000000000</Keywords><TimeCreated SystemTime='2023-06-04T06:50:32.3728204Z'/><EventRecordID>506638</EventRecordID><Correlation ActivityID='{0a4ce6a1-9699-0002-39e7-4c0a9996d901}'/><Execution ProcessID='860' ThreadID='608'/><Channel>Security</Channel><Computer>DESKTOP-1LIHC4I</Computer><Security/></System><EventData><Data Name='TargetUserName'>Louki</Data><Data Name='TargetDomainName'>DESKTOP-1LIHC4I</Data><Data Name='TargetSid'>S-1-5-21-2384755564-1941788603-3002086374-1001</Data><Data Name='SubjectUserSid'>S-1-5-21-2384755564-1941788603-3002086374-1001</Data><Data Name='SubjectUserName'>Louki</Data><Data Name='SubjectDomainName'>DESKTOP-1LIHC4I</Data><Data Name='SubjectLogonId'>0x2d243</Data><Data Name='CallerProcessId'>0x4814</Data><Data Name='CallerProcessName'>C:\Program Files\Git\usr\bin\sh.exe</Data></EventData></Event>
<Event xmlns='http://schemas.microsoft.com/win/2004/08/events/event'><System><Provider Name='Microsoft-Windows-Security-Auditing' Guid='{54849625-5478-4994-a5ba-3e3b0328c30d}'/><EventID>5379</EventID><Version>0</Version><Level>0</Level><Task>13824</Task><Opcode>0</Opcode><Keywords>0x8020000000000000</Keywords><TimeCreated SystemTime='2023-06-04T06:50:33.3504190Z'/><EventRecordID>506639</EventRecordID><Correlation ActivityID='{0a4ce6a1-9699-0002-39e7-4c0a9996d901}'/><Execution ProcessID='860' ThreadID='608'/><Channel>Security</Channel><Computer>DESKTOP-1LIHC4I</Computer><Security/></System><EventData><Data Name='SubjectUserSid'>S-1-5-21-2384755564-1941788603-3002086374-1001</Data><Data Name='SubjectUserName'>Louki</Data><Data Name='SubjectDomainName'>DESKTOP-1LIHC4I</Data><Data Name='SubjectLogonId'>0x2d243</Data><Data Name='TargetName'>git:https://github.com</Data><Data Name='Type'>1</Data><Data Name='CountOfCredentialsReturned'>1</Data><Data Name='ReadOperation'>%%8099</Data><Data Name='ReturnCode'>0</Data><Data Name='ProcessCreationTime'>2023-06-04T06:50:32.4381037Z</Data><Data Name='ClientProcessId'>5616</Data></EventData></Event>
<Event xmlns='http://schemas.microsoft.com/win/2004/08/events/event'><System><Provider Name='Microsoft-Windows-Security-Auditing' Guid='{54849625-5478-4994-a5ba-3e3b0328c30d}'/><EventID>4624</EventID><Version>2</Version><Level>0</Level><Task>12544</Task><Opcode>0</Opcode><Keywords>0x8020000000000000</Keywords><TimeCreated SystemTime='2023-06-04T06:53:35.7246657Z'/><EventRecordID>506640</EventRecordID><Correlation ActivityID='{0a4ce6a1-9699-0002-39e7-4c0a9996d901}'/><Execution ProcessID='860' ThreadID='10340'/><Channel>Security</Channel><Computer>DESKTOP-1LIHC4I</Computer><Security/></System><EventData><Data Name='SubjectUserSid'>S-1-5-18</Data><Data Name='SubjectUserName'>DESKTOP-1LIHC4I$</Data><Data Name='SubjectDomainName'>WORKGROUP</Data><Data Name='SubjectLogonId'>0x3e7</Data><Data Name='TargetUserSid'>S-1-5-18</Data><Data Name='TargetUserName'>SYSTEM</Data><Data Name='TargetDomainName'>NT AUTHORITY</Data><Data Name='TargetLogonId'>0x3e7</Data><Data Name='LogonType'>5</Data><Data Name='LogonProcessName'>Advapi  </Data><Data Name='AuthenticationPackageName'>Negotiate</Data><Data Name='WorkstationName'>-</Data><Data Name='LogonGuid'>{00000000-0000-0000-0000-000000000000}</Data><Data Name='TransmittedServices'>-</Data><Data Name='LmPackageName'>-</Data><Data Name='KeyLength'>0</Data><Data Name='ProcessId'>0x350</Data><Data Name='ProcessName'>C:\Windows\System32\services.exe</Data><Data Name='IpAddress'>-</Data><Data Name='IpPort'>-</Data><Data Name='ImpersonationLevel'>%%1833</Data><Data Name='RestrictedAdminMode'>-</Data><Data Name='TargetOutboundUserName'>-</Data><Data Name='TargetOutboundDomainName'>-</Data><Data Name='VirtualAccount'>%%1843</Data><Data Name='TargetLinkedLogonId'>0x0</Data><Data Name='ElevatedToken'>%%1842</Data></EventData></Event>
<Event xmlns='http://schemas.microsoft.com/win/2004/08/events/event'><System><Provider Name='Microsoft-Windows-Security-Auditing' Guid='{54849625-5478-4994-a5ba-3e3b0328c30d}'/><EventID>4672</EventID><Version>0</Version><Level>0</Level><Task>12548</Task><Opcode>0</Opcode><Keywords>0x8020000000000000</Keywords><TimeCreated SystemTime='2023-06-04T06:53:35.7246792Z'/><EventRecordID>506641</EventRecordID><Correlation ActivityID='{0a4ce6a1-9699-0002-39e7-4c0a9996d901}'/><Execution ProcessID='860' ThreadID='10340'/><Channel>Security</Channel><Computer>DESKTOP-1LIHC4I</Computer><Security/></System><EventData><Data Name='SubjectUserSid'>S-1-5-18</Data><Data Name='SubjectUserName'>SYSTEM</Data><Data Name='SubjectDomainName'>NT AUTHORITY</Data><Data Name='SubjectLogonId'>0x3e7</Data><Data Name='PrivilegeList'>SeAssignPrimaryTokenPrivilege SeTcbPrivilege SeSecurityPrivilege SeTakeOwnershipPrivilege SeLoadDriverPrivilege SeBackupPrivilege SeRestorePrivilege SeDebugPrivilege SeAuditPrivilege SeSystemEnvironmentPrivilege SeImpersonatePrivilege SeDelegateSessionUserImpersonatePrivilege</Data></EventData></Event>
<Event xmlns='http://schemas.microsoft.com/win/2004/08/events/event'><System><Provider Name='Microsoft-Windows-Security-SPP' Guid='{E23B33B0-C8C9-472C-A5F9-F2BDFEA0F156}' EventSourceName='Software Protection Platform Service'/><EventID Qualifiers='49152'>16394</EventID><Version>0</Version><Level>4</Level><Task>0</Task><Opcode>0</Opcode><Keywords>0x80000000000000</Keywords><TimeCreated SystemTime='2023-06-04T06:53:37.9399361Z'/><EventRecordID>127579</EventRecordID><Correlation/><Execution ProcessID='0' ThreadID='0'/><Channel>Application</Channel><Computer>DESKTOP-1LIHC4I</Computer><Security/></System><EventData></EventData></Event>
<Event xmlns='http://schemas.microsoft.com/win/2004/08/events/event'><System><Provider Name='Microsoft-Windows-Security-SPP' Guid='{E23B33B0-C8C9-472C-A5F9-F2BDFEA0F156}' EventSourceName='Software Protection Platform Service'/><EventID Qualifiers='16384'>16384</EventID><Version>0</Version><Level>4</Level><Task>0</Task><Opcode>0</Opcode><Keywords>0x80000000000000</Keywords><TimeCreated SystemTime='2023-06-04T06:54:08.5676271Z'/><EventRecordID>127580</EventRecordID><Correlation/><Execution ProcessID='0' ThreadID='0'/><Channel>Application</Channel><Computer>DESKTOP-1LIHC4I</Computer><Security/></System><EventData><Data>2023-06-05T04:00:08Z</Data><Data>RulesEngine</Data></EventData></Event>
<Event xmlns='http://schemas.microsoft.com/win/2004/08/events/event'><System><Provider Name='MSSQLSERVER'/><EventID Qualifiers='16384'>17890</EventID><Version>0</Version><Level>4</Level><Task>2</Task><Opcode>0</Opcode><Keywords>0x80000000000000</Keywords><TimeCreated SystemTime='2023-06-04T06:54:40.6106063Z'/><EventRecordID>127581</EventRecordID><Correlation/><Execution ProcessID='0' ThreadID='0'/><Channel>Application</Channel><Computer>DESKTOP-1LIHC4I</Computer><Security/></System><EventData><Data>924</Data><Data>158864</Data><Data>338256</Data><Data>46</Data><Binary>E24500000A000000100000004400450053004B0054004F0050002D0031004C0049004800430034004900000000000000</Binary></EventData></Event>
<Event xmlns='http://schemas.microsoft.com/win/2004/08/events/event'><System><Provider Name='MSSQLSERVER'/><EventID Qualifiers='16384'>17890</EventID><Version>0</Version><Level>4</Level><Task>2</Task><Opcode>0</Opcode><Keywords>0x80000000000000</Keywords><TimeCreated SystemTime='2023-06-04T07:00:10.7224338Z'/><EventRecordID>127582</EventRecordID><Correlation/><Execution ProcessID='0' ThreadID='0'/><Channel>Application</Channel><Computer>DESKTOP-1LIHC4I</Computer><Security/></System><EventData><Data>1254</Data><Data>157144</Data><Data>338176</Data><Data>46</Data><Binary>E24500000A000000100000004400450053004B0054004F0050002D0031004C0049004800430034004900000000000000</Binary></EventData></Event>
<Event xmlns='http://schemas.microsoft.com/win/2004/08/events/event'><System><Provider Name='MSSQLSERVER'/><EventID Qualifiers='16384'>17890</EventID><Version>0</Version><Level>4</Level><Task>2</Task><Opcode>0</Opcode><Keywords>0x80000000000000</Keywords><TimeCreated SystemTime='2023-06-04T07:04:18.6719972Z'/><EventRecordID>127583</EventRecordID><Correlation/><Execution ProcessID='0' ThreadID='0'/><Channel>Application</Channel><Computer>DESKTOP-1LIHC4I</Computer><Security/></System><EventData><Data>0</Data><Data>173840</Data><Data>343152</Data><Data>50</Data><Binary>E24500000A000000100000004400450053004B0054004F0050002D0031004C0049004800430034004900000000000000</Binary></EventData></Event>
<Event xmlns='http://schemas.microsoft.com/win/2004/08/events/event'><System><Provider Name='Microsoft-Windows-Security-Auditing' Guid='{54849625-5478-4994-a5ba-3e3b0328c30d}'/><EventID>4624</EventID><Version>2</Version><Level>0</Level><Task>12544</Task><Opcode>0</Opcode><Keywords>0x8020000000000000</Keywords><TimeCreated SystemTime='2023-06-04T07:04:52.8119359Z'/><EventRecordID>506642</EventRecordID><Correlation ActivityID='{0a4ce6a1-9699-0002-39e7-4c0a9996d901}'/><Execution ProcessID='860' ThreadID='10340'/><Channel>Security</Channel><Computer>DESKTOP-1LIHC4I</Computer><Security/></System><EventData><Data Name='SubjectUserSid'>S-1-5-18</Data><Data Name='SubjectUserName'>DESKTOP-1LIHC4I$</Data><Data Name='SubjectDomainName'>WORKGROUP</Data><Data Name='SubjectLogonId'>0x3e7</Data><Data Name='TargetUserSid'>S-1-5-18</Data><Data Name='TargetUserName'>SYSTEM</Data><Data Name='TargetDomainName'>NT AUTHORITY</Data><Data Name='TargetLogonId'>0x3e7</Data><Data Name='LogonType'>5</Data><Data Name='LogonProcessName'>Advapi  </Data><Data Name='AuthenticationPackageName'>Negotiate</Data><Data Name='WorkstationName'>-</Data><Data Name='LogonGuid'>{00000000-0000-0000-0000-000000000000}</Data><Data Name='TransmittedServices'>-</Data><Data Name='LmPackageName'>-</Data><Data Name='KeyLength'>0</Data><Data Name='ProcessId'>0x350</Data><Data Name='ProcessName'>C:\Windows\System32\services.exe</Data><Data Name='IpAddress'>-</Data><Data Name='IpPort'>-</Data><Data Name='ImpersonationLevel'>%%1833</Data><Data Name='RestrictedAdminMode'>-</Data><Data Name='TargetOutboundUserName'>-</Data><Data Name='TargetOutboundDomainName'>-</Data><Data Name='VirtualAccount'>%%1843</Data><Data Name='TargetLinkedLogonId'>0x0</Data><Data Name='ElevatedToken'>%%1842</Data></EventData></Event>
<Event xmlns='http://schemas.microsoft.com/win/2004/08/events/event'><System><Provider Name='Microsoft-Windows-Security-Auditing' Guid='{54849625-5478-4994-a5ba-3e3b0328c30d}'/><EventID>4672</EventID><Version>0</Version><Level>0</Level><Task>12548</Task><Opcode>0</Opcode><Keywords>0x8020000000000000</Keywords><TimeCreated SystemTime='2023-06-04T07:04:52.8119473Z'/><EventRecordID>506643</EventRecordID><Correlation ActivityID='{0a4ce6a1-9699-0002-39e7-4c0a9996d901}'/><Execution ProcessID='860' ThreadID='10340'/><Channel>Security</Channel><Computer>DESKTOP-1LIHC4I</Computer><Security/></System><EventData><Data Name='SubjectUserSid'>S-1-5-18</Data><Data Name='SubjectUserName'>SYSTEM</Data><Data Name='SubjectDomainName'>NT AUTHORITY</Data><Data Name='SubjectLogonId'>0x3e7</Data><Data Name='PrivilegeList'>SeAssignPrimaryTokenPrivilege SeTcbPrivilege SeSecurityPrivilege SeTakeOwnershipPrivilege SeLoadDriverPrivilege SeBackupPrivilege SeRestorePrivilege SeDebugPrivilege SeAuditPrivilege SeSystemEnvironmentPrivilege SeImpersonatePrivilege SeDelegateSessionUserImpersonatePrivilege</Data></EventData></Event>
<Event xmlns='http://schemas.microsoft.com/win/2004/08/events/event'><System><Provider Name='MSSQLSERVER'/><EventID Qualifiers='16384'>17890</EventID><Version>0</Version><Level>4</Level><Task>2</Task><Opcode>0</Opcode><Keywords>0x80000000000000</Keywords><TimeCreated SystemTime='2023-06-04T07:08:41.5498031Z'/><EventRecordID>127584</EventRecordID><Correlation/><Execution ProcessID='0' ThreadID='0'/><Channel>Application</Channel><Computer>DESKTOP-1LIHC4I</Computer><Security/></System><EventData><Data>0</Data><Data>175664</Data><Data>345704</Data><Data>50</Data><Binary>E24500000A000000100000004400450053004B0054004F0050002D0031004C0049004800430034004900000000000000</Binary></EventData></Event>
<Event xmlns='http://schemas.microsoft.com/win/2004/08/events/event'><System><Provider Name='MSSQLSERVER'/><EventID Qualifiers='16384'>25754</EventID><Version>0</Version><Level>4</Level><Task>2</Task><Opcode>0</Opcode><Keywords>0x80000000000000</Keywords><TimeCreated SystemTime='2023-06-04T07:12:50.1493951Z'/><EventRecordID>127585</EventRecordID><Correlation/><Execution ProcessID='0' ThreadID='0'/><Channel>Application</Channel><Computer>DESKTOP-1LIHC4I</Computer><Security UserID='S-1-5-80-2652535364-2169709536-2857650723-2622804123-1107741775'/></System><EventData><Data>telemetry_xevents</Data><Binary>9A6400000A000000100000004400450053004B0054004F0050002D0031004C00490048004300340049000000070000006D00610073007400650072000000</Binary></EventData></Event>
<Event xmlns='http://schemas.microsoft.com/win/2004/08/events/event'><System><Provider Name='MSSQLSERVER'/><EventID Qualifiers='16384'>25753</EventID><Version>0</Version><Level>4</Level><Task>2</Task><Opcode>0</Opcode><Keywords>0x80000000000000</Keywords><TimeCreated SystemTime='2023-06-04T07:12:50.1690192Z'/><EventRecordID>127586</EventRecordID><Correlation/><Execution ProcessID='0' ThreadID='0'/><Channel>Application</Channel><Computer>DESKTOP-1LIHC4I</Computer><Security UserID='S-1-5-80-2652535364-2169709536-2857650723-2622804123-1107741775'/></System><EventData><Data>telemetry_xevents</Data><Binary>996400000A000000100000004400450053004B0054004F0050002D0031004C00490048004300340049000000070000006D00610073007400650072000000</Binary></EventData></Event>
<Event xmlns='http://schemas.microsoft.com/win/2004/08/events/event'><System><Provider Name='MSSQLSERVER'/><EventID Qualifiers='16384'>17890</EventID><Version>0</Version><Level>4</Level><Task>2</Task><Opcode>0</Opcode><Keywords>0x80000000000000</Keywords><TimeCreated SystemTime='2023-06-04T07:13:05.3797405Z'/><EventRecordID>127587</EventRecordID><Correlation/><Execution ProcessID='0' ThreadID='0'/><Channel>Application</Channel><Computer>DESKTOP-1LIHC4I</Computer><Security/></System><EventData><Data>0</Data><Data>172776</Data><Data>338832</Data><Data>50</Data><Binary>E24500000A000000100000004400450053004B0054004F0050002D0031004C0049004800430034004900000000000000</Binary></EventData></Event>
<Event xmlns='http://schemas.microsoft.com/win/2004/08/events/event'><System><Provider Name='MSSQLSERVER'/><EventID Qualifiers='16384'>17890</EventID><Version>0</Version><Level>4</Level><Task>2</Task><Opcode>0</Opcode><Keywords>0x80000000000000</Keywords><TimeCreated SystemTime='2023-06-04T07:18:34.5376536Z'/><EventRecordID>127588</EventRecordID><Correlation/><Execution ProcessID='0' ThreadID='0'/><Channel>Application</Channel><Computer>DESKTOP-1LIHC4I</Computer><Security/></System><EventData><Data>329</Data><Data>170748</Data><Data>343488</Data><Data>49</Data><Binary>E24500000A000000100000004400450053004B0054004F0050002D0031004C0049004800430034004900000000000000</Binary></EventData></Event>
<Event xmlns='http://schemas.microsoft.com/win/2004/08/events/event'><System><Provider Name='Microsoft-Windows-Security-Auditing' Guid='{54849625-5478-4994-a5ba-3e3b0328c30d}'/><EventID>4624</EventID><Version>2</Version><Level>0</Level><Task>12544</Task><Opcode>0</Opcode><Keywords>0x8020000000000000</Keywords><TimeCreated SystemTime='2023-06-04T07:20:21.0780146Z'/><EventRecordID>506644</EventRecordID><Correlation ActivityID='{0a4ce6a1-9699-0002-39e7-4c0a9996d901}'/><Execution ProcessID='860' ThreadID='608'/><Channel>Security</Channel><Computer>DESKTOP-1LIHC4I</Computer><Security/></System><EventData><Data Name='SubjectUserSid'>S-1-5-18</Data><Data Name='SubjectUserName'>DESKTOP-1LIHC4I$</Data><Data Name='SubjectDomainName'>WORKGROUP</Data><Data Name='SubjectLogonId'>0x3e7</Data><Data Name='TargetUserSid'>S-1-5-18</Data><Data Name='TargetUserName'>SYSTEM</Data><Data Name='TargetDomainName'>NT AUTHORITY</Data><Data Name='TargetLogonId'>0x3e7</Data><Data Name='LogonType'>5</Data><Data Name='LogonProcessName'>Advapi  </Data><Data Name='AuthenticationPackageName'>Negotiate</Data><Data Name='WorkstationName'>-</Data><Data Name='LogonGuid'>{00000000-0000-0000-0000-000000000000}</Data><Data Name='TransmittedServices'>-</Data><Data Name='LmPackageName'>-</Data><Data Name='KeyLength'>0</Data><Data Name='ProcessId'>0x350</Data><Data Name='ProcessName'>C:\Windows\System32\services.exe</Data><Data Name='IpAddress'>-</Data><Data Name='IpPort'>-</Data><Data Name='ImpersonationLevel'>%%1833</Data><Data Name='RestrictedAdminMode'>-</Data><Data Name='TargetOutboundUserName'>-</Data><Data Name='TargetOutboundDomainName'>-</Data><Data Name='VirtualAccount'>%%1843</Data><Data Name='TargetLinkedLogonId'>0x0</Data><Data Name='ElevatedToken'>%%1842</Data></EventData></Event>
