<Event xmlns='http://schemas.microsoft.com/win/2004/08/events/event'><System><Provider Name='Microsoft-Windows-Security-Auditing' Guid='{54849625-5478-4994-a5ba-3e3b0328c30d}'/><EventID>5379</EventID><Version>0</Version><Level>0</Level><Task>13824</Task><Opcode>0</Opcode><Keywords>0x8020000000000000</Keywords><TimeCreated SystemTime='2023-06-04T04:39:07.8700042Z'/><EventRecordID>506217</EventRecordID><Correlation ActivityID='{0a4ce6a1-9699-0002-39e7-4c0a9996d901}'/><Execution ProcessID='860' ThreadID='7032'/><Channel>Security</Channel><Computer>DESKTOP-1LIHC4I</Computer><Security/></System><EventData><Data Name='SubjectUserSid'>S-1-5-21-2384755564-1941788603-3002086374-1001</Data><Data Name='SubjectUserName'>Louki</Data><Data Name='SubjectDomainName'>DESKTOP-1LIHC4I</Data><Data Name='SubjectLogonId'>0x2d243</Data><Data Name='TargetName'>MicrosoftAccount:user=hieubilam20@gmail.com</Data><Data Name='Type'>0</Data><Data Name='CountOfCredentialsReturned'>1</Data><Data Name='ReadOperation'>%%8100</Data><Data Name='ReturnCode'>0</Data><Data Name='ProcessCreationTime'>2023-06-04T04:39:03.4424552Z</Data><Data Name='ClientProcessId'>9032</Data></EventData></Event>
<Event xmlns='http://schemas.microsoft.com/win/2004/08/events/event'><System><Provider Name='Microsoft-Windows-Security-Auditing' Guid='{54849625-5478-4994-a5ba-3e3b0328c30d}'/><EventID>5379</EventID><Version>0</Version><Level>0</Level><Task>13824</Task><Opcode>0</Opcode><Keywords>0x8020000000000000</Keywords><TimeCreated SystemTime='2023-06-04T04:39:07.8702188Z'/><EventRecordID>506218</EventRecordID><Correlation ActivityID='{0a4ce6a1-9699-0002-39e7-4c0a9996d901}'/><Execution ProcessID='860' ThreadID='7032'/><Channel>Security</Channel><Computer>DESKTOP-1LIHC4I</Computer><Security/></System><EventData><Data Name='SubjectUserSid'>S-1-5-21-2384755564-1941788603-3002086374-1001</Data><Data Name='SubjectUserName'>Louki</Data><Data Name='SubjectDomainName'>DESKTOP-1LIHC4I</Data><Data Name='SubjectLogonId'>0x2d243</Data><Data Name='TargetName'>MicrosoftAccount:user=hieubilam20@gmail.com</Data><Data Name='Type'>0</Data><Data Name='CountOfCredentialsReturned'>1</Data><Data Name='ReadOperation'>%%8100</Data><Data Name='ReturnCode'>0</Data><Data Name='ProcessCreationTime'>2023-06-04T04:39:03.4424552Z</Data><Data Name='ClientProcessId'>9032</Data></EventData></Event>
<Event xmlns='http://schemas.microsoft.com/win/2004/08/events/event'><System><Provider Name='Microsoft-Windows-Security-Auditing' Guid='{54849625-5478-4994-a5ba-3e3b0328c30d}'/><EventID>5379</EventID><Version>0</Version><Level>0</Level><Task>13824</Task><Opcode>0</Opcode><Keywords>0x8020000000000000</Keywords><TimeCreated SystemTime='2023-06-04T04:39:07.8704297Z'/><EventRecordID>506219</EventRecordID><Correlation ActivityID='{0a4ce6a1-9699-0002-39e7-4c0a9996d901}'/><Execution ProcessID='860' ThreadID='7032'/><Channel>Security</Channel><Computer>DESKTOP-1LIHC4I</Computer><Security/></System><EventData><Data Name='SubjectUserSid'>S-1-5-21-2384755564-1941788603-3002086374-1001</Data><Data Name='SubjectUserName'>Louki</Data><Data Name='SubjectDomainName'>DESKTOP-1LIHC4I</Data><Data Name='SubjectLogonId'>0x2d243</Data><Data Name='TargetName'>MicrosoftAccount:user=hieubilam20@gmail.com</Data><Data Name='Type'>0</Data><Data Name='CountOfCredentialsReturned'>1</Data><Data Name='ReadOperation'>%%8100</Data><Data Name='ReturnCode'>0</Data><Data Name='ProcessCreationTime'>2023-06-04T04:39:03.4424552Z</Data><Data Name='ClientProcessId'>9032</Data></EventData></Event>
<Event xmlns='http://schemas.microsoft.com/win/2004/08/events/event'><System><Provider Name='Microsoft-Windows-Security-Auditing' Guid='{54849625-5478-4994-a5ba-3e3b0328c30d}'/><EventID>5379</EventID><Version>0</Version><Level>0</Level><Task>13824</Task><Opcode>0</Opcode><Keywords>0x8020000000000000</Keywords><TimeCreated SystemTime='2023-06-04T04:39:07.8706992Z'/><EventRecordID>506220</EventRecordID><Correlation ActivityID='{0a4ce6a1-9699-0002-39e7-4c0a9996d901}'/><Execution ProcessID='860' ThreadID='7032'/><Channel>Security</Channel><Computer>DESKTOP-1LIHC4I</Computer><Security/></System><EventData><Data Name='SubjectUserSid'>S-1-5-21-2384755564-1941788603-3002086374-1001</Data><Data Name='SubjectUserName'>Louki</Data><Data Name='SubjectDomainName'>DESKTOP-1LIHC4I</Data><Data Name='SubjectLogonId'>0x2d243</Data><Data Name='TargetName'>MicrosoftAccount:user=hieubilam20@gmail.com</Data><Data Name='Type'>0</Data><Data Name='CountOfCredentialsReturned'>1</Data><Data Name='ReadOperation'>%%8100</Data><Data Name='ReturnCode'>0</Data><Data Name='ProcessCreationTime'>2023-06-04T04:39:03.4424552Z</Data><Data Name='ClientProcessId'>9032</Data></EventData></Event>
<Event xmlns='http://schemas.microsoft.com/win/2004/08/events/event'><System><Provider Name='Microsoft-Windows-Security-Auditing' Guid='{54849625-5478-4994-a5ba-3e3b0328c30d}'/><EventID>5379</EventID><Version>0</Version><Level>0</Level><Task>13824</Task><Opcode>0</Opcode><Keywords>0x8020000000000000</Keywords><TimeCreated SystemTime='2023-06-04T04:39:07.8709818Z'/><EventRecordID>506221</EventRecordID><Correlation ActivityID='{0a4ce6a1-9699-0002-39e7-4c0a9996d901}'/><Execution ProcessID='860' ThreadID='7032'/><Channel>Security</Channel><Computer>DESKTOP-1LIHC4I</Computer><Security/></System><EventData><Data Name='SubjectUserSid'>S-1-5-21-2384755564-1941788603-3002086374-1001</Data><Data Name='SubjectUserName'>Louki</Data><Data Name='SubjectDomainName'>DESKTOP-1LIHC4I</Data><Data Name='SubjectLogonId'>0x2d243</Data><Data Name='TargetName'>MicrosoftAccount:user=hieubilam20@gmail.com</Data><Data Name='Type'>0</Data><Data Name='CountOfCredentialsReturned'>1</Data><Data Name='ReadOperation'>%%8100</Data><Data Name='ReturnCode'>0</Data><Data Name='ProcessCreationTime'>2023-06-04T04:39:03.4424552Z</Data><Data Name='ClientProcessId'>9032</Data></EventData></Event>
<Event xmlns='http://schemas.microsoft.com/win/2004/08/events/event'><System><Provider Name='Microsoft-Windows-Security-Auditing' Guid='{54849625-5478-4994-a5ba-3e3b0328c30d}'/><EventID>5379</EventID><Version>0</Version><Level>0</Level><Task>13824</Task><Opcode>0</Opcode><Keywords>0x8020000000000000</Keywords><TimeCreated SystemTime='2023-06-04T04:39:07.8712765Z'/><EventRecordID>506222</EventRecordID><Correlation ActivityID='{0a4ce6a1-9699-0002-39e7-4c0a9996d901}'/><Execution ProcessID='860' ThreadID='7032'/><Channel>Security</Channel><Computer>DESKTOP-1LIHC4I</Computer><Security/></System><EventData><Data Name='SubjectUserSid'>S-1-5-21-2384755564-1941788603-3002086374-1001</Data><Data Name='SubjectUserName'>Louki</Data><Data Name='SubjectDomainName'>DESKTOP-1LIHC4I</Data><Data Name='SubjectLogonId'>0x2d243</Data><Data Name='TargetName'>MicrosoftAccount:user=hieubilam20@gmail.com</Data><Data Name='Type'>0</Data><Data Name='CountOfCredentialsReturned'>1</Data><Data Name='ReadOperation'>%%8100</Data><Data Name='ReturnCode'>0</Data><Data Name='ProcessCreationTime'>2023-06-04T04:39:03.4424552Z</Data><Data Name='ClientProcessId'>9032</Data></EventData></Event>
<Event xmlns='http://schemas.microsoft.com/win/2004/08/events/event'><System><Provider Name='Microsoft-Windows-Security-Auditing' Guid='{54849625-5478-4994-a5ba-3e3b0328c30d}'/><EventID>4798</EventID><Version>0</Version><Level>0</Level><Task>13824</Task><Opcode>0</Opcode><Keywords>0x8020000000000000</Keywords><TimeCreated SystemTime='2023-06-04T04:39:20.1125009Z'/><EventRecordID>506223</EventRecordID><Correlation ActivityID='{0a4ce6a1-9699-0002-39e7-4c0a9996d901}'/><Execution ProcessID='860' ThreadID='7032'/><Channel>Security</Channel><Computer>DESKTOP-1LIHC4I</Computer><Security/></System><EventData><Data Name='TargetUserName'>Louki</Data><Data Name='TargetDomainName'>DESKTOP-1LIHC4I</Data><Data Name='TargetSid'>S-1-5-21-2384755564-1941788603-3002086374-1001</Data><Data Name='SubjectUserSid'>S-1-5-21-2384755564-1941788603-3002086374-1001</Data><Data Name='SubjectUserName'>Louki</Data><Data Name='SubjectDomainName'>DESKTOP-1LIHC4I</Data><Data Name='SubjectLogonId'>0x2d243</Data><Data Name='CallerProcessId'>0x3eb8</Data><Data Name='CallerProcessName'>C:\Program Files\Git\usr\bin\sh.exe</Data></EventData></Event>
<Event xmlns='http://schemas.microsoft.com/win/2004/08/events/event'><System><Provider Name='Microsoft-Windows-Security-Auditing' Guid='{54849625-5478-4994-a5ba-3e3b0328c30d}'/><EventID>5379</EventID><Version>0</Version><Level>0</Level><Task>13824</Task><Opcode>0</Opcode><Keywords>0x8020000000000000</Keywords><TimeCreated SystemTime='2023-06-04T04:39:20.7687104Z'/><EventRecordID>506224</EventRecordID><Correlation ActivityID='{0a4ce6a1-9699-0002-39e7-4c0a9996d901}'/><Execution ProcessID='860' ThreadID='7032'/><Channel>Security</Channel><Computer>DESKTOP-1LIHC4I</Computer><Security/></System><EventData><Data Name='SubjectUserSid'>S-1-5-21-2384755564-1941788603-3002086374-1001</Data><Data Name='SubjectUserName'>Louki</Data><Data Name='SubjectDomainName'>DESKTOP-1LIHC4I</Data><Data Name='SubjectLogonId'>0x2d243</Data><Data Name='TargetName'></Data><Data Name='Type'>0</Data><Data Name='CountOfCredentialsReturned'>23</Data><Data Name='ReadOperation'>%%8100</Data><Data Name='ReturnCode'>0</Data><Data Name='ProcessCreationTime'>2023-06-04T04:39:20.1502747Z</Data><Data Name='ClientProcessId'>7264</Data></EventData></Event>
<Event xmlns='http://schemas.microsoft.com/win/2004/08/events/event'><System><Provider Name='Microsoft-Windows-Security-Auditing' Guid='{54849625-5478-4994-a5ba-3e3b0328c30d}'/><EventID>4798</EventID><Version>0</Version><Level>0</Level><Task>13824</Task><Opcode>0</Opcode><Keywords>0x8020000000000000</Keywords><TimeCreated SystemTime='2023-06-04T04:39:21.2989306Z'/><EventRecordID>506225</EventRecordID><Correlation ActivityID='{0a4ce6a1-9699-0002-39e7-4c0a9996d901}'/><Execution ProcessID='860' ThreadID='7032'/><Channel>Security</Channel><Computer>DESKTOP-1LIHC4I</Computer><Security/></System><EventData><Data Name='TargetUserName'>Louki</Data><Data Name='TargetDomainName'>DESKTOP-1LIHC4I</Data><Data Name='TargetSid'>S-1-5-21-2384755564-1941788603-3002086374-1001</Data><Data Name='SubjectUserSid'>S-1-5-21-2384755564-1941788603-3002086374-1001</Data><Data Name='SubjectUserName'>Louki</Data><Data Name='SubjectDomainName'>DESKTOP-1LIHC4I</Data><Data Name='SubjectLogonId'>0x2d243</Data><Data Name='CallerProcessId'>0x150c</Data><Data Name='CallerProcessName'>C:\Program Files\Git\usr\bin\sh.exe</Data></EventData></Event>
<Event xmlns='http://schemas.microsoft.com/win/2004/08/events/event'><System><Provider Name='Microsoft-Windows-Security-Auditing' Guid='{54849625-5478-4994-a5ba-3e3b0328c30d}'/><EventID>5379</EventID><Version>0</Version><Level>0</Level><Task>13824</Task><Opcode>0</Opcode><Keywords>0x8020000000000000</Keywords><TimeCreated SystemTime='2023-06-04T04:39:22.3147559Z'/><EventRecordID>506226</EventRecordID><Correlation ActivityID='{0a4ce6a1-9699-0002-39e7-4c0a9996d901}'/><Execution ProcessID='860' ThreadID='7032'/><Channel>Security</Channel><Computer>DESKTOP-1LIHC4I</Computer><Security/></System><EventData><Data Name='SubjectUserSid'>S-1-5-21-2384755564-1941788603-3002086374-1001</Data><Data Name='SubjectUserName'>Louki</Data><Data Name='SubjectDomainName'>DESKTOP-1LIHC4I</Data><Data Name='SubjectLogonId'>0x2d243</Data><Data Name='TargetName'>git:https://github.com</Data><Data Name='Type'>1</Data><Data Name='CountOfCredentialsReturned'>1</Data><Data Name='ReadOperation'>%%8099</Data><Data Name='ReturnCode'>0</Data><Data Name='ProcessCreationTime'>2023-06-04T04:39:21.4248085Z</Data><Data Name='ClientProcessId'>15312</Data></EventData></Event>
<Event xmlns='http://schemas.microsoft.com/win/2004/08/events/event'><System><Provider Name='Microsoft-Windows-Security-Auditing' Guid='{54849625-5478-4994-a5ba-3e3b0328c30d}'/><EventID>4798</EventID><Version>0</Version><Level>0</Level><Task>13824</Task><Opcode>0</Opcode><Keywords>0x8020000000000000</Keywords><TimeCreated SystemTime='2023-06-04T04:43:05.2401727Z'/><EventRecordID>506227</EventRecordID><Correlation ActivityID='{0a4ce6a1-9699-0002-39e7-4c0a9996d901}'/><Execution ProcessID='860' ThreadID='7032'/><Channel>Security</Channel><Computer>DESKTOP-1LIHC4I</Computer><Security/></System><EventData><Data Name='TargetUserName'>Louki</Data><Data Name='TargetDomainName'>DESKTOP-1LIHC4I</Data><Data Name='TargetSid'>S-1-5-21-2384755564-1941788603-3002086374-1001</Data><Data Name='SubjectUserSid'>S-1-5-21-2384755564-1941788603-3002086374-1001</Data><Data Name='SubjectUserName'>Louki</Data><Data Name='SubjectDomainName'>DESKTOP-1LIHC4I</Data><Data Name='SubjectLogonId'>0x2d243</Data><Data Name='CallerProcessId'>0x2520</Data><Data Name='CallerProcessName'>C:\Program Files\Git\usr\bin\sh.exe</Data></EventData></Event>
<Event xmlns='http://schemas.microsoft.com/win/2004/08/events/event'><System><Provider Name='Microsoft-Windows-Security-Auditing' Guid='{54849625-5478-4994-a5ba-3e3b0328c30d}'/><EventID>5379</EventID><Version>0</Version><Level>0</Level><Task>13824</Task><Opcode>0</Opcode><Keywords>0x8020000000000000</Keywords><TimeCreated SystemTime='2023-06-04T04:43:05.7947131Z'/><EventRecordID>506228</EventRecordID><Correlation ActivityID='{0a4ce6a1-9699-0002-39e7-4c0a9996d901}'/><Execution ProcessID='860' ThreadID='7032'/><Channel>Security</Channel><Computer>DESKTOP-1LIHC4I</Computer><Security/></System><EventData><Data Name='SubjectUserSid'>S-1-5-21-2384755564-1941788603-3002086374-1001</Data><Data Name='SubjectUserName'>Louki</Data><Data Name='SubjectDomainName'>DESKTOP-1LIHC4I</Data><Data Name='SubjectLogonId'>0x2d243</Data><Data Name='TargetName'></Data><Data Name='Type'>0</Data><Data Name='CountOfCredentialsReturned'>23</Data><Data Name='ReadOperation'>%%8100</Data><Data Name='ReturnCode'>0</Data><Data Name='ProcessCreationTime'>2023-06-04T04:43:05.2742780Z</Data><Data Name='ClientProcessId'>12168</Data></EventData></Event>
<Event xmlns='http://schemas.microsoft.com/win/2004/08/events/event'><System><Provider Name='Microsoft-Windows-Security-Auditing' Guid='{54849625-5478-4994-a5ba-3e3b0328c30d}'/><EventID>4798</EventID><Version>0</Version><Level>0</Level><Task>13824</Task><Opcode>0</Opcode><Keywords>0x8020000000000000</Keywords><TimeCreated SystemTime='2023-06-04T04:43:06.3210495Z'/><EventRecordID>506229</EventRecordID><Correlation ActivityID='{0a4ce6a1-9699-0002-39e7-4c0a9996d901}'/><Execution ProcessID='860' ThreadID='15668'/><Channel>Security</Channel><Computer>DESKTOP-1LIHC4I</Computer><Security/></System><EventData><Data Name='TargetUserName'>Louki</Data><Data Name='TargetDomainName'>DESKTOP-1LIHC4I</Data><Data Name='TargetSid'>S-1-5-21-2384755564-1941788603-3002086374-1001</Data><Data Name='SubjectUserSid'>S-1-5-21-2384755564-1941788603-3002086374-1001</Data><Data Name='SubjectUserName'>Louki</Data><Data Name='SubjectDomainName'>DESKTOP-1LIHC4I</Data><Data Name='SubjectLogonId'>0x2d243</Data><Data Name='CallerProcessId'>0x2374</Data><Data Name='CallerProcessName'>C:\Program Files\Git\usr\bin\sh.exe</Data></EventData></Event>
<Event xmlns='http://schemas.microsoft.com/win/2004/08/events/event'><System><Provider Name='Microsoft-Windows-Security-Auditing' Guid='{54849625-5478-4994-a5ba-3e3b0328c30d}'/><EventID>5379</EventID><Version>0</Version><Level>0</Level><Task>13824</Task><Opcode>0</Opcode><Keywords>0x8020000000000000</Keywords><TimeCreated SystemTime='2023-06-04T04:43:07.4086201Z'/><EventRecordID>506230</EventRecordID><Correlation ActivityID='{0a4ce6a1-9699-0002-39e7-4c0a9996d901}'/><Execution ProcessID='860' ThreadID='15668'/><Channel>Security</Channel><Computer>DESKTOP-1LIHC4I</Computer><Security/></System><EventData><Data Name='SubjectUserSid'>S-1-5-21-2384755564-1941788603-3002086374-1001</Data><Data Name='SubjectUserName'>Louki</Data><Data Name='SubjectDomainName'>DESKTOP-1LIHC4I</Data><Data Name='SubjectLogonId'>0x2d243</Data><Data Name='TargetName'>git:https://github.com</Data><Data Name='Type'>1</Data><Data Name='CountOfCredentialsReturned'>1</Data><Data Name='ReadOperation'>%%8099</Data><Data Name='ReturnCode'>0</Data><Data Name='ProcessCreationTime'>2023-06-04T04:43:06.4477354Z</Data><Data Name='ClientProcessId'>9736</Data></EventData></Event>
<Event xmlns='http://schemas.microsoft.com/win/2004/08/events/event'><System><Provider Name='Microsoft-Windows-Security-Auditing' Guid='{54849625-5478-4994-a5ba-3e3b0328c30d}'/><EventID>4798</EventID><Version>0</Version><Level>0</Level><Task>13824</Task><Opcode>0</Opcode><Keywords>0x8020000000000000</Keywords><TimeCreated SystemTime='2023-06-04T04:46:26.6849760Z'/><EventRecordID>506231</EventRecordID><Correlation ActivityID='{0a4ce6a1-9699-0002-39e7-4c0a9996d901}'/><Execution ProcessID='860' ThreadID='5396'/><Channel>Security</Channel><Computer>DESKTOP-1LIHC4I</Computer><Security/></System><EventData><Data Name='TargetUserName'>Louki</Data><Data Name='TargetDomainName'>DESKTOP-1LIHC4I</Data><Data Name='TargetSid'>S-1-5-21-2384755564-1941788603-3002086374-1001</Data><Data Name='SubjectUserSid'>S-1-5-21-2384755564-1941788603-3002086374-1001</Data><Data Name='SubjectUserName'>Louki</Data><Data Name='SubjectDomainName'>DESKTOP-1LIHC4I</Data><Data Name='SubjectLogonId'>0x2d243</Data><Data Name='CallerProcessId'>0x3d50</Data><Data Name='CallerProcessName'>C:\Program Files\Git\usr\bin\sh.exe</Data></EventData></Event>
<Event xmlns='http://schemas.microsoft.com/win/2004/08/events/event'><System><Provider Name='Microsoft-Windows-Security-Auditing' Guid='{54849625-5478-4994-a5ba-3e3b0328c30d}'/><EventID>5379</EventID><Version>0</Version><Level>0</Level><Task>13824</Task><Opcode>0</Opcode><Keywords>0x8020000000000000</Keywords><TimeCreated SystemTime='2023-06-04T04:46:27.7684013Z'/><EventRecordID>506232</EventRecordID><Correlation ActivityID='{0a4ce6a1-9699-0002-39e7-4c0a9996d901}'/><Execution ProcessID='860' ThreadID='5396'/><Channel>Security</Channel><Computer>DESKTOP-1LIHC4I</Computer><Security/></System><EventData><Data Name='SubjectUserSid'>S-1-5-21-2384755564-1941788603-3002086374-1001</Data><Data Name='SubjectUserName'>Louki</Data><Data Name='SubjectDomainName'>DESKTOP-1LIHC4I</Data><Data Name='SubjectLogonId'>0x2d243</Data><Data Name='TargetName'></Data><Data Name='Type'>0</Data><Data Name='CountOfCredentialsReturned'>23</Data><Data Name='ReadOperation'>%%8100</Data><Data Name='ReturnCode'>0</Data><Data Name='ProcessCreationTime'>2023-06-04T04:46:26.7483271Z</Data><Data Name='ClientProcessId'>10680</Data></EventData></Event>
<Event xmlns='http://schemas.microsoft.com/win/2004/08/events/event'><System><Provider Name='Microsoft-Windows-Security-Auditing' Guid='{54849625-5478-4994-a5ba-3e3b0328c30d}'/><EventID>4798</EventID><Version>0</Version><Level>0</Level><Task>13824</Task><Opcode>0</Opcode><Keywords>0x8020000000000000</Keywords><TimeCreated SystemTime='2023-06-04T04:46:28.2788919Z'/><EventRecordID>506233</EventRecordID><Correlation ActivityID='{0a4ce6a1-9699-0002-39e7-4c0a9996d901}'/><Execution ProcessID='860' ThreadID='7032'/><Channel>Security</Channel><Computer>DESKTOP-1LIHC4I</Computer><Security/></System><EventData><Data Name='TargetUserName'>Louki</Data><Data Name='TargetDomainName'>DESKTOP-1LIHC4I</Data><Data Name='TargetSid'>S-1-5-21-2384755564-1941788603-3002086374-1001</Data><Data Name='SubjectUserSid'>S-1-5-21-2384755564-1941788603-3002086374-1001</Data><Data Name='SubjectUserName'>Louki</Data><Data Name='SubjectDomainName'>DESKTOP-1LIHC4I</Data><Data Name='SubjectLogonId'>0x2d243</Data><Data Name='CallerProcessId'>0x161c</Data><Data Name='CallerProcessName'>C:\Program Files\Git\usr\bin\sh.exe</Data></EventData></Event>
<Event xmlns='http://schemas.microsoft.com/win/2004/08/events/event'><System><Provider Name='Microsoft-Windows-Security-Auditing' Guid='{54849625-5478-4994-a5ba-3e3b0328c30d}'/><EventID>5379</EventID><Version>0</Version><Level>0</Level><Task>13824</Task><Opcode>0</Opcode><Keywords>0x8020000000000000</Keywords><TimeCreated SystemTime='2023-06-04T04:46:28.9180339Z'/><EventRecordID>506234</EventRecordID><Correlation ActivityID='{0a4ce6a1-9699-0002-39e7-4c0a9996d901}'/><Execution ProcessID='860' ThreadID='7032'/><Channel>Security</Channel><Computer>DESKTOP-1LIHC4I</Computer><Security/></System><EventData><Data Name='SubjectUserSid'>S-1-5-21-2384755564-1941788603-3002086374-1001</Data><Data Name='SubjectUserName'>Louki</Data><Data Name='SubjectDomainName'>DESKTOP-1LIHC4I</Data><Data Name='SubjectLogonId'>0x2d243</Data><Data Name='TargetName'>git:https://github.com</Data><Data Name='Type'>1</Data><Data Name='CountOfCredentialsReturned'>1</Data><Data Name='ReadOperation'>%%8099</Data><Data Name='ReturnCode'>0</Data><Data Name='ProcessCreationTime'>2023-06-04T04:46:28.3119304Z</Data><Data Name='ClientProcessId'>13784</Data></EventData></Event>
<Event xmlns='http://schemas.microsoft.com/win/2004/08/events/event'><System><Provider Name='Microsoft-Windows-Security-Auditing' Guid='{54849625-5478-4994-a5ba-3e3b0328c30d}'/><EventID>4624</EventID><Version>2</Version><Level>0</Level><Task>12544</Task><Opcode>0</Opcode><Keywords>0x8020000000000000</Keywords><TimeCreated SystemTime='2023-06-04T04:48:45.1500462Z'/><EventRecordID>506235</EventRecordID><Correlation ActivityID='{0a4ce6a1-9699-0002-39e7-4c0a9996d901}'/><Execution ProcessID='860' ThreadID='10340'/><Channel>Security</Channel><Computer>DESKTOP-1LIHC4I</Computer><Security/></System><EventData><Data Name='SubjectUserSid'>S-1-5-18</Data><Data Name='SubjectUserName'>DESKTOP-1LIHC4I$</Data><Data Name='SubjectDomainName'>WORKGROUP</Data><Data Name='SubjectLogonId'>0x3e7</Data><Data Name='TargetUserSid'>S-1-5-18</Data><Data Name='TargetUserName'>SYSTEM</Data><Data Name='TargetDomainName'>NT AUTHORITY</Data><Data Name='TargetLogonId'>0x3e7</Data><Data Name='LogonType'>5</Data><Data Name='LogonProcessName'>Advapi  </Data><Data Name='AuthenticationPackageName'>Negotiate</Data><Data Name='WorkstationName'>-</Data><Data Name='LogonGuid'>{00000000-0000-0000-0000-000000000000}</Data><Data Name='TransmittedServices'>-</Data><Data Name='LmPackageName'>-</Data><Data Name='KeyLength'>0</Data><Data Name='ProcessId'>0x350</Data><Data Name='ProcessName'>C:\Windows\System32\services.exe</Data><Data Name='IpAddress'>-</Data><Data Name='IpPort'>-</Data><Data Name='ImpersonationLevel'>%%1833</Data><Data Name='RestrictedAdminMode'>-</Data><Data Name='TargetOutboundUserName'>-</Data><Data Name='TargetOutboundDomainName'>-</Data><Data Name='VirtualAccount'>%%1843</Data><Data Name='TargetLinkedLogonId'>0x0</Data><Data Name='ElevatedToken'>%%1842</Data></EventData></Event>
<Event xmlns='http://schemas.microsoft.com/win/2004/08/events/event'><System><Provider Name='Microsoft-Windows-Security-Auditing' Guid='{54849625-5478-4994-a5ba-3e3b0328c30d}'/><EventID>4672</EventID><Version>0</Version><Level>0</Level><Task>12548</Task><Opcode>0</Opcode><Keywords>0x8020000000000000</Keywords><TimeCreated SystemTime='2023-06-04T04:48:45.1500512Z'/><EventRecordID>506236</EventRecordID><Correlation ActivityID='{0a4ce6a1-9699-0002-39e7-4c0a9996d901}'/><Execution ProcessID='860' ThreadID='10340'/><Channel>Security</Channel><Computer>DESKTOP-1LIHC4I</Computer><Security/></System><EventData><Data Name='SubjectUserSid'>S-1-5-18</Data><Data Name='SubjectUserName'>SYSTEM</Data><Data Name='SubjectDomainName'>NT AUTHORITY</Data><Data Name='SubjectLogonId'>0x3e7</Data><Data Name='PrivilegeList'>SeAssignPrimaryTokenPrivilege SeTcbPrivilege SeSecurityPrivilege SeTakeOwnershipPrivilege SeLoadDriverPrivilege SeBackupPrivilege SeRestorePrivilege SeDebugPrivilege SeAuditPrivilege SeSystemEnvironmentPrivilege SeImpersonatePrivilege SeDelegateSessionUserImpersonatePrivilege</Data></EventData></Event>
<Event xmlns='http://schemas.microsoft.com/win/2004/08/events/event'><System><Provider Name='Microsoft-Windows-Security-Auditing' Guid='{54849625-5478-4994-a5ba-3e3b0328c30d}'/><EventID>4798</EventID><Version>0</Version><Level>0</Level><Task>13824</Task><Opcode>0</Opcode><Keywords>0x8020000000000000</Keywords><TimeCreated SystemTime='2023-06-04T04:49:42.6639536Z'/><EventRecordID>506237</EventRecordID><Correlation ActivityID='{0a4ce6a1-9699-0002-39e7-4c0a9996d901}'/><Execution ProcessID='860' ThreadID='10340'/><Channel>Security</Channel><Computer>DESKTOP-1LIHC4I</Computer><Security/></System><EventData><Data Name='TargetUserName'>Louki</Data><Data Name='TargetDomainName'>DESKTOP-1LIHC4I</Data><Data Name='TargetSid'>S-1-5-21-2384755564-1941788603-3002086374-1001</Data><Data Name='SubjectUserSid'>S-1-5-21-2384755564-1941788603-3002086374-1001</Data><Data Name='SubjectUserName'>Louki</Data><Data Name='SubjectDomainName'>DESKTOP-1LIHC4I</Data><Data Name='SubjectLogonId'>0x2d243</Data><Data Name='CallerProcessId'>0x118</Data><Data Name='CallerProcessName'>C:\Program Files\Git\usr\bin\sh.exe</Data></EventData></Event>
<Event xmlns='http://schemas.microsoft.com/win/2004/08/events/event'><System><Provider Name='Microsoft-Windows-Security-Auditing' Guid='{54849625-5478-4994-a5ba-3e3b0328c30d}'/><EventID>5379</EventID><Version>0</Version><Level>0</Level><Task>13824</Task><Opcode>0</Opcode><Keywords>0x8020000000000000</Keywords><TimeCreated SystemTime='2023-06-04T04:49:43.2114604Z'/><EventRecordID>506238</EventRecordID><Correlation ActivityID='{0a4ce6a1-9699-0002-39e7-4c0a9996d901}'/><Execution ProcessID='860' ThreadID='10340'/><Channel>Security</Channel><Computer>DESKTOP-1LIHC4I</Computer><Security/></System><EventData><Data Name='SubjectUserSid'>S-1-5-21-2384755564-1941788603-3002086374-1001</Data><Data Name='SubjectUserName'>Louki</Data><Data Name='SubjectDomainName'>DESKTOP-1LIHC4I</Data><Data Name='SubjectLogonId'>0x2d243</Data><Data Name='TargetName'></Data><Data Name='Type'>0</Data><Data Name='CountOfCredentialsReturned'>23</Data><Data Name='ReadOperation'>%%8100</Data><Data Name='ReturnCode'>0</Data><Data Name='ProcessCreationTime'>2023-06-04T04:49:42.6958875Z</Data><Data Name='ClientProcessId'>8300</Data></EventData></Event>
<Event xmlns='http://schemas.microsoft.com/win/2004/08/events/event'><System><Provider Name='Microsoft-Windows-Security-Auditing' Guid='{54849625-5478-4994-a5ba-3e3b0328c30d}'/><EventID>4798</EventID><Version>0</Version><Level>0</Level><Task>13824</Task><Opcode>0</Opcode><Keywords>0x8020000000000000</Keywords><TimeCreated SystemTime='2023-06-04T04:49:43.7057472Z'/><EventRecordID>506239</EventRecordID><Correlation ActivityID='{0a4ce6a1-9699-0002-39e7-4c0a9996d901}'/><Execution ProcessID='860' ThreadID='11516'/><Channel>Security</Channel><Computer>DESKTOP-1LIHC4I</Computer><Security/></System><EventData><Data Name='TargetUserName'>Louki</Data><Data Name='TargetDomainName'>DESKTOP-1LIHC4I</Data><Data Name='TargetSid'>S-1-5-21-2384755564-1941788603-3002086374-1001</Data><Data Name='SubjectUserSid'>S-1-5-21-2384755564-1941788603-3002086374-1001</Data><Data Name='SubjectUserName'>Louki</Data><Data Name='SubjectDomainName'>DESKTOP-1LIHC4I</Data><Data Name='SubjectLogonId'>0x2d243</Data><Data Name='CallerProcessId'>0x2d3c</Data><Data Name='CallerProcessName'>C:\Program Files\Git\usr\bin\sh.exe</Data></EventData></Event>
<Event xmlns='http://schemas.microsoft.com/win/2004/08/events/event'><System><Provider Name='Microsoft-Windows-Security-Auditing' Guid='{54849625-5478-4994-a5ba-3e3b0328c30d}'/><EventID>5379</EventID><Version>0</Version><Level>0</Level><Task>13824</Task><Opcode>0</Opcode><Keywords>0x8020000000000000</Keywords><TimeCreated SystemTime='2023-06-04T04:49:44.3227184Z'/><EventRecordID>506240</EventRecordID><Correlation ActivityID='{0a4ce6a1-9699-0002-39e7-4c0a9996d901}'/><Execution ProcessID='860' ThreadID='11516'/><Channel>Security</Channel><Computer>DESKTOP-1LIHC4I</Computer><Security/></System><EventData><Data Name='SubjectUserSid'>S-1-5-21-2384755564-1941788603-3002086374-1001</Data><Data Name='SubjectUserName'>Louki</Data><Data Name='SubjectDomainName'>DESKTOP-1LIHC4I</Data><Data Name='SubjectLogonId'>0x2d243</Data><Data Name='TargetName'>git:https://github.com</Data><Data Name='Type'>1</Data><Data Name='CountOfCredentialsReturned'>1</Data><Data Name='ReadOperation'>%%8099</Data><Data Name='ReturnCode'>0</Data><Data Name='ProcessCreationTime'>2023-06-04T04:49:43.7544816Z</Data><Data Name='ClientProcessId'>4768</Data></EventData></Event>
<Event xmlns='http://schemas.microsoft.com/win/2004/08/events/event'><System><Provider Name='Microsoft-Windows-Security-Auditing' Guid='{54849625-5478-4994-a5ba-3e3b0328c30d}'/><EventID>4624</EventID><Version>2</Version><Level>0</Level><Task>12544</Task><Opcode>0</Opcode><Keywords>0x8020000000000000</Keywords><TimeCreated SystemTime='2023-06-04T04:50:43.7339078Z'/><EventRecordID>506241</EventRecordID><Correlation ActivityID='{0a4ce6a1-9699-0002-39e7-4c0a9996d901}'/><Execution ProcessID='860' ThreadID='10340'/><Channel>Security</Channel><Computer>DESKTOP-1LIHC4I</Computer><Security/></System><EventData><Data Name='SubjectUserSid'>S-1-5-18</Data><Data Name='SubjectUserName'>DESKTOP-1LIHC4I$</Data><Data Name='SubjectDomainName'>WORKGROUP</Data><Data Name='SubjectLogonId'>0x3e7</Data><Data Name='TargetUserSid'>S-1-5-18</Data><Data Name='TargetUserName'>SYSTEM</Data><Data Name='TargetDomainName'>NT AUTHORITY</Data><Data Name='TargetLogonId'>0x3e7</Data><Data Name='LogonType'>5</Data><Data Name='LogonProcessName'>Advapi  </Data><Data Name='AuthenticationPackageName'>Negotiate</Data><Data Name='WorkstationName'>-</Data><Data Name='LogonGuid'>{00000000-0000-0000-0000-000000000000}</Data><Data Name='TransmittedServices'>-</Data><Data Name='LmPackageName'>-</Data><Data Name='KeyLength'>0</Data><Data Name='ProcessId'>0x350</Data><Data Name='ProcessName'>C:\Windows\System32\services.exe</Data><Data Name='IpAddress'>-</Data><Data Name='IpPort'>-</Data><Data Name='ImpersonationLevel'>%%1833</Data><Data Name='RestrictedAdminMode'>-</Data><Data Name='TargetOutboundUserName'>-</Data><Data Name='TargetOutboundDomainName'>-</Data><Data Name='VirtualAccount'>%%1843</Data><Data Name='TargetLinkedLogonId'>0x0</Data><Data Name='ElevatedToken'>%%1842</Data></EventData></Event>
<Event xmlns='http://schemas.microsoft.com/win/2004/08/events/event'><System><Provider Name='Microsoft-Windows-Security-Auditing' Guid='{54849625-5478-4994-a5ba-3e3b0328c30d}'/><EventID>4672</EventID><Version>0</Version><Level>0</Level><Task>12548</Task><Opcode>0</Opcode><Keywords>0x8020000000000000</Keywords><TimeCreated SystemTime='2023-06-04T04:50:43.7339140Z'/><EventRecordID>506242</EventRecordID><Correlation ActivityID='{0a4ce6a1-9699-0002-39e7-4c0a9996d901}'/><Execution ProcessID='860' ThreadID='10340'/><Channel>Security</Channel><Computer>DESKTOP-1LIHC4I</Computer><Security/></System><EventData><Data Name='SubjectUserSid'>S-1-5-18</Data><Data Name='SubjectUserName'>SYSTEM</Data><Data Name='SubjectDomainName'>NT AUTHORITY</Data><Data Name='SubjectLogonId'>0x3e7</Data><Data Name='PrivilegeList'>SeAssignPrimaryTokenPrivilege SeTcbPrivilege SeSecurityPrivilege SeTakeOwnershipPrivilege SeLoadDriverPrivilege SeBackupPrivilege SeRestorePrivilege SeDebugPrivilege SeAuditPrivilege SeSystemEnvironmentPrivilege SeImpersonatePrivilege SeDelegateSessionUserImpersonatePrivilege</Data></EventData></Event>
<Event xmlns='http://schemas.microsoft.com/win/2004/08/events/event'><System><Provider Name='Microsoft-Windows-Security-Auditing' Guid='{54849625-5478-4994-a5ba-3e3b0328c30d}'/><EventID>5379</EventID><Version>0</Version><Level>0</Level><Task>13824</Task><Opcode>0</Opcode><Keywords>0x8020000000000000</Keywords><TimeCreated SystemTime='2023-06-04T04:50:43.7661035Z'/><EventRecordID>506243</EventRecordID><Correlation ActivityID='{0a4ce6a1-9699-0002-39e7-4c0a9996d901}'/><Execution ProcessID='860' ThreadID='10340'/><Channel>Security</Channel><Computer>DESKTOP-1LIHC4I</Computer><Security/></System><EventData><Data Name='SubjectUserSid'>S-1-5-21-2384755564-1941788603-3002086374-1001</Data><Data Name='SubjectUserName'>Louki</Data><Data Name='SubjectDomainName'>DESKTOP-1LIHC4I</Data><Data Name='SubjectLogonId'>0x2d243</Data><Data Name='TargetName'>MicrosoftAccount:user=hieubilam20@gmail.com</Data><Data Name='Type'>0</Data><Data Name='CountOfCredentialsReturned'>1</Data><Data Name='ReadOperation'>%%8100</Data><Data Name='ReturnCode'>0</Data><Data Name='ProcessCreationTime'>2023-06-04T04:50:43.7355543Z</Data><Data Name='ClientProcessId'>11600</Data></EventData></Event>
<Event xmlns='http://schemas.microsoft.com/win/2004/08/events/event'><System><Provider Name='Microsoft-Windows-Security-Auditing' Guid='{54849625-5478-4994-a5ba-3e3b0328c30d}'/><EventID>5379</EventID><Version>0</Version><Level>0</Level><Task>13824</Task><Opcode>0</Opcode><Keywords>0x8020000000000000</Keywords><TimeCreated SystemTime='2023-06-04T04:50:43.7671150Z'/><EventRecordID>506244</EventRecordID><Correlation ActivityID='{0a4ce6a1-9699-0002-39e7-4c0a9996d901}'/><Execution ProcessID='860' ThreadID='10340'/><Channel>Security</Channel><Computer>DESKTOP-1LIHC4I</Computer><Security/></System><EventData><Data Name='SubjectUserSid'>S-1-5-21-2384755564-1941788603-3002086374-1001</Data><Data Name='SubjectUserName'>Louki</Data><Data Name='SubjectDomainName'>DESKTOP-1LIHC4I</Data><Data Name='SubjectLogonId'>0x2d243</Data><Data Name='TargetName'>WindowsLive:(token):name=hieubilam20@gmail.com;serviceuri=*</Data><Data Name='Type'>0</Data><Data Name='CountOfCredentialsReturned'>1</Data><Data Name='ReadOperation'>%%8100</Data><Data Name='ReturnCode'>0</Data><Data Name='ProcessCreationTime'>2023-06-04T04:50:43.7355543Z</Data><Data Name='ClientProcessId'>11600</Data></EventData></Event>
<Event xmlns='http://schemas.microsoft.com/win/2004/08/events/event'><System><Provider Name='Microsoft-Windows-Security-Auditing' Guid='{54849625-5478-4994-a5ba-3e3b0328c30d}'/><EventID>5379</EventID><Version>0</Version><Level>0</Level><Task>13824</Task><Opcode>0</Opcode><Keywords>0x8020000000000000</Keywords><TimeCreated SystemTime='2023-06-04T04:50:43.7674215Z'/><EventRecordID>506245</EventRecordID><Correlation ActivityID='{0a4ce6a1-9699-0002-39e7-4c0a9996d901}'/><Execution ProcessID='860' ThreadID='10340'/><Channel>Security</Channel><Computer>DESKTOP-1LIHC4I</Computer><Security/></System><EventData><Data Name='SubjectUserSid'>S-1-5-21-2384755564-1941788603-3002086374-1001</Data><Data Name='SubjectUserName'>Louki</Data><Data Name='SubjectDomainName'>DESKTOP-1LIHC4I</Data><Data Name='SubjectLogonId'>0x2d243</Data><Data Name='TargetName'>WindowsLive:(cert):name=hieubilam20@gmail.com;serviceuri=*</Data><Data Name='Type'>0</Data><Data Name='CountOfCredentialsReturned'>0</Data><Data Name='ReadOperation'>%%8100</Data><Data Name='ReturnCode'>3221226021</Data><Data Name='ProcessCreationTime'>2023-06-04T04:50:43.7355543Z</Data><Data Name='ClientProcessId'>11600</Data></EventData></Event>
<Event xmlns='http://schemas.microsoft.com/win/2004/08/events/event'><System><Provider Name='Microsoft-Windows-Security-Auditing' Guid='{54849625-5478-4994-a5ba-3e3b0328c30d}'/><EventID>5379</EventID><Version>0</Version><Level>0</Level><Task>13824</Task><Opcode>0</Opcode><Keywords>0x8020000000000000</Keywords><TimeCreated SystemTime='2023-06-04T04:50:43.7680851Z'/><EventRecordID>506246</EventRecordID><Correlation ActivityID='{0a4ce6a1-9699-0002-39e7-4c0a9996d901}'/><Execution ProcessID='860' ThreadID='10340'/><Channel>Security</Channel><Computer>DESKTOP-1LIHC4I</Computer><Security/></System><EventData><Data Name='SubjectUserSid'>S-1-5-18</Data><Data Name='SubjectUserName'>DESKTOP-1LIHC4I$</Data><Data Name='SubjectDomainName'>WORKGROUP</Data><Data Name='SubjectLogonId'>0x3e7</Data><Data Name='TargetName'>WindowsLive:(token):name=02sqjykdyqgivpgf;serviceuri=*</Data><Data Name='Type'>0</Data><Data Name='CountOfCredentialsReturned'>0</Data><Data Name='ReadOperation'>%%8100</Data><Data Name='ReturnCode'>3221226021</Data><Data Name='ProcessCreationTime'>2023-06-04T04:50:43.7355543Z</Data><Data Name='ClientProcessId'>11600</Data></EventData></Event>
<Event xmlns='http://schemas.microsoft.com/win/2004/08/events/event'><System><Provider Name='Microsoft-Windows-Security-Auditing' Guid='{54849625-5478-4994-a5ba-3e3b0328c30d}'/><EventID>5379</EventID><Version>0</Version><Level>0</Level><Task>13824</Task><Opcode>0</Opcode><Keywords>0x8020000000000000</Keywords><TimeCreated SystemTime='2023-06-04T04:50:43.7682899Z'/><EventRecordID>506247</EventRecordID><Correlation ActivityID='{0a4ce6a1-9699-0002-39e7-4c0a9996d901}'/><Execution ProcessID='860' ThreadID='10340'/><Channel>Security</Channel><Computer>DESKTOP-1LIHC4I</Computer><Security/></System><EventData><Data Name='SubjectUserSid'>S-1-5-18</Data><Data Name='SubjectUserName'>DESKTOP-1LIHC4I$</Data><Data Name='SubjectDomainName'>WORKGROUP</Data><Data Name='SubjectLogonId'>0x3e7</Data><Data Name='TargetName'>WindowsLive:(cert):name=02sqjykdyqgivpgf;serviceuri=*</Data><Data Name='Type'>0</Data><Data Name='CountOfCredentialsReturned'>0</Data><Data Name='ReadOperation'>%%8100</Data><Data Name='ReturnCode'>3221226021</Data><Data Name='ProcessCreationTime'>2023-06-04T04:50:43.7355543Z</Data><Data Name='ClientProcessId'>11600</Data></EventData></Event>
<Event xmlns='http://schemas.microsoft.com/win/2004/08/events/event'><System><Provider Name='Microsoft-Windows-Security-Auditing' Guid='{54849625-5478-4994-a5ba-3e3b0328c30d}'/><EventID>5379</EventID><Version>0</Version><Level>0</Level><Task>13824</Task><Opcode>0</Opcode><Keywords>0x8020000000000000</Keywords><TimeCreated SystemTime='2023-06-04T04:50:43.7683771Z'/><EventRecordID>506248</EventRecordID><Correlation ActivityID='{0a4ce6a1-9699-0002-39e7-4c0a9996d901}'/><Execution ProcessID='860' ThreadID='10340'/><Channel>Security</Channel><Computer>DESKTOP-1LIHC4I</Computer><Security/></System><EventData><Data Name='SubjectUserSid'>S-1-5-18</Data><Data Name='SubjectUserName'>DESKTOP-1LIHC4I$</Data><Data Name='SubjectDomainName'>WORKGROUP</Data><Data Name='SubjectLogonId'>0x3e7</Data><Data Name='TargetName'>WindowsLive:target=virtualapp/didlogical</Data><Data Name='Type'>0</Data><Data Name='CountOfCredentialsReturned'>1</Data><Data Name='ReadOperation'>%%8100</Data><Data Name='ReturnCode'>0</Data><Data Name='ProcessCreationTime'>2023-06-04T04:50:43.7355543Z</Data><Data Name='ClientProcessId'>11600</Data></EventData></Event>
<Event xmlns='http://schemas.microsoft.com/win/2004/08/events/event'><System><Provider Name='Microsoft-Windows-Security-Auditing' Guid='{54849625-5478-4994-a5ba-3e3b0328c30d}'/><EventID>5379</EventID><Version>0</Version><Level>0</Level><Task>13824</Task><Opcode>0</Opcode><Keywords>0x8020000000000000</Keywords><TimeCreated SystemTime='2023-06-04T04:50:43.7707932Z'/><EventRecordID>506249</EventRecordID><Correlation ActivityID='{0a4ce6a1-9699-0002-39e7-4c0a9996d901}'/><Execution ProcessID='860' ThreadID='10340'/><Channel>Security</Channel><Computer>DESKTOP-1LIHC4I</Computer><Security/></System><EventData><Data Name='SubjectUserSid'>S-1-5-21-2384755564-1941788603-3002086374-1001</Data><Data Name='SubjectUserName'>Louki</Data><Data Name='SubjectDomainName'>DESKTOP-1LIHC4I</Data><Data Name='SubjectLogonId'>0x2d243</Data><Data Name='TargetName'>MicrosoftAccount:user=hieubilam20@gmail.com</Data><Data Name='Type'>0</Data><Data Name='CountOfCredentialsReturned'>1</Data><Data Name='ReadOperation'>%%8100</Data><Data Name='ReturnCode'>0</Data><Data Name='ProcessCreationTime'>2023-06-04T04:50:43.7355543Z</Data><Data Name='ClientProcessId'>11600</Data></EventData></Event>
<Event xmlns='http://schemas.microsoft.com/win/2004/08/events/event'><System><Provider Name='Microsoft-Windows-Security-Auditing' Guid='{54849625-5478-4994-a5ba-3e3b0328c30d}'/><EventID>5379</EventID><Version>0</Version><Level>0</Level><Task>13824</Task><Opcode>0</Opcode><Keywords>0x8020000000000000</Keywords><TimeCreated SystemTime='2023-06-04T04:50:43.7719508Z'/><EventRecordID>506250</EventRecordID><Correlation ActivityID='{0a4ce6a1-9699-0002-39e7-4c0a9996d901}'/><Execution ProcessID='860' ThreadID='10340'/><Channel>Security</Channel><Computer>DESKTOP-1LIHC4I</Computer><Security/></System><EventData><Data Name='SubjectUserSid'>S-1-5-21-2384755564-1941788603-3002086374-1001</Data><Data Name='SubjectUserName'>Louki</Data><Data Name='SubjectDomainName'>DESKTOP-1LIHC4I</Data><Data Name='SubjectLogonId'>0x2d243</Data><Data Name='TargetName'>WindowsLive:(token):name=02xdzmrbbyejqyyc;serviceuri=*</Data><Data Name='Type'>0</Data><Data Name='CountOfCredentialsReturned'>0</Data><Data Name='ReadOperation'>%%8100</Data><Data Name='ReturnCode'>3221226021</Data><Data Name='ProcessCreationTime'>2023-06-04T04:50:43.7355543Z</Data><Data Name='ClientProcessId'>11600</Data></EventData></Event>
<Event xmlns='http://schemas.microsoft.com/win/2004/08/events/event'><System><Provider Name='Microsoft-Windows-Security-Auditing' Guid='{54849625-5478-4994-a5ba-3e3b0328c30d}'/><EventID>5379</EventID><Version>0</Version><Level>0</Level><Task>13824</Task><Opcode>0</Opcode><Keywords>0x8020000000000000</Keywords><TimeCreated SystemTime='2023-06-04T04:50:43.7721490Z'/><EventRecordID>506251</EventRecordID><Correlation ActivityID='{0a4ce6a1-9699-0002-39e7-4c0a9996d901}'/><Execution ProcessID='860' ThreadID='10340'/><Channel>Security</Channel><Computer>DESKTOP-1LIHC4I</Computer><Security/></System><EventData><Data Name='SubjectUserSid'>S-1-5-21-2384755564-1941788603-3002086374-1001</Data><Data Name='SubjectUserName'>Louki</Data><Data Name='SubjectDomainName'>DESKTOP-1LIHC4I</Data><Data Name='SubjectLogonId'>0x2d243</Data><Data Name='TargetName'>WindowsLive:(cert):name=02xdzmrbbyejqyyc;serviceuri=*</Data><Data Name='Type'>0</Data><Data Name='CountOfCredentialsReturned'>0</Data><Data Name='ReadOperation'>%%8100</Data><Data Name='ReturnCode'>3221226021</Data><Data Name='ProcessCreationTime'>2023-06-04T04:50:43.7355543Z</Data><Data Name='ClientProcessId'>11600</Data></EventData></Event>
<Event xmlns='http://schemas.microsoft.com/win/2004/08/events/event'><System><Provider Name='Microsoft-Windows-Security-Auditing' Guid='{54849625-5478-4994-a5ba-3e3b0328c30d}'/><EventID>5379</EventID><Version>0</Version><Level>0</Level><Task>13824</Task><Opcode>0</Opcode><Keywords>0x8020000000000000</Keywords><TimeCreated SystemTime='2023-06-04T04:50:43.7722299Z'/><EventRecordID>506252</EventRecordID><Correlation ActivityID='{0a4ce6a1-9699-0002-39e7-4c0a9996d901}'/><Execution ProcessID='860' ThreadID='10340'/><Channel>Security</Channel><Computer>DESKTOP-1LIHC4I</Computer><Security/></System><EventData><Data Name='SubjectUserSid'>S-1-5-21-2384755564-1941788603-3002086374-1001</Data><Data Name='SubjectUserName'>Louki</Data><Data Name='SubjectDomainName'>DESKTOP-1LIHC4I</Data><Data Name='SubjectLogonId'>0x2d243</Data><Data Name='TargetName'>WindowsLive:target=virtualapp/didlogical</Data><Data Name='Type'>0</Data><Data Name='CountOfCredentialsReturned'>1</Data><Data Name='ReadOperation'>%%8100</Data><Data Name='ReturnCode'>0</Data><Data Name='ProcessCreationTime'>2023-06-04T04:50:43.7355543Z</Data><Data Name='ClientProcessId'>11600</Data></EventData></Event>
<Event xmlns='http://schemas.microsoft.com/win/2004/08/events/event'><System><Provider Name='Microsoft-Windows-Security-Auditing' Guid='{54849625-5478-4994-a5ba-3e3b0328c30d}'/><EventID>5379</EventID><Version>0</Version><Level>0</Level><Task>13824</Task><Opcode>0</Opcode><Keywords>0x8020000000000000</Keywords><TimeCreated SystemTime='2023-06-04T04:50:43.7754782Z'/><EventRecordID>506253</EventRecordID><Correlation ActivityID='{0a4ce6a1-9699-0002-39e7-4c0a9996d901}'/><Execution ProcessID='860' ThreadID='10340'/><Channel>Security</Channel><Computer>DESKTOP-1LIHC4I</Computer><Security/></System><EventData><Data Name='SubjectUserSid'>S-1-5-21-2384755564-1941788603-3002086374-1001</Data><Data Name='SubjectUserName'>Louki</Data><Data Name='SubjectDomainName'>DESKTOP-1LIHC4I</Data><Data Name='SubjectLogonId'>0x2d243</Data><Data Name='TargetName'>MicrosoftAccount:user=hieubilam20@gmail.com</Data><Data Name='Type'>0</Data><Data Name='CountOfCredentialsReturned'>1</Data><Data Name='ReadOperation'>%%8100</Data><Data Name='ReturnCode'>0</Data><Data Name='ProcessCreationTime'>2023-06-04T04:50:43.7355543Z</Data><Data Name='ClientProcessId'>11600</Data></EventData></Event>
<Event xmlns='http://schemas.microsoft.com/win/2004/08/events/event'><System><Provider Name='Microsoft-Windows-Security-Auditing' Guid='{54849625-5478-4994-a5ba-3e3b0328c30d}'/><EventID>5379</EventID><Version>0</Version><Level>0</Level><Task>13824</Task><Opcode>0</Opcode><Keywords>0x8020000000000000</Keywords><TimeCreated SystemTime='2023-06-04T04:50:43.7936026Z'/><EventRecordID>506254</EventRecordID><Correlation ActivityID='{0a4ce6a1-9699-0002-39e7-4c0a9996d901}'/><Execution ProcessID='860' ThreadID='10340'/><Channel>Security</Channel><Computer>DESKTOP-1LIHC4I</Computer><Security/></System><EventData><Data Name='SubjectUserSid'>S-1-5-21-2384755564-1941788603-3002086374-1001</Data><Data Name='SubjectUserName'>Louki</Data><Data Name='SubjectDomainName'>DESKTOP-1LIHC4I</Data><Data Name='SubjectLogonId'>0x2d243</Data><Data Name='TargetName'>MicrosoftAccount:user=hieubilam20@gmail.com</Data><Data Name='Type'>0</Data><Data Name='CountOfCredentialsReturned'>1</Data><Data Name='ReadOperation'>%%8100</Data><Data Name='ReturnCode'>0</Data><Data Name='ProcessCreationTime'>2023-06-04T04:50:43.7355543Z</Data><Data Name='ClientProcessId'>11600</Data></EventData></Event>
<Event xmlns='http://schemas.microsoft.com/win/2004/08/events/event'><System><Provider Name='Microsoft-Windows-Security-Auditing' Guid='{54849625-5478-4994-a5ba-3e3b0328c30d}'/><EventID>5379</EventID><Version>0</Version><Level>0</Level><Task>13824</Task><Opcode>0</Opcode><Keywords>0x8020000000000000</Keywords><TimeCreated SystemTime='2023-06-04T04:50:43.7946569Z'/><EventRecordID>506255</EventRecordID><Correlation ActivityID='{0a4ce6a1-9699-0002-39e7-4c0a9996d901}'/><Execution ProcessID='860' ThreadID='10340'/><Channel>Security</Channel><Computer>DESKTOP-1LIHC4I</Computer><Security/></System><EventData><Data Name='SubjectUserSid'>S-1-5-21-2384755564-1941788603-3002086374-1001</Data><Data Name='SubjectUserName'>Louki</Data><Data Name='SubjectDomainName'>DESKTOP-1LIHC4I</Data><Data Name='SubjectLogonId'>0x2d243</Data><Data Name='TargetName'>WindowsLive:(token):name=hieubilam20@gmail.com;serviceuri=*</Data><Data Name='Type'>0</Data><Data Name='CountOfCredentialsReturned'>1</Data><Data Name='ReadOperation'>%%8100</Data><Data Name='ReturnCode'>0</Data><Data Name='ProcessCreationTime'>2023-06-04T04:50:43.7355543Z</Data><Data Name='ClientProcessId'>11600</Data></EventData></Event>
<Event xmlns='http://schemas.microsoft.com/win/2004/08/events/event'><System><Provider Name='Microsoft-Windows-Security-Auditing' Guid='{54849625-5478-4994-a5ba-3e3b0328c30d}'/><EventID>5379</EventID><Version>0</Version><Level>0</Level><Task>13824</Task><Opcode>0</Opcode><Keywords>0x8020000000000000</Keywords><TimeCreated SystemTime='2023-06-04T04:50:43.7949791Z'/><EventRecordID>506256</EventRecordID><Correlation ActivityID='{0a4ce6a1-9699-0002-39e7-4c0a9996d901}'/><Execution ProcessID='860' ThreadID='10340'/><Channel>Security</Channel><Computer>DESKTOP-1LIHC4I</Computer><Security/></System><EventData><Data Name='SubjectUserSid'>S-1-5-21-2384755564-1941788603-3002086374-1001</Data><Data Name='SubjectUserName'>Louki</Data><Data Name='SubjectDomainName'>DESKTOP-1LIHC4I</Data><Data Name='SubjectLogonId'>0x2d243</Data><Data Name='TargetName'>WindowsLive:(cert):name=hieubilam20@gmail.com;serviceuri=*</Data><Data Name='Type'>0</Data><Data Name='CountOfCredentialsReturned'>0</Data><Data Name='ReadOperation'>%%8100</Data><Data Name='ReturnCode'>3221226021</Data><Data Name='ProcessCreationTime'>2023-06-04T04:50:43.7355543Z</Data><Data Name='ClientProcessId'>11600</Data></EventData></Event>
<Event xmlns='http://schemas.microsoft.com/win/2004/08/events/event'><System><Provider Name='Microsoft-Windows-Security-Auditing' Guid='{54849625-5478-4994-a5ba-3e3b0328c30d}'/><EventID>5379</EventID><Version>0</Version><Level>0</Level><Task>13824</Task><Opcode>0</Opcode><Keywords>0x8020000000000000</Keywords><TimeCreated SystemTime='2023-06-04T04:50:46.3490165Z'/><EventRecordID>506257</EventRecordID><Correlation ActivityID='{0a4ce6a1-9699-0002-39e7-4c0a9996d901}'/><Execution ProcessID='860' ThreadID='10340'/><Channel>Security</Channel><Computer>DESKTOP-1LIHC4I</Computer><Security/></System><EventData><Data Name='SubjectUserSid'>S-1-5-21-2384755564-1941788603-3002086374-1001</Data><Data Name='SubjectUserName'>Louki</Data><Data Name='SubjectDomainName'>DESKTOP-1LIHC4I</Data><Data Name='SubjectLogonId'>0x2d243</Data><Data Name='TargetName'>MicrosoftAccount:user=hieubilam20@gmail.com</Data><Data Name='Type'>0</Data><Data Name='CountOfCredentialsReturned'>1</Data><Data Name='ReadOperation'>%%8100</Data><Data Name='ReturnCode'>0</Data><Data Name='ProcessCreationTime'>2023-06-04T04:50:43.7355543Z</Data><Data Name='ClientProcessId'>11600</Data></EventData></Event>
<Event xmlns='http://schemas.microsoft.com/win/2004/08/events/event'><System><Provider Name='Microsoft-Windows-Security-Auditing' Guid='{54849625-5478-4994-a5ba-3e3b0328c30d}'/><EventID>5379</EventID><Version>0</Version><Level>0</Level><Task>13824</Task><Opcode>0</Opcode><Keywords>0x8020000000000000</Keywords><TimeCreated SystemTime='2023-06-04T04:50:46.3492994Z'/><EventRecordID>506258</EventRecordID><Correlation ActivityID='{0a4ce6a1-9699-0002-39e7-4c0a9996d901}'/><Execution ProcessID='860' ThreadID='10340'/><Channel>Security</Channel><Computer>DESKTOP-1LIHC4I</Computer><Security/></System><EventData><Data Name='SubjectUserSid'>S-1-5-21-2384755564-1941788603-3002086374-1001</Data><Data Name='SubjectUserName'>Louki</Data><Data Name='SubjectDomainName'>DESKTOP-1LIHC4I</Data><Data Name='SubjectLogonId'>0x2d243</Data><Data Name='TargetName'>MicrosoftAccount:user=hieubilam20@gmail.com</Data><Data Name='Type'>0</Data><Data Name='CountOfCredentialsReturned'>1</Data><Data Name='ReadOperation'>%%8100</Data><Data Name='ReturnCode'>0</Data><Data Name='ProcessCreationTime'>2023-06-04T04:50:43.7355543Z</Data><Data Name='ClientProcessId'>11600</Data></EventData></Event>
