<Event xmlns='http://schemas.microsoft.com/win/2004/08/events/event'><System><Provider Name='Microsoft-Windows-Security-Auditing' Guid='{54849625-5478-4994-a5ba-3e3b0328c30d}'/><EventID>4798</EventID><Version>0</Version><Level>1</Level><Task>13824</Task><Opcode>0</Opcode><Keywords>0x8020000000000000</Keywords><TimeCreated SystemTime='2023-05-27T11:07:27.0563057Z'/><EventRecordID>470695</EventRecordID><Correlation ActivityID='{b4860852-8edd-0002-c708-86b4dd8ed901}'/><Execution ProcessID='680' ThreadID='844'/><Channel>Security</Channel><Computer>DESKTOP-1LIHC4I</Computer><Security/></System><EventData><Data Name='TargetUserName'>Louki</Data><Data Name='TargetDomainName'>DESKTOP-1LIHC4I</Data><Data Name='TargetSid'>S-1-5-21-2384755564-1941788603-3002086374-1001</Data><Data Name='SubjectUserSid'>S-1-5-21-2384755564-1941788603-3002086374-1001</Data><Data Name='SubjectUserName'>Louki</Data><Data Name='SubjectDomainName'>DESKTOP-1LIHC4I</Data><Data Name='SubjectLogonId'>0x63a1c67</Data><Data Name='CallerProcessId'>0x2b74</Data><Data Name='CallerProcessName'>C:\Program Files\Git\usr\bin\sh.exe</Data></EventData></Event>
<Event xmlns='http://schemas.microsoft.com/win/2004/08/events/event'><System><Provider Name='Microsoft-Windows-Security-Auditing' Guid='{54849625-5478-4994-a5ba-3e3b0328c30d}'/><EventID>5379</EventID><Version>0</Version><Level>2</Level><Task>13824</Task><Opcode>0</Opcode><Keywords>0x8020000000000000</Keywords><TimeCreated SystemTime='2023-05-27T11:07:27.6582237Z'/><EventRecordID>470696</EventRecordID><Correlation ActivityID='{b4860852-8edd-0002-c708-86b4dd8ed901}'/><Execution ProcessID='680' ThreadID='844'/><Channel>Security</Channel><Computer>DESKTOP-1LIHC4I</Computer><Security/></System><EventData><Data Name='SubjectUserSid'>S-1-5-21-2384755564-1941788603-3002086374-1001</Data><Data Name='SubjectUserName'>Louki</Data><Data Name='SubjectDomainName'>DESKTOP-1LIHC4I</Data><Data Name='SubjectLogonId'>0x63a1c67</Data><Data Name='TargetName'></Data><Data Name='Type'>0</Data><Data Name='CountOfCredentialsReturned'>21</Data><Data Name='ReadOperation'>%%8100</Data><Data Name='ReturnCode'>0</Data><Data Name='ProcessCreationTime'>2023-05-27T11:07:27.0925221Z</Data><Data Name='ClientProcessId'>12700</Data></EventData></Event>
<Event xmlns='http://schemas.microsoft.com/win/2004/08/events/event'><System><Provider Name='Microsoft-Windows-Security-Auditing' Guid='{54849625-5478-4994-a5ba-3e3b0328c30d}'/><EventID>4798</EventID><Version>0</Version><Level>3</Level><Task>13824</Task><Opcode>0</Opcode><Keywords>0x8020000000000000</Keywords><TimeCreated SystemTime='2023-05-27T11:07:28.1579346Z'/><EventRecordID>470697</EventRecordID><Correlation ActivityID='{b4860852-8edd-0002-c708-86b4dd8ed901}'/><Execution ProcessID='680' ThreadID='844'/><Channel>Security</Channel><Computer>DESKTOP-1LIHC4I</Computer><Security/></System><EventData><Data Name='TargetUserName'>Louki</Data><Data Name='TargetDomainName'>DESKTOP-1LIHC4I</Data><Data Name='TargetSid'>S-1-5-21-2384755564-1941788603-3002086374-1001</Data><Data Name='SubjectUserSid'>S-1-5-21-2384755564-1941788603-3002086374-1001</Data><Data Name='SubjectUserName'>Louki</Data><Data Name='SubjectDomainName'>DESKTOP-1LIHC4I</Data><Data Name='SubjectLogonId'>0x63a1c67</Data><Data Name='CallerProcessId'>0x17ec</Data><Data Name='CallerProcessName'>C:\Program Files\Git\usr\bin\sh.exe</Data></EventData></Event>
<Event xmlns='http://schemas.microsoft.com/win/2004/08/events/event'><System><Provider Name='Microsoft-Windows-Security-Auditing' Guid='{54849625-5478-4994-a5ba-3e3b0328c30d}'/><EventID>5379</EventID><Version>0</Version><Level>4</Level><Task>13824</Task><Opcode>0</Opcode><Keywords>0x8020000000000000</Keywords><TimeCreated SystemTime='2023-05-27T11:07:28.9117676Z'/><EventRecordID>470698</EventRecordID><Correlation ActivityID='{b4860852-8edd-0002-c708-86b4dd8ed901}'/><Execution ProcessID='680' ThreadID='844'/><Channel>Security</Channel><Computer>DESKTOP-1LIHC4I</Computer><Security/></System><EventData><Data Name='SubjectUserSid'>S-1-5-21-2384755564-1941788603-3002086374-1001</Data><Data Name='SubjectUserName'>Louki</Data><Data Name='SubjectDomainName'>DESKTOP-1LIHC4I</Data><Data Name='SubjectLogonId'>0x63a1c67</Data><Data Name='TargetName'>git:https://github.com</Data><Data Name='Type'>1</Data><Data Name='CountOfCredentialsReturned'>1</Data><Data Name='ReadOperation'>%%8099</Data><Data Name='ReturnCode'>0</Data><Data Name='ProcessCreationTime'>2023-05-27T11:07:28.2430972Z</Data><Data Name='ClientProcessId'>7508</Data></EventData></Event>
<Event xmlns='http://schemas.microsoft.com/win/2004/08/events/event'><System><Provider Name='Microsoft-Windows-Security-Auditing' Guid='{54849625-5478-4994-a5ba-3e3b0328c30d}'/><EventID>4624</EventID><Version>2</Version><Level>5</Level><Task>12544</Task><Opcode>0</Opcode><Keywords>0x8020000000000000</Keywords><TimeCreated SystemTime='2023-05-27T11:09:32.7944486Z'/><EventRecordID>470699</EventRecordID><Correlation ActivityID='{b4860852-8edd-0002-c708-86b4dd8ed901}'/><Execution ProcessID='680' ThreadID='844'/><Channel>Security</Channel><Computer>DESKTOP-1LIHC4I</Computer><Security/></System><EventData><Data Name='SubjectUserSid'>S-1-5-18</Data><Data Name='SubjectUserName'>DESKTOP-1LIHC4I$</Data><Data Name='SubjectDomainName'>WORKGROUP</Data><Data Name='SubjectLogonId'>0x3e7</Data><Data Name='TargetUserSid'>S-1-5-18</Data><Data Name='TargetUserName'>SYSTEM</Data><Data Name='TargetDomainName'>NT AUTHORITY</Data><Data Name='TargetLogonId'>0x3e7</Data><Data Name='LogonType'>5</Data><Data Name='LogonProcessName'>Advapi  </Data><Data Name='AuthenticationPackageName'>Negotiate</Data><Data Name='WorkstationName'>-</Data><Data Name='LogonGuid'>{00000000-0000-0000-0000-000000000000}</Data><Data Name='TransmittedServices'>-</Data><Data Name='LmPackageName'>-</Data><Data Name='KeyLength'>0</Data><Data Name='ProcessId'>0x2c0</Data><Data Name='ProcessName'>C:\Windows\System32\services.exe</Data><Data Name='IpAddress'>-</Data><Data Name='IpPort'>-</Data><Data Name='ImpersonationLevel'>%%1833</Data><Data Name='RestrictedAdminMode'>-</Data><Data Name='TargetOutboundUserName'>-</Data><Data Name='TargetOutboundDomainName'>-</Data><Data Name='VirtualAccount'>%%1843</Data><Data Name='TargetLinkedLogonId'>0x0</Data><Data Name='ElevatedToken'>%%1842</Data></EventData></Event>
<Event xmlns='http://schemas.microsoft.com/win/2004/08/events/event'><System><Provider Name='Microsoft-Windows-Security-Auditing' Guid='{54849625-5478-4994-a5ba-3e3b0328c30d}'/><EventID>4798</EventID><Version>0</Version><Level>0</Level><Task>13824</Task><Opcode>0</Opcode><Keywords>0x8020000000000000</Keywords><TimeCreated SystemTime='2023-05-27T11:10:31.3665217Z'/><EventRecordID>470701</EventRecordID><Correlation ActivityID='{b4860852-8edd-0002-c708-86b4dd8ed901}'/><Execution ProcessID='680' ThreadID='844'/><Channel>Security</Channel><Computer>DESKTOP-1LIHC4I</Computer><Security/></System><EventData><Data Name='TargetUserName'>Louki</Data><Data Name='TargetDomainName'>DESKTOP-1LIHC4I</Data><Data Name='TargetSid'>S-1-5-21-2384755564-1941788603-3002086374-1001</Data><Data Name='SubjectUserSid'>S-1-5-21-2384755564-1941788603-3002086374-1001</Data><Data Name='SubjectUserName'>Louki</Data><Data Name='SubjectDomainName'>DESKTOP-1LIHC4I</Data><Data Name='SubjectLogonId'>0x63a1c67</Data><Data Name='CallerProcessId'>0x33a0</Data><Data Name='CallerProcessName'>C:\Program Files\Git\usr\bin\sh.exe</Data></EventData></Event>
<Event xmlns='http://schemas.microsoft.com/win/2004/08/events/event'><System><Provider Name='Microsoft-Windows-Security-Auditing' Guid='{54849625-5478-4994-a5ba-3e3b0328c30d}'/><EventID>5379</EventID><Version>0</Version><Level>0</Level><Task>13824</Task><Opcode>0</Opcode><Keywords>0x8020000000000000</Keywords><TimeCreated SystemTime='2023-05-27T11:10:32.0709408Z'/><EventRecordID>470702</EventRecordID><Correlation ActivityID='{b4860852-8edd-0002-c708-86b4dd8ed901}'/><Execution ProcessID='680' ThreadID='844'/><Channel>Security</Channel><Computer>DESKTOP-1LIHC4I</Computer><Security/></System><EventData><Data Name='SubjectUserSid'>S-1-5-21-2384755564-1941788603-3002086374-1001</Data><Data Name='SubjectUserName'>Louki</Data><Data Name='SubjectDomainName'>DESKTOP-1LIHC4I</Data><Data Name='SubjectLogonId'>0x63a1c67</Data><Data Name='TargetName'></Data><Data Name='Type'>0</Data><Data Name='CountOfCredentialsReturned'>21</Data><Data Name='ReadOperation'>%%8100</Data><Data Name='ReturnCode'>0</Data><Data Name='ProcessCreationTime'>2023-05-27T11:10:31.4089504Z</Data><Data Name='ClientProcessId'>9528</Data></EventData></Event>
<Event xmlns='http://schemas.microsoft.com/win/2004/08/events/event'><System><Provider Name='Microsoft-Windows-Security-Auditing' Guid='{54849625-5478-4994-a5ba-3e3b0328c30d}'/><EventID>4798</EventID><Version>0</Version><Level>0</Level><Task>13824</Task><Opcode>0</Opcode><Keywords>0x8020000000000000</Keywords><TimeCreated SystemTime='2023-05-27T11:10:32.5682576Z'/><EventRecordID>470703</EventRecordID><Correlation ActivityID='{b4860852-8edd-0002-c708-86b4dd8ed901}'/><Execution ProcessID='680' ThreadID='7584'/><Channel>Security</Channel><Computer>DESKTOP-1LIHC4I</Computer><Security/></System><EventData><Data Name='TargetUserName'>Louki</Data><Data Name='TargetDomainName'>DESKTOP-1LIHC4I</Data><Data Name='TargetSid'>S-1-5-21-2384755564-1941788603-3002086374-1001</Data><Data Name='SubjectUserSid'>S-1-5-21-2384755564-1941788603-3002086374-1001</Data><Data Name='SubjectUserName'>Louki</Data><Data Name='SubjectDomainName'>DESKTOP-1LIHC4I</Data><Data Name='SubjectLogonId'>0x63a1c67</Data><Data Name='CallerProcessId'>0x131c</Data><Data Name='CallerProcessName'>C:\Program Files\Git\usr\bin\sh.exe</Data></EventData></Event>
<Event xmlns='http://schemas.microsoft.com/win/2004/08/events/event'><System><Provider Name='Microsoft-Windows-Security-Auditing' Guid='{54849625-5478-4994-a5ba-3e3b0328c30d}'/><EventID>5379</EventID><Version>0</Version><Level>0</Level><Task>13824</Task><Opcode>0</Opcode><Keywords>0x8020000000000000</Keywords><TimeCreated SystemTime='2023-05-27T11:10:33.5702730Z'/><EventRecordID>470704</EventRecordID><Correlation ActivityID='{b4860852-8edd-0002-c708-86b4dd8ed901}'/><Execution ProcessID='680' ThreadID='7584'/><Channel>Security</Channel><Computer>DESKTOP-1LIHC4I</Computer><Security/></System><EventData><Data Name='SubjectUserSid'>S-1-5-21-2384755564-1941788603-3002086374-1001</Data><Data Name='SubjectUserName'>Louki</Data><Data Name='SubjectDomainName'>DESKTOP-1LIHC4I</Data><Data Name='SubjectLogonId'>0x63a1c67</Data><Data Name='TargetName'>git:https://github.com</Data><Data Name='Type'>1</Data><Data Name='CountOfCredentialsReturned'>1</Data><Data Name='ReadOperation'>%%8099</Data><Data Name='ReturnCode'>0</Data><Data Name='ProcessCreationTime'>2023-05-27T11:10:32.6102281Z</Data><Data Name='ClientProcessId'>9860</Data></EventData></Event>
<Event xmlns='http://schemas.microsoft.com/win/2004/08/events/event'><System><Provider Name='Microsoft-Windows-Security-Auditing' Guid='{54849625-5478-4994-a5ba-3e3b0328c30d}'/><EventID>4798</EventID><Version>0</Version><Level>0</Level><Task>13824</Task><Opcode>0</Opcode><Keywords>0x8020000000000000</Keywords><TimeCreated SystemTime='2023-05-27T11:16:29.8141881Z'/><EventRecordID>470705</EventRecordID><Correlation ActivityID='{b4860852-8edd-0002-c708-86b4dd8ed901}'/><Execution ProcessID='680' ThreadID='844'/><Channel>Security</Channel><Computer>DESKTOP-1LIHC4I</Computer><Security/></System><EventData><Data Name='TargetUserName'>Louki</Data><Data Name='TargetDomainName'>DESKTOP-1LIHC4I</Data><Data Name='TargetSid'>S-1-5-21-2384755564-1941788603-3002086374-1001</Data><Data Name='SubjectUserSid'>S-1-5-21-2384755564-1941788603-3002086374-1001</Data><Data Name='SubjectUserName'>Louki</Data><Data Name='SubjectDomainName'>DESKTOP-1LIHC4I</Data><Data Name='SubjectLogonId'>0x63a1c67</Data><Data Name='CallerProcessId'>0x2b7c</Data><Data Name='CallerProcessName'>C:\Program Files\Git\usr\bin\sh.exe</Data></EventData></Event>
<Event xmlns='http://schemas.microsoft.com/win/2004/08/events/event'><System><Provider Name='Microsoft-Windows-Security-Auditing' Guid='{54849625-5478-4994-a5ba-3e3b0328c30d}'/><EventID>5379</EventID><Version>0</Version><Level>0</Level><Task>13824</Task><Opcode>0</Opcode><Keywords>0x8020000000000000</Keywords><TimeCreated SystemTime='2023-05-27T11:16:30.9288117Z'/><EventRecordID>470706</EventRecordID><Correlation ActivityID='{b4860852-8edd-0002-c708-86b4dd8ed901}'/><Execution ProcessID='680' ThreadID='844'/><Channel>Security</Channel><Computer>DESKTOP-1LIHC4I</Computer><Security/></System><EventData><Data Name='SubjectUserSid'>S-1-5-21-2384755564-1941788603-3002086374-1001</Data><Data Name='SubjectUserName'>Louki</Data><Data Name='SubjectDomainName'>DESKTOP-1LIHC4I</Data><Data Name='SubjectLogonId'>0x63a1c67</Data><Data Name='TargetName'></Data><Data Name='Type'>0</Data><Data Name='CountOfCredentialsReturned'>21</Data><Data Name='ReadOperation'>%%8100</Data><Data Name='ReturnCode'>0</Data><Data Name='ProcessCreationTime'>2023-05-27T11:16:29.8828224Z</Data><Data Name='ClientProcessId'>19040</Data></EventData></Event>
<Event xmlns='http://schemas.microsoft.com/win/2004/08/events/event'><System><Provider Name='Microsoft-Windows-Security-Auditing' Guid='{54849625-5478-4994-a5ba-3e3b0328c30d}'/><EventID>4798</EventID><Version>0</Version><Level>0</Level><Task>13824</Task><Opcode>0</Opcode><Keywords>0x8020000000000000</Keywords><TimeCreated SystemTime='2023-05-27T11:16:31.5148690Z'/><EventRecordID>470707</EventRecordID><Correlation ActivityID='{b4860852-8edd-0002-c708-86b4dd8ed901}'/><Execution ProcessID='680' ThreadID='3308'/><Channel>Security</Channel><Computer>DESKTOP-1LIHC4I</Computer><Security/></System><EventData><Data Name='TargetUserName'>Louki</Data><Data Name='TargetDomainName'>DESKTOP-1LIHC4I</Data><Data Name='TargetSid'>S-1-5-21-2384755564-1941788603-3002086374-1001</Data><Data Name='SubjectUserSid'>S-1-5-21-2384755564-1941788603-3002086374-1001</Data><Data Name='SubjectUserName'>Louki</Data><Data Name='SubjectDomainName'>DESKTOP-1LIHC4I</Data><Data Name='SubjectLogonId'>0x63a1c67</Data><Data Name='CallerProcessId'>0x1a78</Data><Data Name='CallerProcessName'>C:\Program Files\Git\usr\bin\sh.exe</Data></EventData></Event>
<Event xmlns='http://schemas.microsoft.com/win/2004/08/events/event'><System><Provider Name='Microsoft-Windows-Security-Auditing' Guid='{54849625-5478-4994-a5ba-3e3b0328c30d}'/><EventID>5379</EventID><Version>0</Version><Level>0</Level><Task>13824</Task><Opcode>0</Opcode><Keywords>0x8020000000000000</Keywords><TimeCreated SystemTime='2023-05-27T11:16:32.3756034Z'/><EventRecordID>470708</EventRecordID><Correlation ActivityID='{b4860852-8edd-0002-c708-86b4dd8ed901}'/><Execution ProcessID='680' ThreadID='844'/><Channel>Security</Channel><Computer>DESKTOP-1LIHC4I</Computer><Security/></System><EventData><Data Name='SubjectUserSid'>S-1-5-21-2384755564-1941788603-3002086374-1001</Data><Data Name='SubjectUserName'>Louki</Data><Data Name='SubjectDomainName'>DESKTOP-1LIHC4I</Data><Data Name='SubjectLogonId'>0x63a1c67</Data><Data Name='TargetName'>git:https://github.com</Data><Data Name='Type'>1</Data><Data Name='CountOfCredentialsReturned'>1</Data><Data Name='ReadOperation'>%%8099</Data><Data Name='ReturnCode'>0</Data><Data Name='ProcessCreationTime'>2023-05-27T11:16:31.5931991Z</Data><Data Name='ClientProcessId'>6236</Data></EventData></Event>
<Event xmlns='http://schemas.microsoft.com/win/2004/08/events/event'><System><Provider Name='Microsoft-Windows-Security-Auditing' Guid='{54849625-5478-4994-a5ba-3e3b0328c30d}'/><EventID>4798</EventID><Version>0</Version><Level>0</Level><Task>13824</Task><Opcode>0</Opcode><Keywords>0x8020000000000000</Keywords><TimeCreated SystemTime='2023-05-27T11:19:35.8796095Z'/><EventRecordID>470709</EventRecordID><Correlation ActivityID='{b4860852-8edd-0002-c708-86b4dd8ed901}'/><Execution ProcessID='680' ThreadID='844'/><Channel>Security</Channel><Computer>DESKTOP-1LIHC4I</Computer><Security/></System><EventData><Data Name='TargetUserName'>Louki</Data><Data Name='TargetDomainName'>DESKTOP-1LIHC4I</Data><Data Name='TargetSid'>S-1-5-21-2384755564-1941788603-3002086374-1001</Data><Data Name='SubjectUserSid'>S-1-5-21-2384755564-1941788603-3002086374-1001</Data><Data Name='SubjectUserName'>Louki</Data><Data Name='SubjectDomainName'>DESKTOP-1LIHC4I</Data><Data Name='SubjectLogonId'>0x63a1c67</Data><Data Name='CallerProcessId'>0x3918</Data><Data Name='CallerProcessName'>C:\Program Files\Git\usr\bin\sh.exe</Data></EventData></Event>
<Event xmlns='http://schemas.microsoft.com/win/2004/08/events/event'><System><Provider Name='Microsoft-Windows-Security-Auditing' Guid='{54849625-5478-4994-a5ba-3e3b0328c30d}'/><EventID>5379</EventID><Version>0</Version><Level>0</Level><Task>13824</Task><Opcode>0</Opcode><Keywords>0x8020000000000000</Keywords><TimeCreated SystemTime='2023-05-27T11:19:36.4105709Z'/><EventRecordID>470710</EventRecordID><Correlation ActivityID='{b4860852-8edd-0002-c708-86b4dd8ed901}'/><Execution ProcessID='680' ThreadID='844'/><Channel>Security</Channel><Computer>DESKTOP-1LIHC4I</Computer><Security/></System><EventData><Data Name='SubjectUserSid'>S-1-5-21-2384755564-1941788603-3002086374-1001</Data><Data Name='SubjectUserName'>Louki</Data><Data Name='SubjectDomainName'>DESKTOP-1LIHC4I</Data><Data Name='SubjectLogonId'>0x63a1c67</Data><Data Name='TargetName'></Data><Data Name='Type'>0</Data><Data Name='CountOfCredentialsReturned'>21</Data><Data Name='ReadOperation'>%%8100</Data><Data Name='ReturnCode'>0</Data><Data Name='ProcessCreationTime'>2023-05-27T11:19:35.9135609Z</Data><Data Name='ClientProcessId'>10048</Data></EventData></Event>
<Event xmlns='http://schemas.microsoft.com/win/2004/08/events/event'><System><Provider Name='Microsoft-Windows-Security-Auditing' Guid='{54849625-5478-4994-a5ba-3e3b0328c30d}'/><EventID>4798</EventID><Version>0</Version><Level>0</Level><Task>13824</Task><Opcode>0</Opcode><Keywords>0x8020000000000000</Keywords><TimeCreated SystemTime='2023-05-27T11:19:36.9115003Z'/><EventRecordID>470711</EventRecordID><Correlation ActivityID='{b4860852-8edd-0002-c708-86b4dd8ed901}'/><Execution ProcessID='680' ThreadID='19120'/><Channel>Security</Channel><Computer>DESKTOP-1LIHC4I</Computer><Security/></System><EventData><Data Name='TargetUserName'>Louki</Data><Data Name='TargetDomainName'>DESKTOP-1LIHC4I</Data><Data Name='TargetSid'>S-1-5-21-2384755564-1941788603-3002086374-1001</Data><Data Name='SubjectUserSid'>S-1-5-21-2384755564-1941788603-3002086374-1001</Data><Data Name='SubjectUserName'>Louki</Data><Data Name='SubjectDomainName'>DESKTOP-1LIHC4I</Data><Data Name='SubjectLogonId'>0x63a1c67</Data><Data Name='CallerProcessId'>0x4a04</Data><Data Name='CallerProcessName'>C:\Program Files\Git\usr\bin\sh.exe</Data></EventData></Event>
<Event xmlns='http://schemas.microsoft.com/win/2004/08/events/event'><System><Provider Name='Microsoft-Windows-Security-Auditing' Guid='{54849625-5478-4994-a5ba-3e3b0328c30d}'/><EventID>5379</EventID><Version>0</Version><Level>0</Level><Task>13824</Task><Opcode>0</Opcode><Keywords>0x8020000000000000</Keywords><TimeCreated SystemTime='2023-05-27T11:19:37.5278885Z'/><EventRecordID>470712</EventRecordID><Correlation ActivityID='{b4860852-8edd-0002-c708-86b4dd8ed901}'/><Execution ProcessID='680' ThreadID='19120'/><Channel>Security</Channel><Computer>DESKTOP-1LIHC4I</Computer><Security/></System><EventData><Data Name='SubjectUserSid'>S-1-5-21-2384755564-1941788603-3002086374-1001</Data><Data Name='SubjectUserName'>Louki</Data><Data Name='SubjectDomainName'>DESKTOP-1LIHC4I</Data><Data Name='SubjectLogonId'>0x63a1c67</Data><Data Name='TargetName'>git:https://github.com</Data><Data Name='Type'>1</Data><Data Name='CountOfCredentialsReturned'>1</Data><Data Name='ReadOperation'>%%8099</Data><Data Name='ReturnCode'>0</Data><Data Name='ProcessCreationTime'>2023-05-27T11:19:36.9525750Z</Data><Data Name='ClientProcessId'>3792</Data></EventData></Event>
<Event xmlns='http://schemas.microsoft.com/win/2004/08/events/event'><System><Provider Name='Microsoft-Windows-Security-Auditing' Guid='{54849625-5478-4994-a5ba-3e3b0328c30d}'/><EventID>4624</EventID><Version>2</Version><Level>0</Level><Task>12544</Task><Opcode>0</Opcode><Keywords>0x8020000000000000</Keywords><TimeCreated SystemTime='2023-05-27T11:22:02.0629703Z'/><EventRecordID>470713</EventRecordID><Correlation ActivityID='{b4860852-8edd-0002-c708-86b4dd8ed901}'/><Execution ProcessID='680' ThreadID='19120'/><Channel>Security</Channel><Computer>DESKTOP-1LIHC4I</Computer><Security/></System><EventData><Data Name='SubjectUserSid'>S-1-5-18</Data><Data Name='SubjectUserName'>DESKTOP-1LIHC4I$</Data><Data Name='SubjectDomainName'>WORKGROUP</Data><Data Name='SubjectLogonId'>0x3e7</Data><Data Name='TargetUserSid'>S-1-5-18</Data><Data Name='TargetUserName'>SYSTEM</Data><Data Name='TargetDomainName'>NT AUTHORITY</Data><Data Name='TargetLogonId'>0x3e7</Data><Data Name='LogonType'>5</Data><Data Name='LogonProcessName'>Advapi  </Data><Data Name='AuthenticationPackageName'>Negotiate</Data><Data Name='WorkstationName'>-</Data><Data Name='LogonGuid'>{00000000-0000-0000-0000-000000000000}</Data><Data Name='TransmittedServices'>-</Data><Data Name='LmPackageName'>-</Data><Data Name='KeyLength'>0</Data><Data Name='ProcessId'>0x2c0</Data><Data Name='ProcessName'>C:\Windows\System32\services.exe</Data><Data Name='IpAddress'>-</Data><Data Name='IpPort'>-</Data><Data Name='ImpersonationLevel'>%%1833</Data><Data Name='RestrictedAdminMode'>-</Data><Data Name='TargetOutboundUserName'>-</Data><Data Name='TargetOutboundDomainName'>-</Data><Data Name='VirtualAccount'>%%1843</Data><Data Name='TargetLinkedLogonId'>0x0</Data><Data Name='ElevatedToken'>%%1842</Data></EventData></Event>
<Event xmlns='http://schemas.microsoft.com/win/2004/08/events/event'><System><Provider Name='Microsoft-Windows-Security-Auditing' Guid='{54849625-5478-4994-a5ba-3e3b0328c30d}'/><EventID>4798</EventID><Version>0</Version><Level>0</Level><Task>13824</Task><Opcode>0</Opcode><Keywords>0x8020000000000000</Keywords><TimeCreated SystemTime='2023-05-27T11:22:40.2717685Z'/><EventRecordID>470715</EventRecordID><Correlation ActivityID='{b4860852-8edd-0002-c708-86b4dd8ed901}'/><Execution ProcessID='680' ThreadID='7584'/><Channel>Security</Channel><Computer>DESKTOP-1LIHC4I</Computer><Security/></System><EventData><Data Name='TargetUserName'>Louki</Data><Data Name='TargetDomainName'>DESKTOP-1LIHC4I</Data><Data Name='TargetSid'>S-1-5-21-2384755564-1941788603-3002086374-1001</Data><Data Name='SubjectUserSid'>S-1-5-21-2384755564-1941788603-3002086374-1001</Data><Data Name='SubjectUserName'>Louki</Data><Data Name='SubjectDomainName'>DESKTOP-1LIHC4I</Data><Data Name='SubjectLogonId'>0x63a1c67</Data><Data Name='CallerProcessId'>0x4334</Data><Data Name='CallerProcessName'>C:\Program Files\Git\usr\bin\sh.exe</Data></EventData></Event>
<Event xmlns='http://schemas.microsoft.com/win/2004/08/events/event'><System><Provider Name='Microsoft-Windows-Security-Auditing' Guid='{54849625-5478-4994-a5ba-3e3b0328c30d}'/><EventID>5379</EventID><Version>0</Version><Level>0</Level><Task>13824</Task><Opcode>0</Opcode><Keywords>0x8020000000000000</Keywords><TimeCreated SystemTime='2023-05-27T11:22:40.8484889Z'/><EventRecordID>470716</EventRecordID><Correlation ActivityID='{b4860852-8edd-0002-c708-86b4dd8ed901}'/><Execution ProcessID='680' ThreadID='7584'/><Channel>Security</Channel><Computer>DESKTOP-1LIHC4I</Computer><Security/></System><EventData><Data Name='SubjectUserSid'>S-1-5-21-2384755564-1941788603-3002086374-1001</Data><Data Name='SubjectUserName'>Louki</Data><Data Name='SubjectDomainName'>DESKTOP-1LIHC4I</Data><Data Name='SubjectLogonId'>0x63a1c67</Data><Data Name='TargetName'></Data><Data Name='Type'>0</Data><Data Name='CountOfCredentialsReturned'>21</Data><Data Name='ReadOperation'>%%8100</Data><Data Name='ReturnCode'>0</Data><Data Name='ProcessCreationTime'>2023-05-27T11:22:40.3079703Z</Data><Data Name='ClientProcessId'>12648</Data></EventData></Event>
<Event xmlns='http://schemas.microsoft.com/win/2004/08/events/event'><System><Provider Name='Microsoft-Windows-Security-Auditing' Guid='{54849625-5478-4994-a5ba-3e3b0328c30d}'/><EventID>4798</EventID><Version>0</Version><Level>0</Level><Task>13824</Task><Opcode>0</Opcode><Keywords>0x8020000000000000</Keywords><TimeCreated SystemTime='2023-05-27T11:22:41.3509865Z'/><EventRecordID>470717</EventRecordID><Correlation ActivityID='{b4860852-8edd-0002-c708-86b4dd8ed901}'/><Execution ProcessID='680' ThreadID='13004'/><Channel>Security</Channel><Computer>DESKTOP-1LIHC4I</Computer><Security/></System><EventData><Data Name='TargetUserName'>Louki</Data><Data Name='TargetDomainName'>DESKTOP-1LIHC4I</Data><Data Name='TargetSid'>S-1-5-21-2384755564-1941788603-3002086374-1001</Data><Data Name='SubjectUserSid'>S-1-5-21-2384755564-1941788603-3002086374-1001</Data><Data Name='SubjectUserName'>Louki</Data><Data Name='SubjectDomainName'>DESKTOP-1LIHC4I</Data><Data Name='SubjectLogonId'>0x63a1c67</Data><Data Name='CallerProcessId'>0x10fc</Data><Data Name='CallerProcessName'>C:\Program Files\Git\usr\bin\sh.exe</Data></EventData></Event>
<Event xmlns='http://schemas.microsoft.com/win/2004/08/events/event'><System><Provider Name='Microsoft-Windows-Security-Auditing' Guid='{54849625-5478-4994-a5ba-3e3b0328c30d}'/><EventID>5379</EventID><Version>0</Version><Level>0</Level><Task>13824</Task><Opcode>0</Opcode><Keywords>0x8020000000000000</Keywords><TimeCreated SystemTime='2023-05-27T11:22:42.0155987Z'/><EventRecordID>470718</EventRecordID><Correlation ActivityID='{b4860852-8edd-0002-c708-86b4dd8ed901}'/><Execution ProcessID='680' ThreadID='13004'/><Channel>Security</Channel><Computer>DESKTOP-1LIHC4I</Computer><Security/></System><EventData><Data Name='SubjectUserSid'>S-1-5-21-2384755564-1941788603-3002086374-1001</Data><Data Name='SubjectUserName'>Louki</Data><Data Name='SubjectDomainName'>DESKTOP-1LIHC4I</Data><Data Name='SubjectLogonId'>0x63a1c67</Data><Data Name='TargetName'>git:https://github.com</Data><Data Name='Type'>1</Data><Data Name='CountOfCredentialsReturned'>1</Data><Data Name='ReadOperation'>%%8099</Data><Data Name='ReturnCode'>0</Data><Data Name='ProcessCreationTime'>2023-05-27T11:22:41.3989253Z</Data><Data Name='ClientProcessId'>13696</Data></EventData></Event>
<Event xmlns='http://schemas.microsoft.com/win/2004/08/events/event'><System><Provider Name='Microsoft-Windows-Security-Auditing' Guid='{54849625-5478-4994-a5ba-3e3b0328c30d}'/><EventID>4798</EventID><Version>0</Version><Level>0</Level><Task>13824</Task><Opcode>0</Opcode><Keywords>0x8020000000000000</Keywords><TimeCreated SystemTime='2023-05-27T11:25:44.7716642Z'/><EventRecordID>470719</EventRecordID><Correlation ActivityID='{b4860852-8edd-0002-c708-86b4dd8ed901}'/><Execution ProcessID='680' ThreadID='7584'/><Channel>Security</Channel><Computer>DESKTOP-1LIHC4I</Computer><Security/></System><EventData><Data Name='TargetUserName'>Louki</Data><Data Name='TargetDomainName'>DESKTOP-1LIHC4I</Data><Data Name='TargetSid'>S-1-5-21-2384755564-1941788603-3002086374-1001</Data><Data Name='SubjectUserSid'>S-1-5-21-2384755564-1941788603-3002086374-1001</Data><Data Name='SubjectUserName'>Louki</Data><Data Name='SubjectDomainName'>DESKTOP-1LIHC4I</Data><Data Name='SubjectLogonId'>0x63a1c67</Data><Data Name='CallerProcessId'>0x414c</Data><Data Name='CallerProcessName'>C:\Program Files\Git\usr\bin\sh.exe</Data></EventData></Event>
<Event xmlns='http://schemas.microsoft.com/win/2004/08/events/event'><System><Provider Name='Microsoft-Windows-Security-Auditing' Guid='{54849625-5478-4994-a5ba-3e3b0328c30d}'/><EventID>5379</EventID><Version>0</Version><Level>0</Level><Task>13824</Task><Opcode>0</Opcode><Keywords>0x8020000000000000</Keywords><TimeCreated SystemTime='2023-05-27T11:25:45.2929221Z'/><EventRecordID>470720</EventRecordID><Correlation ActivityID='{b4860852-8edd-0002-c708-86b4dd8ed901}'/><Execution ProcessID='680' ThreadID='7584'/><Channel>Security</Channel><Computer>DESKTOP-1LIHC4I</Computer><Security/></System><EventData><Data Name='SubjectUserSid'>S-1-5-21-2384755564-1941788603-3002086374-1001</Data><Data Name='SubjectUserName'>Louki</Data><Data Name='SubjectDomainName'>DESKTOP-1LIHC4I</Data><Data Name='SubjectLogonId'>0x63a1c67</Data><Data Name='TargetName'></Data><Data Name='Type'>0</Data><Data Name='CountOfCredentialsReturned'>21</Data><Data Name='ReadOperation'>%%8100</Data><Data Name='ReturnCode'>0</Data><Data Name='ProcessCreationTime'>2023-05-27T11:25:44.8059896Z</Data><Data Name='ClientProcessId'>18456</Data></EventData></Event>
<Event xmlns='http://schemas.microsoft.com/win/2004/08/events/event'><System><Provider Name='Microsoft-Windows-Security-Auditing' Guid='{54849625-5478-4994-a5ba-3e3b0328c30d}'/><EventID>4798</EventID><Version>0</Version><Level>0</Level><Task>13824</Task><Opcode>0</Opcode><Keywords>0x8020000000000000</Keywords><TimeCreated SystemTime='2023-05-27T11:25:45.7740835Z'/><EventRecordID>470721</EventRecordID><Correlation ActivityID='{b4860852-8edd-0002-c708-86b4dd8ed901}'/><Execution ProcessID='680' ThreadID='14088'/><Channel>Security</Channel><Computer>DESKTOP-1LIHC4I</Computer><Security/></System><EventData><Data Name='TargetUserName'>Louki</Data><Data Name='TargetDomainName'>DESKTOP-1LIHC4I</Data><Data Name='TargetSid'>S-1-5-21-2384755564-1941788603-3002086374-1001</Data><Data Name='SubjectUserSid'>S-1-5-21-2384755564-1941788603-3002086374-1001</Data><Data Name='SubjectUserName'>Louki</Data><Data Name='SubjectDomainName'>DESKTOP-1LIHC4I</Data><Data Name='SubjectLogonId'>0x63a1c67</Data><Data Name='CallerProcessId'>0x24f0</Data><Data Name='CallerProcessName'>C:\Program Files\Git\usr\bin\sh.exe</Data></EventData></Event>
<Event xmlns='http://schemas.microsoft.com/win/2004/08/events/event'><System><Provider Name='Microsoft-Windows-Security-Auditing' Guid='{54849625-5478-4994-a5ba-3e3b0328c30d}'/><EventID>5379</EventID><Version>0</Version><Level>0</Level><Task>13824</Task><Opcode>0</Opcode><Keywords>0x8020000000000000</Keywords><TimeCreated SystemTime='2023-05-27T11:25:46.3673303Z'/><EventRecordID>470722</EventRecordID><Correlation ActivityID='{b4860852-8edd-0002-c708-86b4dd8ed901}'/><Execution ProcessID='680' ThreadID='14088'/><Channel>Security</Channel><Computer>DESKTOP-1LIHC4I</Computer><Security/></System><EventData><Data Name='SubjectUserSid'>S-1-5-21-2384755564-1941788603-3002086374-1001</Data><Data Name='SubjectUserName'>Louki</Data><Data Name='SubjectDomainName'>DESKTOP-1LIHC4I</Data><Data Name='SubjectLogonId'>0x63a1c67</Data><Data Name='TargetName'>git:https://github.com</Data><Data Name='Type'>1</Data><Data Name='CountOfCredentialsReturned'>1</Data><Data Name='ReadOperation'>%%8099</Data><Data Name='ReturnCode'>0</Data><Data Name='ProcessCreationTime'>2023-05-27T11:25:45.8170249Z</Data><Data Name='ClientProcessId'>17716</Data></EventData></Event>
<Event xmlns='http://schemas.microsoft.com/win/2004/08/events/event'><System><Provider Name='Microsoft-Windows-Security-Auditing' Guid='{54849625-5478-4994-a5ba-3e3b0328c30d}'/><EventID>4798</EventID><Version>0</Version><Level>0</Level><Task>13824</Task><Opcode>0</Opcode><Keywords>0x8020000000000000</Keywords><TimeCreated SystemTime='2023-05-27T11:28:49.1017025Z'/><EventRecordID>470723</EventRecordID><Correlation ActivityID='{b4860852-8edd-0002-c708-86b4dd8ed901}'/><Execution ProcessID='680' ThreadID='844'/><Channel>Security</Channel><Computer>DESKTOP-1LIHC4I</Computer><Security/></System><EventData><Data Name='TargetUserName'>Louki</Data><Data Name='TargetDomainName'>DESKTOP-1LIHC4I</Data><Data Name='TargetSid'>S-1-5-21-2384755564-1941788603-3002086374-1001</Data><Data Name='SubjectUserSid'>S-1-5-21-2384755564-1941788603-3002086374-1001</Data><Data Name='SubjectUserName'>Louki</Data><Data Name='SubjectDomainName'>DESKTOP-1LIHC4I</Data><Data Name='SubjectLogonId'>0x63a1c67</Data><Data Name='CallerProcessId'>0x223c</Data><Data Name='CallerProcessName'>C:\Program Files\Git\usr\bin\sh.exe</Data></EventData></Event>
<Event xmlns='http://schemas.microsoft.com/win/2004/08/events/event'><System><Provider Name='Microsoft-Windows-Security-Auditing' Guid='{54849625-5478-4994-a5ba-3e3b0328c30d}'/><EventID>5379</EventID><Version>0</Version><Level>0</Level><Task>13824</Task><Opcode>0</Opcode><Keywords>0x8020000000000000</Keywords><TimeCreated SystemTime='2023-05-27T11:28:49.6271531Z'/><EventRecordID>470724</EventRecordID><Correlation ActivityID='{b4860852-8edd-0002-c708-86b4dd8ed901}'/><Execution ProcessID='680' ThreadID='844'/><Channel>Security</Channel><Computer>DESKTOP-1LIHC4I</Computer><Security/></System><EventData><Data Name='SubjectUserSid'>S-1-5-21-2384755564-1941788603-3002086374-1001</Data><Data Name='SubjectUserName'>Louki</Data><Data Name='SubjectDomainName'>DESKTOP-1LIHC4I</Data><Data Name='SubjectLogonId'>0x63a1c67</Data><Data Name='TargetName'></Data><Data Name='Type'>0</Data><Data Name='CountOfCredentialsReturned'>21</Data><Data Name='ReadOperation'>%%8100</Data><Data Name='ReturnCode'>0</Data><Data Name='ProcessCreationTime'>2023-05-27T11:28:49.1363947Z</Data><Data Name='ClientProcessId'>16040</Data></EventData></Event>
<Event xmlns='http://schemas.microsoft.com/win/2004/08/events/event'><System><Provider Name='Microsoft-Windows-Security-Auditing' Guid='{54849625-5478-4994-a5ba-3e3b0328c30d}'/><EventID>4798</EventID><Version>0</Version><Level>0</Level><Task>13824</Task><Opcode>0</Opcode><Keywords>0x8020000000000000</Keywords><TimeCreated SystemTime='2023-05-27T11:28:50.1065413Z'/><EventRecordID>470725</EventRecordID><Correlation ActivityID='{b4860852-8edd-0002-c708-86b4dd8ed901}'/><Execution ProcessID='680' ThreadID='7584'/><Channel>Security</Channel><Computer>DESKTOP-1LIHC4I</Computer><Security/></System><EventData><Data Name='TargetUserName'>Louki</Data><Data Name='TargetDomainName'>DESKTOP-1LIHC4I</Data><Data Name='TargetSid'>S-1-5-21-2384755564-1941788603-3002086374-1001</Data><Data Name='SubjectUserSid'>S-1-5-21-2384755564-1941788603-3002086374-1001</Data><Data Name='SubjectUserName'>Louki</Data><Data Name='SubjectDomainName'>DESKTOP-1LIHC4I</Data><Data Name='SubjectLogonId'>0x63a1c67</Data><Data Name='CallerProcessId'>0x1694</Data><Data Name='CallerProcessName'>C:\Program Files\Git\usr\bin\sh.exe</Data></EventData></Event>
<Event xmlns='http://schemas.microsoft.com/win/2004/08/events/event'><System><Provider Name='Microsoft-Windows-Security-Auditing' Guid='{54849625-5478-4994-a5ba-3e3b0328c30d}'/><EventID>5379</EventID><Version>0</Version><Level>0</Level><Task>13824</Task><Opcode>0</Opcode><Keywords>0x8020000000000000</Keywords><TimeCreated SystemTime='2023-05-27T11:28:50.7438301Z'/><EventRecordID>470726</EventRecordID><Correlation ActivityID='{b4860852-8edd-0002-c708-86b4dd8ed901}'/><Execution ProcessID='680' ThreadID='7584'/><Channel>Security</Channel><Computer>DESKTOP-1LIHC4I</Computer><Security/></System><EventData><Data Name='SubjectUserSid'>S-1-5-21-2384755564-1941788603-3002086374-1001</Data><Data Name='SubjectUserName'>Louki</Data><Data Name='SubjectDomainName'>DESKTOP-1LIHC4I</Data><Data Name='SubjectLogonId'>0x63a1c67</Data><Data Name='TargetName'>git:https://github.com</Data><Data Name='Type'>1</Data><Data Name='CountOfCredentialsReturned'>1</Data><Data Name='ReadOperation'>%%8099</Data><Data Name='ReturnCode'>0</Data><Data Name='ProcessCreationTime'>2023-05-27T11:28:50.1541221Z</Data><Data Name='ClientProcessId'>15540</Data></EventData></Event>
<Event xmlns='http://schemas.microsoft.com/win/2004/08/events/event'><System><Provider Name='Microsoft-Windows-Security-Auditing' Guid='{54849625-5478-4994-a5ba-3e3b0328c30d}'/><EventID>4798</EventID><Version>0</Version><Level>0</Level><Task>13824</Task><Opcode>0</Opcode><Keywords>0x8020000000000000</Keywords><TimeCreated SystemTime='2023-05-27T11:31:53.0789591Z'/><EventRecordID>470727</EventRecordID><Correlation ActivityID='{b4860852-8edd-0002-c708-86b4dd8ed901}'/><Execution ProcessID='680' ThreadID='7584'/><Channel>Security</Channel><Computer>DESKTOP-1LIHC4I</Computer><Security/></System><EventData><Data Name='TargetUserName'>Louki</Data><Data Name='TargetDomainName'>DESKTOP-1LIHC4I</Data><Data Name='TargetSid'>S-1-5-21-2384755564-1941788603-3002086374-1001</Data><Data Name='SubjectUserSid'>S-1-5-21-2384755564-1941788603-3002086374-1001</Data><Data Name='SubjectUserName'>Louki</Data><Data Name='SubjectDomainName'>DESKTOP-1LIHC4I</Data><Data Name='SubjectLogonId'>0x63a1c67</Data><Data Name='CallerProcessId'>0x46e4</Data><Data Name='CallerProcessName'>C:\Program Files\Git\usr\bin\sh.exe</Data></EventData></Event>
<Event xmlns='http://schemas.microsoft.com/win/2004/08/events/event'><System><Provider Name='Microsoft-Windows-Security-Auditing' Guid='{54849625-5478-4994-a5ba-3e3b0328c30d}'/><EventID>5379</EventID><Version>0</Version><Level>0</Level><Task>13824</Task><Opcode>0</Opcode><Keywords>0x8020000000000000</Keywords><TimeCreated SystemTime='2023-05-27T11:31:54.0651848Z'/><EventRecordID>470728</EventRecordID><Correlation ActivityID='{b4860852-8edd-0002-c708-86b4dd8ed901}'/><Execution ProcessID='680' ThreadID='7584'/><Channel>Security</Channel><Computer>DESKTOP-1LIHC4I</Computer><Security/></System><EventData><Data Name='SubjectUserSid'>S-1-5-21-2384755564-1941788603-3002086374-1001</Data><Data Name='SubjectUserName'>Louki</Data><Data Name='SubjectDomainName'>DESKTOP-1LIHC4I</Data><Data Name='SubjectLogonId'>0x63a1c67</Data><Data Name='TargetName'></Data><Data Name='Type'>0</Data><Data Name='CountOfCredentialsReturned'>21</Data><Data Name='ReadOperation'>%%8100</Data><Data Name='ReturnCode'>0</Data><Data Name='ProcessCreationTime'>2023-05-27T11:31:53.1450328Z</Data><Data Name='ClientProcessId'>1656</Data></EventData></Event>
<Event xmlns='http://schemas.microsoft.com/win/2004/08/events/event'><System><Provider Name='Microsoft-Windows-Security-Auditing' Guid='{54849625-5478-4994-a5ba-3e3b0328c30d}'/><EventID>4798</EventID><Version>0</Version><Level>0</Level><Task>13824</Task><Opcode>0</Opcode><Keywords>0x8020000000000000</Keywords><TimeCreated SystemTime='2023-05-27T11:31:54.5982612Z'/><EventRecordID>470729</EventRecordID><Correlation ActivityID='{b4860852-8edd-0002-c708-86b4dd8ed901}'/><Execution ProcessID='680' ThreadID='17716'/><Channel>Security</Channel><Computer>DESKTOP-1LIHC4I</Computer><Security/></System><EventData><Data Name='TargetUserName'>Louki</Data><Data Name='TargetDomainName'>DESKTOP-1LIHC4I</Data><Data Name='TargetSid'>S-1-5-21-2384755564-1941788603-3002086374-1001</Data><Data Name='SubjectUserSid'>S-1-5-21-2384755564-1941788603-3002086374-1001</Data><Data Name='SubjectUserName'>Louki</Data><Data Name='SubjectDomainName'>DESKTOP-1LIHC4I</Data><Data Name='SubjectLogonId'>0x63a1c67</Data><Data Name='CallerProcessId'>0x1778</Data><Data Name='CallerProcessName'>C:\Program Files\Git\usr\bin\sh.exe</Data></EventData></Event>
<Event xmlns='http://schemas.microsoft.com/win/2004/08/events/event'><System><Provider Name='Microsoft-Windows-Security-Auditing' Guid='{54849625-5478-4994-a5ba-3e3b0328c30d}'/><EventID>5379</EventID><Version>0</Version><Level>0</Level><Task>13824</Task><Opcode>0</Opcode><Keywords>0x8020000000000000</Keywords><TimeCreated SystemTime='2023-05-27T11:31:55.2537826Z'/><EventRecordID>470730</EventRecordID><Correlation ActivityID='{b4860852-8edd-0002-c708-86b4dd8ed901}'/><Execution ProcessID='680' ThreadID='17716'/><Channel>Security</Channel><Computer>DESKTOP-1LIHC4I</Computer><Security/></System><EventData><Data Name='SubjectUserSid'>S-1-5-21-2384755564-1941788603-3002086374-1001</Data><Data Name='SubjectUserName'>Louki</Data><Data Name='SubjectDomainName'>DESKTOP-1LIHC4I</Data><Data Name='SubjectLogonId'>0x63a1c67</Data><Data Name='TargetName'>git:https://github.com</Data><Data Name='Type'>1</Data><Data Name='CountOfCredentialsReturned'>1</Data><Data Name='ReadOperation'>%%8099</Data><Data Name='ReturnCode'>0</Data><Data Name='ProcessCreationTime'>2023-05-27T11:31:54.6371150Z</Data><Data Name='ClientProcessId'>16676</Data></EventData></Event>
<Event xmlns='http://schemas.microsoft.com/win/2004/08/events/event'><System><Provider Name='Microsoft-Windows-Security-Auditing' Guid='{54849625-5478-4994-a5ba-3e3b0328c30d}'/><EventID>4624</EventID><Version>2</Version><Level>0</Level><Task>12544</Task><Opcode>0</Opcode><Keywords>0x8020000000000000</Keywords><TimeCreated SystemTime='2023-05-27T11:33:02.5151512Z'/><EventRecordID>470731</EventRecordID><Correlation ActivityID='{b4860852-8edd-0002-c708-86b4dd8ed901}'/><Execution ProcessID='680' ThreadID='844'/><Channel>Security</Channel><Computer>DESKTOP-1LIHC4I</Computer><Security/></System><EventData><Data Name='SubjectUserSid'>S-1-5-18</Data><Data Name='SubjectUserName'>DESKTOP-1LIHC4I$</Data><Data Name='SubjectDomainName'>WORKGROUP</Data><Data Name='SubjectLogonId'>0x3e7</Data><Data Name='TargetUserSid'>S-1-5-18</Data><Data Name='TargetUserName'>SYSTEM</Data><Data Name='TargetDomainName'>NT AUTHORITY</Data><Data Name='TargetLogonId'>0x3e7</Data><Data Name='LogonType'>5</Data><Data Name='LogonProcessName'>Advapi  </Data><Data Name='AuthenticationPackageName'>Negotiate</Data><Data Name='WorkstationName'>-</Data><Data Name='LogonGuid'>{00000000-0000-0000-0000-000000000000}</Data><Data Name='TransmittedServices'>-</Data><Data Name='LmPackageName'>-</Data><Data Name='KeyLength'>0</Data><Data Name='ProcessId'>0x2c0</Data><Data Name='ProcessName'>C:\Windows\System32\services.exe</Data><Data Name='IpAddress'>-</Data><Data Name='IpPort'>-</Data><Data Name='ImpersonationLevel'>%%1833</Data><Data Name='RestrictedAdminMode'>-</Data><Data Name='TargetOutboundUserName'>-</Data><Data Name='TargetOutboundDomainName'>-</Data><Data Name='VirtualAccount'>%%1843</Data><Data Name='TargetLinkedLogonId'>0x0</Data><Data Name='ElevatedToken'>%%1842</Data></EventData></Event>
<Event xmlns='http://schemas.microsoft.com/win/2004/08/events/event'><System><Provider Name='Microsoft-Windows-Security-Auditing' Guid='{54849625-5478-4994-a5ba-3e3b0328c30d}'/><EventID>4798</EventID><Version>0</Version><Level>0</Level><Task>13824</Task><Opcode>0</Opcode><Keywords>0x8020000000000000</Keywords><TimeCreated SystemTime='2023-05-28T01:00:07.7299546Z'/><EventRecordID>472394</EventRecordID><Correlation ActivityID='{b4860852-8edd-0002-c708-86b4dd8ed901}'/><Execution ProcessID='680' ThreadID='5744'/><Channel>Security</Channel><Computer>DESKTOP-1LIHC4I</Computer><Security/></System><EventData><Data Name='TargetUserName'>Louki</Data><Data Name='TargetDomainName'>DESKTOP-1LIHC4I</Data><Data Name='TargetSid'>S-1-5-21-2384755564-1941788603-3002086374-1001</Data><Data Name='SubjectUserSid'>S-1-5-21-2384755564-1941788603-3002086374-1001</Data><Data Name='SubjectUserName'>Louki</Data><Data Name='SubjectDomainName'>DESKTOP-1LIHC4I</Data><Data Name='SubjectLogonId'>0x7dd2b7c</Data><Data Name='CallerProcessId'>0x4680</Data><Data Name='CallerProcessName'>C:\Program Files\Git\usr\bin\sh.exe</Data></EventData></Event>
<Event xmlns='http://schemas.microsoft.com/win/2004/08/events/event'><System><Provider Name='Microsoft-Windows-Security-Auditing' Guid='{54849625-5478-4994-a5ba-3e3b0328c30d}'/><EventID>5379</EventID><Version>0</Version><Level>0</Level><Task>13824</Task><Opcode>0</Opcode><Keywords>0x8020000000000000</Keywords><TimeCreated SystemTime='2023-05-28T01:00:08.2787678Z'/><EventRecordID>472395</EventRecordID><Correlation ActivityID='{b4860852-8edd-0002-c708-86b4dd8ed901}'/><Execution ProcessID='680' ThreadID='5744'/><Channel>Security</Channel><Computer>DESKTOP-1LIHC4I</Computer><Security/></System><EventData><Data Name='SubjectUserSid'>S-1-5-21-2384755564-1941788603-3002086374-1001</Data><Data Name='SubjectUserName'>Louki</Data><Data Name='SubjectDomainName'>DESKTOP-1LIHC4I</Data><Data Name='SubjectLogonId'>0x7dd2b7c</Data><Data Name='TargetName'></Data><Data Name='Type'>0</Data><Data Name='CountOfCredentialsReturned'>18</Data><Data Name='ReadOperation'>%%8100</Data><Data Name='ReturnCode'>0</Data><Data Name='ProcessCreationTime'>2023-05-28T01:00:07.7646824Z</Data><Data Name='ClientProcessId'>16740</Data></EventData></Event>
<Event xmlns='http://schemas.microsoft.com/win/2004/08/events/event'><System><Provider Name='Microsoft-Windows-Security-Auditing' Guid='{54849625-5478-4994-a5ba-3e3b0328c30d}'/><EventID>4798</EventID><Version>0</Version><Level>0</Level><Task>13824</Task><Opcode>0</Opcode><Keywords>0x8020000000000000</Keywords><TimeCreated SystemTime='2023-05-28T01:00:08.7904749Z'/><EventRecordID>472396</EventRecordID><Correlation ActivityID='{b4860852-8edd-0002-c708-86b4dd8ed901}'/><Execution ProcessID='680' ThreadID='5744'/><Channel>Security</Channel><Computer>DESKTOP-1LIHC4I</Computer><Security/></System><EventData><Data Name='TargetUserName'>Louki</Data><Data Name='TargetDomainName'>DESKTOP-1LIHC4I</Data><Data Name='TargetSid'>S-1-5-21-2384755564-1941788603-3002086374-1001</Data><Data Name='SubjectUserSid'>S-1-5-21-2384755564-1941788603-3002086374-1001</Data><Data Name='SubjectUserName'>Louki</Data><Data Name='SubjectDomainName'>DESKTOP-1LIHC4I</Data><Data Name='SubjectLogonId'>0x7dd2b7c</Data><Data Name='CallerProcessId'>0x30a4</Data><Data Name='CallerProcessName'>C:\Program Files\Git\usr\bin\sh.exe</Data></EventData></Event>
<Event xmlns='http://schemas.microsoft.com/win/2004/08/events/event'><System><Provider Name='Microsoft-Windows-Security-Auditing' Guid='{54849625-5478-4994-a5ba-3e3b0328c30d}'/><EventID>5379</EventID><Version>0</Version><Level>0</Level><Task>13824</Task><Opcode>0</Opcode><Keywords>0x8020000000000000</Keywords><TimeCreated SystemTime='2023-05-28T01:00:09.3792934Z'/><EventRecordID>472397</EventRecordID><Correlation ActivityID='{b4860852-8edd-0002-c708-86b4dd8ed901}'/><Execution ProcessID='680' ThreadID='5744'/><Channel>Security</Channel><Computer>DESKTOP-1LIHC4I</Computer><Security/></System><EventData><Data Name='SubjectUserSid'>S-1-5-21-2384755564-1941788603-3002086374-1001</Data><Data Name='SubjectUserName'>Louki</Data><Data Name='SubjectDomainName'>DESKTOP-1LIHC4I</Data><Data Name='SubjectLogonId'>0x7dd2b7c</Data><Data Name='TargetName'>git:https://github.com</Data><Data Name='Type'>1</Data><Data Name='CountOfCredentialsReturned'>1</Data><Data Name='ReadOperation'>%%8099</Data><Data Name='ReturnCode'>0</Data><Data Name='ProcessCreationTime'>2023-05-28T01:00:08.8386676Z</Data><Data Name='ClientProcessId'>2200</Data></EventData></Event>
<Event xmlns='http://schemas.microsoft.com/win/2004/08/events/event'><System><Provider Name='Microsoft-Windows-Security-Auditing' Guid='{54849625-5478-4994-a5ba-3e3b0328c30d}'/><EventID>4624</EventID><Version>2</Version><Level>0</Level><Task>12544</Task><Opcode>0</Opcode><Keywords>0x8020000000000000</Keywords><TimeCreated SystemTime='2023-05-28T01:02:07.5213884Z'/><EventRecordID>472398</EventRecordID><Correlation ActivityID='{b4860852-8edd-0002-c708-86b4dd8ed901}'/><Execution ProcessID='680' ThreadID='5744'/><Channel>Security</Channel><Computer>DESKTOP-1LIHC4I</Computer><Security/></System><EventData><Data Name='SubjectUserSid'>S-1-5-18</Data><Data Name='SubjectUserName'>DESKTOP-1LIHC4I$</Data><Data Name='SubjectDomainName'>WORKGROUP</Data><Data Name='SubjectLogonId'>0x3e7</Data><Data Name='TargetUserSid'>S-1-5-18</Data><Data Name='TargetUserName'>SYSTEM</Data><Data Name='TargetDomainName'>NT AUTHORITY</Data><Data Name='TargetLogonId'>0x3e7</Data><Data Name='LogonType'>5</Data><Data Name='LogonProcessName'>Advapi  </Data><Data Name='AuthenticationPackageName'>Negotiate</Data><Data Name='WorkstationName'>-</Data><Data Name='LogonGuid'>{00000000-0000-0000-0000-000000000000}</Data><Data Name='TransmittedServices'>-</Data><Data Name='LmPackageName'>-</Data><Data Name='KeyLength'>0</Data><Data Name='ProcessId'>0x2c0</Data><Data Name='ProcessName'>C:\Windows\System32\services.exe</Data><Data Name='IpAddress'>-</Data><Data Name='IpPort'>-</Data><Data Name='ImpersonationLevel'>%%1833</Data><Data Name='RestrictedAdminMode'>-</Data><Data Name='TargetOutboundUserName'>-</Data><Data Name='TargetOutboundDomainName'>-</Data><Data Name='VirtualAccount'>%%1843</Data><Data Name='TargetLinkedLogonId'>0x0</Data><Data Name='ElevatedToken'>%%1842</Data></EventData></Event>
<Event xmlns='http://schemas.microsoft.com/win/2004/08/events/event'><System><Provider Name='Microsoft-Windows-Security-Auditing' Guid='{54849625-5478-4994-a5ba-3e3b0328c30d}'/><EventID>4672</EventID><Version>0</Version><Level>0</Level><Task>12548</Task><Opcode>0</Opcode><Keywords>0x8020000000000000</Keywords><TimeCreated SystemTime='2023-05-28T01:02:07.5213939Z'/><EventRecordID>472399</EventRecordID><Correlation ActivityID='{b4860852-8edd-0002-c708-86b4dd8ed901}'/><Execution ProcessID='680' ThreadID='5744'/><Channel>Security</Channel><Computer>DESKTOP-1LIHC4I</Computer><Security/></System><EventData><Data Name='SubjectUserSid'>S-1-5-18</Data><Data Name='SubjectUserName'>SYSTEM</Data><Data Name='SubjectDomainName'>NT AUTHORITY</Data><Data Name='SubjectLogonId'>0x3e7</Data><Data Name='PrivilegeList'>SeAssignPrimaryTokenPrivilege SeTcbPrivilege SeSecurityPrivilege SeTakeOwnershipPrivilege SeLoadDriverPrivilege SeBackupPrivilege SeRestorePrivilege SeDebugPrivilege SeAuditPrivilege SeSystemEnvironmentPrivilege SeImpersonatePrivilege SeDelegateSessionUserImpersonatePrivilege</Data></EventData></Event>
